Log file open, 11/29/18 22:10:39
LogWindows: Failed to load 'aqProf.dll' (GetLastError=126)
LogWindows: File 'aqProf.dll' does not exist
LogWindows: Failed to load 'VtuneApi.dll' (GetLastError=126)
LogWindows: File 'VtuneApi.dll' does not exist
LogWindows: Failed to load 'VtuneApi32e.dll' (GetLastError=126)
LogWindows: File 'VtuneApi32e.dll' does not exist
LogConsoleResponse: Display: Failed to find resolution value strings in scalability ini. Falling back to default.
LogInit: Display: Running engine for game: Battle_Tank
LogPakFile: Registered encryption key '00000000000000000000000000000000': 0 pak files mounted, 0 remain pending
LogPlatformFile: Not using cached read wrapper
LogTaskGraph: Started task graph with 5 named threads and 14 total threads with 3 sets of task threads.
LogStats: Stats thread started at 0.193146
LogD3D11RHI: Loaded GFSDK_Aftermath_Lib.x64.dll
LogICUInternationalization: ICU TimeZone Detection - Raw Offset: +1:00, Platform Override: ''
LogPluginManager: Mounting plugin Paper2D
LogPluginManager: Mounting plugin AISupport
LogPluginManager: Mounting plugin LightPropagationVolume
LogPluginManager: Mounting plugin ActorLayerUtilities
LogPluginManager: Mounting plugin CLionSourceCodeAccess
LogPluginManager: Mounting plugin CodeLiteSourceCodeAccess
LogPluginManager: Mounting plugin GitSourceControl
LogPluginManager: Mounting plugin KDevelopSourceCodeAccess
LogPluginManager: Mounting plugin NullSourceCodeAccess
LogPluginManager: Mounting plugin PerforceSourceControl
LogPluginManager: Mounting plugin SubversionSourceControl
LogPluginManager: Mounting plugin UObjectPlugin
LogPluginManager: Mounting plugin VisualStudioCodeSourceCodeAccess
LogPluginManager: Mounting plugin VisualStudioSourceCodeAccess
LogPluginManager: Mounting plugin XCodeSourceCodeAccess
LogPluginManager: Mounting plugin AssetManagerEditor
LogPluginManager: Mounting plugin CryptoKeys
LogPluginManager: Mounting plugin DataValidation
LogPluginManager: Mounting plugin FacialAnimation
LogPluginManager: Mounting plugin GameplayTagsEditor
LogPluginManager: Mounting plugin MacGraphicsSwitching
LogPluginManager: Mounting plugin MeshEditor
LogPluginManager: Mounting plugin MobileLauncherProfileWizard
LogPluginManager: Mounting plugin PluginBrowser
LogPluginManager: Mounting plugin SpeedTreeImporter
LogPluginManager: Mounting plugin DatasmithContent
LogPluginManager: Mounting plugin VariantManagerContent
LogPluginManager: Mounting plugin AlembicImporter
LogPluginManager: Mounting plugin AppleImageUtils
LogPluginManager: Mounting plugin AppleVision
LogPluginManager: Mounting plugin BackChannel
LogPluginManager: Mounting plugin CharacterAI
LogPluginManager: Mounting plugin GeometryCache
LogPluginManager: Mounting plugin HTML5Networking
LogPluginManager: Mounting plugin ProxyLODPlugin
LogPluginManager: Mounting plugin MagicLeap
LogPluginManager: Mounting plugin MagicLeapMedia
LogPluginManager: Mounting plugin AndroidMedia
LogPluginManager: Mounting plugin AvfMedia
LogPluginManager: Mounting plugin ImgMedia
LogPluginManager: Mounting plugin LinearTimecode
LogPluginManager: Mounting plugin MediaCompositing
LogPluginManager: Mounting plugin MediaPlayerEditor
LogPluginManager: Mounting plugin WebMMedia
LogPluginManager: Mounting plugin WmfMedia
LogPluginManager: Mounting plugin TcpMessaging
LogPluginManager: Mounting plugin UdpMessaging
LogPluginManager: Mounting plugin ActorSequence
LogPluginManager: Mounting plugin LevelSequenceEditor
LogPluginManager: Mounting plugin MatineeToLevelSequence
LogPluginManager: Mounting plugin NetcodeUnitTest
LogPluginManager: Mounting plugin NUTUnrealEngine4
LogPluginManager: Mounting plugin OnlineSubsystemGooglePlay
LogPluginManager: Mounting plugin OnlineSubsystemIOS
LogPluginManager: Mounting plugin OnlineSubsystem
LogPluginManager: Mounting plugin OnlineSubsystemNull
LogPluginManager: Mounting plugin OnlineSubsystemUtils
LogPluginManager: Mounting plugin LauncherChunkInstaller
LogPluginManager: Mounting plugin AndroidDeviceProfileSelector
LogPluginManager: Mounting plugin AndroidMoviePlayer
LogPluginManager: Mounting plugin AndroidPermission
LogPluginManager: Mounting plugin AppleMoviePlayer
LogPluginManager: Mounting plugin ArchVisCharacter
LogPluginManager: Mounting plugin AudioCapture
LogPluginManager: Mounting plugin CableComponent
LogPluginManager: Mounting plugin CustomMeshComponent
LogPluginManager: Mounting plugin EditableMesh
LogPluginManager: Mounting plugin ExampleDeviceProfileSelector
LogPluginManager: Mounting plugin Firebase
LogPluginManager: Mounting plugin GoogleCloudMessaging
LogPluginManager: Mounting plugin IOSDeviceProfileSelector
LogPluginManager: Mounting plugin LinuxDeviceProfileSelector
LogPluginManager: Mounting plugin LocationServicesBPLibrary
LogPluginManager: Mounting plugin MobilePatchingUtils
LogPluginManager: Mounting plugin OculusVR
LogPluginManager: Mounting plugin PhysXVehicles
LogPluginManager: Mounting plugin ProceduralMeshComponent
LogPluginManager: Mounting plugin RuntimePhysXCooking
LogPluginManager: Mounting plugin SteamVR
LogPluginManager: Mounting plugin WebMMoviePlayer
LogPluginManager: Mounting plugin WindowsMoviePlayer
LogStreaming: Display: Took  0.668s to configure plugins.
LogInit: Using libcurl 7.55.1-DEV
LogInit:  - built for x86_64-pc-win32
LogInit:  - supports SSL with OpenSSL/1.0.2h
LogInit:  - supports HTTP deflate (compression) using libz 1.2.8
LogInit:  - other features:
LogInit:      CURL_VERSION_SSL
LogInit:      CURL_VERSION_LIBZ
LogInit:      CURL_VERSION_IPV6
LogInit:      CURL_VERSION_ASYNCHDNS
LogInit:      CURL_VERSION_LARGEFILE
LogInit:      CURL_VERSION_IDN
LogInit:  CurlRequestOptions (configurable via config and command line):
LogInit:  - bVerifyPeer = true  - Libcurl will verify peer certificate
LogInit:  - bUseHttpProxy = false  - Libcurl will NOT use HTTP proxy
LogInit:  - bDontReuseConnections = false  - Libcurl will reuse connections
LogInit:  - MaxHostConnections = 16  - Libcurl will limit the number of connections to a host
LogInit:  - LocalHostAddr = Default
LogInit:  - BufferSize = 65536
LogInit: WinSock: version 1.1 (2.2), MaxSocks=32767, MaxUdp=65467
LogInit: Build: ++UE4+Release-4.21-CL-4541578
LogInit: Engine Version: 4.21.0-4541578+++UE4+Release-4.21
LogInit: Compatible Engine Version: 4.21.0-4541578+++UE4+Release-4.21
LogInit: Net CL: 4541578
LogInit: OS: Windows 10 (), CPU: Intel(R) Core(TM) i5-6300HQ CPU @ 2.30GHz, GPU: Intel(R) HD Graphics 530
LogInit: Compiled (64-bit): Nov  6 2018 02:04:24
LogInit: Compiled with Visual C++: 19.13.26129.00
LogInit: Build Configuration: Development
LogInit: Branch Name: ++UE4+Release-4.21
LogInit: Command Line: 
LogInit: Base Directory: D:/Jeux/UE_4.21/Engine/Binaries/Win64/
LogInit: Installed Engine Build: 1
LogDevObjectVersion: Number of dev versions registered: 22
LogDevObjectVersion:   Dev-Blueprints (B0D832E4-1F89-4F0D-ACCF-7EB736FD4AA2): 10
LogDevObjectVersion:   Dev-Build (E1C64328-A22C-4D53-A36C-8E866417BD8C): 0
LogDevObjectVersion:   Dev-Core (375EC13C-06E4-48FB-B500-84F0262A717E): 2
LogDevObjectVersion:   Dev-Editor (E4B068ED-F494-42E9-A231-DA0B2E46BB41): 26
LogDevObjectVersion:   Dev-Framework (CFFC743F-43B0-4480-9391-14DF171D2073): 34
LogDevObjectVersion:   Dev-Mobile (B02B49B5-BB20-44E9-A304-32B752E40360): 2
LogDevObjectVersion:   Dev-Networking (A4E4105C-59A1-49B5-A7C5-40C4547EDFEE): 0
LogDevObjectVersion:   Dev-Online (39C831C9-5AE6-47DC-9A44-9C173E1C8E7C): 0
LogDevObjectVersion:   Dev-Physics (78F01B33-EBEA-4F98-B9B4-84EACCB95AA2): 0
LogDevObjectVersion:   Dev-Platform (6631380F-2D4D-43E0-8009-CF276956A95A): 0
LogDevObjectVersion:   Dev-Rendering (12F88B9F-8875-4AFC-A67C-D90C383ABD29): 27
LogDevObjectVersion:   Dev-Sequencer (7B5AE74C-D270-4C10-A958-57980B212A5A): 9
LogDevObjectVersion:   Dev-VR (D7296918-1DD6-4BDD-9DE2-64A83CC13884): 2
LogDevObjectVersion:   Dev-LoadTimes (C2A15278-BFE7-4AFE-6C17-90FF531DF755): 1
LogDevObjectVersion:   Private-Geometry (6EACA3D4-40EC-4CC1-B786-8BED09428FC5): 3
LogDevObjectVersion:   Dev-AnimPhys (29E575DD-E0A3-4627-9D10-D276232CDCEA): 17
LogDevObjectVersion:   Dev-Anim (AF43A65D-7FD3-4947-9873-3E8ED9C1BB05): 2
LogDevObjectVersion:   Dev-ReflectionCapture (6B266CEC-1EC7-4B8F-A30B-E4D90942FC07): 1
LogDevObjectVersion:   Dev-Automation (0DF73D61-A23F-47EA-B727-89E90C41499A): 1
LogDevObjectVersion:   FortniteMain (601D1886-AC64-4F84-AA16-D3DE0DEAC7D6): 17
LogDevObjectVersion:   Dev-Enterprise (9DFFBCD6-494F-0158-E221-12823C92A888): 4
LogDevObjectVersion:   Dev-Niagara (F2AED0AC-9AFE-416F-8664-AA7FFA26D6FC): 1
LogStreaming: Display: Took  0.063s to delete old logs.
LogInit: Presizing for max 8388607 objects, including 0 objects not considered by GC, pre-allocating 0 bytes for permanent pool.
LogInit: Object subsystem initialized
LogConfig: Setting CVar [[con.DebugEarlyDefault:1]]
LogConfig: Setting CVar [[r.setres:1280x720]]
[2018.11.29-21.10.40:837][  0]LogConfig: Setting CVar [[r.VSync:0]]
[2018.11.29-21.10.40:837][  0]LogConfig: Setting CVar [[r.RHICmdBypass:0]]
[2018.11.29-21.10.40:837][  0]LogConfig: Applying CVar settings from Section [/Script/Engine.RendererSettings] File [D:/BattleTank/Battle_Tank/Saved/Config/Windows/Engine.ini]
[2018.11.29-21.10.40:837][  0]LogConfig: Setting CVar [[r.GPUCrashDebugging:0]]
[2018.11.29-21.10.40:837][  0]LogConfig: Applying CVar settings from Section [/Script/Engine.RendererOverrideSettings] File [D:/BattleTank/Battle_Tank/Saved/Config/Windows/Engine.ini]
[2018.11.29-21.10.40:837][  0]LogConfig: Applying CVar settings from Section [/Script/Engine.StreamingSettings] File [D:/BattleTank/Battle_Tank/Saved/Config/Windows/Engine.ini]
[2018.11.29-21.10.40:837][  0]LogConfig: Setting CVar [[s.MinBulkDataSizeForAsyncLoading:131072]]
[2018.11.29-21.10.40:837][  0]LogConfig: Setting CVar [[s.AsyncLoadingThreadEnabled:0]]
[2018.11.29-21.10.40:837][  0]LogConfig: Setting CVar [[s.EventDrivenLoaderEnabled:1]]
[2018.11.29-21.10.40:837][  0]LogConfig: Setting CVar [[s.WarnIfTimeLimitExceeded:0]]
[2018.11.29-21.10.40:838][  0]LogConfig: Setting CVar [[s.TimeLimitExceededMultiplier:1.5]]
[2018.11.29-21.10.40:838][  0]LogConfig: Setting CVar [[s.TimeLimitExceededMinTime:0.005]]
[2018.11.29-21.10.40:838][  0]LogConfig: Setting CVar [[s.UseBackgroundLevelStreaming:1]]
[2018.11.29-21.10.40:838][  0]LogConfig: Setting CVar [[s.PriorityAsyncLoadingExtraTime:15.0]]
[2018.11.29-21.10.40:838][  0]LogConfig: Setting CVar [[s.LevelStreamingActorsUpdateTimeLimit:5.0]]
[2018.11.29-21.10.40:838][  0]LogConfig: Setting CVar [[s.PriorityLevelStreamingActorsUpdateExtraTime:5.0]]
[2018.11.29-21.10.40:838][  0]LogConfig: Setting CVar [[s.LevelStreamingComponentsRegistrationGranularity:10]]
[2018.11.29-21.10.40:838][  0]LogConfig: Setting CVar [[s.UnregisterComponentsTimeLimit:1.0]]
[2018.11.29-21.10.40:838][  0]LogConfig: Setting CVar [[s.LevelStreamingComponentsUnregistrationGranularity:5]]
[2018.11.29-21.10.40:838][  0]LogConfig: Applying CVar settings from Section [/Script/Engine.GarbageCollectionSettings] File [D:/BattleTank/Battle_Tank/Saved/Config/Windows/Engine.ini]
[2018.11.29-21.10.40:838][  0]LogConfig: Setting CVar [[gc.MaxObjectsNotConsideredByGC:1]]
[2018.11.29-21.10.40:838][  0]LogConfig: Setting CVar [[gc.SizeOfPermanentObjectPool:0]]
[2018.11.29-21.10.40:838][  0]LogConfig: Setting CVar [[gc.FlushStreamingOnGC:0]]
[2018.11.29-21.10.40:838][  0]LogConfig: Setting CVar [[gc.NumRetriesBeforeForcingGC:10]]
[2018.11.29-21.10.40:838][  0]LogConfig: Setting CVar [[gc.AllowParallelGC:1]]
[2018.11.29-21.10.40:838][  0]LogConfig: Setting CVar [[gc.TimeBetweenPurgingPendingKillObjects:61.1]]
[2018.11.29-21.10.40:838][  0]LogConfig: Setting CVar [[gc.MaxObjectsInEditor:8388607]]
[2018.11.29-21.10.40:838][  0]LogConfig: Setting CVar [[gc.IncrementalBeginDestroyEnabled:1]]
[2018.11.29-21.10.40:838][  0]LogConfig: Setting CVar [[gc.CreateGCClusters:1]]
[2018.11.29-21.10.40:838][  0]LogConfig: Setting CVar [[gc.MergeGCClusters:0]]
[2018.11.29-21.10.40:838][  0]LogConfig: Setting CVar [[gc.MinGCClusterSize:5]]
[2018.11.29-21.10.40:838][  0]LogConfig: Setting CVar [[gc.ActorClusteringEnabled:0]]
[2018.11.29-21.10.40:838][  0]LogConfig: Setting CVar [[gc.BlueprintClusteringEnabled:0]]
[2018.11.29-21.10.40:838][  0]LogConfig: Setting CVar [[gc.UseDisregardForGCOnDedicatedServers:0]]
[2018.11.29-21.10.40:838][  0]LogConfig: Applying CVar settings from Section [/Script/Engine.NetworkSettings] File [D:/BattleTank/Battle_Tank/Saved/Config/Windows/Engine.ini]
[2018.11.29-21.10.40:838][  0]LogConfig: Applying CVar settings from Section [/Script/UnrealEd.CookerSettings] File [D:/BattleTank/Battle_Tank/Saved/Config/Windows/Engine.ini]
[2018.11.29-21.10.40:840][  0]LogConfig: Applying CVar settings from Section [ViewDistanceQuality@3] File [D:/BattleTank/Battle_Tank/Saved/Config/Windows/Scalability.ini]
[2018.11.29-21.10.40:840][  0]LogConfig: Setting CVar [[r.SkeletalMeshLODBias:0]]
[2018.11.29-21.10.40:840][  0]LogConfig: Setting CVar [[r.ViewDistanceScale:1.0]]
[2018.11.29-21.10.40:840][  0]LogConfig: Applying CVar settings from Section [AntiAliasingQuality@3] File [D:/BattleTank/Battle_Tank/Saved/Config/Windows/Scalability.ini]
[2018.11.29-21.10.40:840][  0]LogConfig: Setting CVar [[r.PostProcessAAQuality:4]]
[2018.11.29-21.10.40:840][  0]LogConfig: Applying CVar settings from Section [ShadowQuality@3] File [D:/BattleTank/Battle_Tank/Saved/Config/Windows/Scalability.ini]
[2018.11.29-21.10.40:840][  0]LogConfig: Setting CVar [[r.LightFunctionQuality:1]]
[2018.11.29-21.10.40:840][  0]LogConfig: Setting CVar [[r.ShadowQuality:5]]
[2018.11.29-21.10.40:840][  0]LogConfig: Setting CVar [[r.Shadow.CSM.MaxCascades:10]]
[2018.11.29-21.10.40:841][  0]LogConfig: Setting CVar [[r.Shadow.MaxResolution:2048]]
[2018.11.29-21.10.40:841][  0]LogConfig: Setting CVar [[r.Shadow.MaxCSMResolution:2048]]
[2018.11.29-21.10.40:841][  0]LogConfig: Setting CVar [[r.Shadow.RadiusThreshold:0.01]]
[2018.11.29-21.10.40:841][  0]LogConfig: Setting CVar [[r.Shadow.DistanceScale:1.0]]
[2018.11.29-21.10.40:841][  0]LogConfig: Setting CVar [[r.Shadow.CSM.TransitionScale:1.0]]
[2018.11.29-21.10.40:841][  0]LogConfig: Setting CVar [[r.Shadow.PreShadowResolutionFactor:1.0]]
[2018.11.29-21.10.40:841][  0]LogConfig: Setting CVar [[r.DistanceFieldShadowing:1]]
[2018.11.29-21.10.40:841][  0]LogConfig: Setting CVar [[r.DistanceFieldAO:1]]
[2018.11.29-21.10.40:841][  0]LogConfig: Setting CVar [[r.AOQuality:2]]
[2018.11.29-21.10.40:841][  0]LogConfig: Setting CVar [[r.VolumetricFog:1]]
[2018.11.29-21.10.40:841][  0]LogConfig: Setting CVar [[r.VolumetricFog.GridPixelSize:8]]
[2018.11.29-21.10.40:841][  0]LogConfig: Setting CVar [[r.VolumetricFog.GridSizeZ:128]]
[2018.11.29-21.10.40:841][  0]LogConfig: Setting CVar [[r.VolumetricFog.HistoryMissSupersampleCount:4]]
[2018.11.29-21.10.40:841][  0]LogConfig: Setting CVar [[r.LightMaxDrawDistanceScale:1]]
[2018.11.29-21.10.40:841][  0]LogConfig: Setting CVar [[r.CapsuleShadows:1]]
[2018.11.29-21.10.40:841][  0]LogConfig: Applying CVar settings from Section [PostProcessQuality@3] File [D:/BattleTank/Battle_Tank/Saved/Config/Windows/Scalability.ini]
[2018.11.29-21.10.40:841][  0]LogConfig: Setting CVar [[r.MotionBlurQuality:4]]
[2018.11.29-21.10.40:841][  0]LogConfig: Setting CVar [[r.AmbientOcclusionMipLevelFactor:0.4]]
[2018.11.29-21.10.40:841][  0]LogConfig: Setting CVar [[r.AmbientOcclusionMaxQuality:100]]
[2018.11.29-21.10.40:841][  0]LogConfig: Setting CVar [[r.AmbientOcclusionLevels:-1]]
[2018.11.29-21.10.40:841][  0]LogConfig: Setting CVar [[r.AmbientOcclusionRadiusScale:1.0]]
[2018.11.29-21.10.40:841][  0]LogConfig: Setting CVar [[r.DepthOfFieldQuality:2]]
[2018.11.29-21.10.40:841][  0]LogConfig: Setting CVar [[r.RenderTargetPoolMin:400]]
[2018.11.29-21.10.40:841][  0]LogConfig: Setting CVar [[r.LensFlareQuality:2]]
[2018.11.29-21.10.40:841][  0]LogConfig: Setting CVar [[r.SceneColorFringeQuality:1]]
[2018.11.29-21.10.40:841][  0]LogConfig: Setting CVar [[r.EyeAdaptationQuality:2]]
[2018.11.29-21.10.40:841][  0]LogConfig: Setting CVar [[r.BloomQuality:5]]
[2018.11.29-21.10.40:841][  0]LogConfig: Setting CVar [[r.FastBlurThreshold:100]]
[2018.11.29-21.10.40:841][  0]LogConfig: Setting CVar [[r.Upscale.Quality:3]]
[2018.11.29-21.10.40:841][  0]LogConfig: Setting CVar [[r.Tonemapper.GrainQuantization:1]]
[2018.11.29-21.10.40:841][  0]LogConfig: Setting CVar [[r.LightShaftQuality:1]]
[2018.11.29-21.10.40:841][  0]LogConfig: Setting CVar [[r.Filter.SizeScale:1]]
[2018.11.29-21.10.40:841][  0]LogConfig: Setting CVar [[r.Tonemapper.Quality:5]]
[2018.11.29-21.10.40:841][  0]LogConfig: Setting CVar [[r.DOF.Gather.AccumulatorQuality:1        ; higher gathering accumulator quality]]
[2018.11.29-21.10.40:841][  0]LogConfig: Setting CVar [[r.DOF.Gather.PostfilterMethod:1          ; Median3x3 postfilering method]]
[2018.11.29-21.10.40:841][  0]LogConfig: Setting CVar [[r.DOF.Gather.EnableBokehSettings:0       ; no bokeh simulation when gathering]]
[2018.11.29-21.10.40:841][  0]LogConfig: Setting CVar [[r.DOF.Gather.RingCount:4                 ; medium number of samples when gathering]]
[2018.11.29-21.10.40:841][  0]LogConfig: Setting CVar [[r.DOF.Scatter.ForegroundCompositing:1    ; additive foreground scattering]]
[2018.11.29-21.10.40:841][  0]LogConfig: Setting CVar [[r.DOF.Scatter.BackgroundCompositing:2    ; additive background scattering]]
[2018.11.29-21.10.40:841][  0]LogConfig: Setting CVar [[r.DOF.Scatter.EnableBokehSettings:1      ; bokeh simulation when scattering]]
[2018.11.29-21.10.40:841][  0]LogConfig: Setting CVar [[r.DOF.Scatter.MaxSpriteRatio:0.1         ; only a maximum of 10% of scattered bokeh]]
[2018.11.29-21.10.40:841][  0]LogConfig: Setting CVar [[r.DOF.Recombine.Quality:1                ; cheap slight out of focus]]
[2018.11.29-21.10.40:841][  0]LogConfig: Setting CVar [[r.DOF.Recombine.EnableBokehSettings:0    ; no bokeh simulation on slight out of focus]]
[2018.11.29-21.10.40:841][  0]LogConfig: Setting CVar [[r.DOF.TemporalAAQuality:1                ; more stable temporal accumulation]]
[2018.11.29-21.10.40:841][  0]LogConfig: Setting CVar [[r.DOF.Kernel.MaxForegroundRadius:0.025]]
[2018.11.29-21.10.40:841][  0]LogConfig: Setting CVar [[r.DOF.Kernel.MaxBackgroundRadius:0.025]]
[2018.11.29-21.10.40:841][  0]LogConfig: Applying CVar settings from Section [TextureQuality@3] File [D:/BattleTank/Battle_Tank/Saved/Config/Windows/Scalability.ini]
[2018.11.29-21.10.40:841][  0]LogConfig: Setting CVar [[r.Streaming.MipBias:0]]
[2018.11.29-21.10.40:841][  0]LogConfig: Setting CVar [[r.Streaming.AmortizeCPUToGPUCopy:0]]
[2018.11.29-21.10.40:841][  0]LogConfig: Setting CVar [[r.Streaming.MaxNumTexturesToStreamPerFrame:0]]
[2018.11.29-21.10.40:841][  0]LogConfig: Setting CVar [[r.Streaming.Boost:1]]
[2018.11.29-21.10.40:841][  0]LogConfig: Setting CVar [[r.MaxAnisotropy:8]]
[2018.11.29-21.10.40:841][  0]LogConfig: Setting CVar [[r.Streaming.LimitPoolSizeToVRAM:0]]
[2018.11.29-21.10.40:841][  0]LogConfig: Setting CVar [[r.Streaming.PoolSize:1000]]
[2018.11.29-21.10.40:841][  0]LogConfig: Setting CVar [[r.Streaming.MaxEffectiveScreenSize:0]]
[2018.11.29-21.10.40:841][  0]LogConfig: Applying CVar settings from Section [EffectsQuality@3] File [D:/BattleTank/Battle_Tank/Saved/Config/Windows/Scalability.ini]
[2018.11.29-21.10.40:841][  0]LogConfig: Setting CVar [[r.TranslucencyLightingVolumeDim:64]]
[2018.11.29-21.10.40:841][  0]LogConfig: Setting CVar [[r.RefractionQuality:2]]
[2018.11.29-21.10.40:841][  0]LogConfig: Setting CVar [[r.SSR.Quality:3]]
[2018.11.29-21.10.40:841][  0]LogConfig: Setting CVar [[r.SceneColorFormat:4]]
[2018.11.29-21.10.40:841][  0]LogConfig: Setting CVar [[r.DetailMode:2]]
[2018.11.29-21.10.40:842][  0]LogConfig: Setting CVar [[r.TranslucencyVolumeBlur:1]]
[2018.11.29-21.10.40:842][  0]LogConfig: Setting CVar [[r.MaterialQualityLevel:1 ; High quality]]
[2018.11.29-21.10.40:842][  0]LogConfig: Setting CVar [[r.SSS.Scale:1]]
[2018.11.29-21.10.40:842][  0]LogConfig: Setting CVar [[r.SSS.SampleSet:2]]
[2018.11.29-21.10.40:842][  0]LogConfig: Setting CVar [[r.SSS.Quality:1]]
[2018.11.29-21.10.40:842][  0]LogConfig: Setting CVar [[r.SSS.HalfRes:1]]
[2018.11.29-21.10.40:842][  0]LogConfig: Setting CVar [[r.EmitterSpawnRateScale:1.0]]
[2018.11.29-21.10.40:842][  0]LogConfig: Setting CVar [[r.ParticleLightQuality:2]]
[2018.11.29-21.10.40:842][  0]LogConfig: Applying CVar settings from Section [FoliageQuality@3] File [D:/BattleTank/Battle_Tank/Saved/Config/Windows/Scalability.ini]
[2018.11.29-21.10.40:842][  0]LogConfig: Setting CVar [[foliage.DensityScale:1.0]]
[2018.11.29-21.10.40:842][  0]LogConfig: Setting CVar [[grass.DensityScale:1.0]]
[2018.11.29-21.10.40:842][  0]LogInit: Selected Device Profile: [Windows]
[2018.11.29-21.10.40:842][  0]LogInit: Applying CVar settings loaded from the selected device profile: [Windows]
[2018.11.29-21.10.40:924][  0]LogHAL: Display: Platform has ~ 8 GB [8459313152 / 8589934592 / 8], which maps to Default [LargestMinGB=32, LargerMinGB=12, DefaultMinGB=8, SmallerMinGB=6, SmallestMinGB=0)
[2018.11.29-21.10.40:924][  0]LogConfig: Setting CVar [[r.Vulkan.UseRealUBs:1]]
[2018.11.29-21.10.40:924][  0]LogInit: Going up to parent DeviceProfile []
[2018.11.29-21.10.40:924][  0]LogConfig: Applying CVar settings from Section [ViewDistanceQuality@0] File [D:/BattleTank/Battle_Tank/Saved/Config/Windows/Scalability.ini]
[2018.11.29-21.10.40:924][  0]LogConfig: Setting CVar [[r.SkeletalMeshLODBias:2]]
[2018.11.29-21.10.40:924][  0]LogConfig: Setting CVar [[r.ViewDistanceScale:0.4]]
[2018.11.29-21.10.40:924][  0]LogConfig: Applying CVar settings from Section [AntiAliasingQuality@0] File [D:/BattleTank/Battle_Tank/Saved/Config/Windows/Scalability.ini]
[2018.11.29-21.10.40:924][  0]LogConfig: Setting CVar [[r.PostProcessAAQuality:0]]
[2018.11.29-21.10.40:924][  0]LogConfig: Applying CVar settings from Section [ShadowQuality@0] File [D:/BattleTank/Battle_Tank/Saved/Config/Windows/Scalability.ini]
[2018.11.29-21.10.40:924][  0]LogConfig: Setting CVar [[r.LightFunctionQuality:0]]
[2018.11.29-21.10.40:924][  0]LogConfig: Setting CVar [[r.ShadowQuality:0]]
[2018.11.29-21.10.40:924][  0]LogConfig: Setting CVar [[r.Shadow.CSM.MaxCascades:1]]
[2018.11.29-21.10.40:924][  0]LogConfig: Setting CVar [[r.Shadow.MaxResolution:512]]
[2018.11.29-21.10.40:924][  0]LogConfig: Setting CVar [[r.Shadow.MaxCSMResolution:512]]
[2018.11.29-21.10.40:924][  0]LogConfig: Setting CVar [[r.Shadow.RadiusThreshold:0.06]]
[2018.11.29-21.10.40:924][  0]LogConfig: Setting CVar [[r.Shadow.DistanceScale:0.6]]
[2018.11.29-21.10.40:924][  0]LogConfig: Setting CVar [[r.Shadow.CSM.TransitionScale:0]]
[2018.11.29-21.10.40:924][  0]LogConfig: Setting CVar [[r.Shadow.PreShadowResolutionFactor:0.5]]
[2018.11.29-21.10.40:924][  0]LogConfig: Setting CVar [[r.DistanceFieldShadowing:0]]
[2018.11.29-21.10.40:924][  0]LogConfig: Setting CVar [[r.DistanceFieldAO:0]]
[2018.11.29-21.10.40:924][  0]LogConfig: Setting CVar [[r.VolumetricFog:0]]
[2018.11.29-21.10.40:924][  0]LogConfig: Setting CVar [[r.LightMaxDrawDistanceScale:0]]
[2018.11.29-21.10.40:924][  0]LogConfig: Setting CVar [[r.CapsuleShadows:0]]
[2018.11.29-21.10.40:924][  0]LogConfig: Applying CVar settings from Section [PostProcessQuality@0] File [D:/BattleTank/Battle_Tank/Saved/Config/Windows/Scalability.ini]
[2018.11.29-21.10.40:924][  0]LogConfig: Setting CVar [[r.MotionBlurQuality:0]]
[2018.11.29-21.10.40:924][  0]LogConfig: Setting CVar [[r.AmbientOcclusionMipLevelFactor:1.0]]
[2018.11.29-21.10.40:924][  0]LogConfig: Setting CVar [[r.AmbientOcclusionMaxQuality:0]]
[2018.11.29-21.10.40:924][  0]LogConfig: Setting CVar [[r.AmbientOcclusionLevels:0]]
[2018.11.29-21.10.40:924][  0]LogConfig: Setting CVar [[r.AmbientOcclusionRadiusScale:1.2]]
[2018.11.29-21.10.40:924][  0]LogConfig: Setting CVar [[r.DepthOfFieldQuality:0]]
[2018.11.29-21.10.40:924][  0]LogConfig: Setting CVar [[r.RenderTargetPoolMin:300]]
[2018.11.29-21.10.40:924][  0]LogConfig: Setting CVar [[r.LensFlareQuality:0]]
[2018.11.29-21.10.40:925][  0]LogConfig: Setting CVar [[r.SceneColorFringeQuality:0]]
[2018.11.29-21.10.40:925][  0]LogConfig: Setting CVar [[r.EyeAdaptationQuality:0]]
[2018.11.29-21.10.40:925][  0]LogConfig: Setting CVar [[r.BloomQuality:4]]
[2018.11.29-21.10.40:925][  0]LogConfig: Setting CVar [[r.FastBlurThreshold:0]]
[2018.11.29-21.10.40:925][  0]LogConfig: Setting CVar [[r.Upscale.Quality:1]]
[2018.11.29-21.10.40:925][  0]LogConfig: Setting CVar [[r.Tonemapper.GrainQuantization:0]]
[2018.11.29-21.10.40:925][  0]LogConfig: Setting CVar [[r.LightShaftQuality:0]]
[2018.11.29-21.10.40:925][  0]LogConfig: Setting CVar [[r.Filter.SizeScale:0.6]]
[2018.11.29-21.10.40:925][  0]LogConfig: Setting CVar [[r.Tonemapper.Quality:0]]
[2018.11.29-21.10.40:925][  0]LogConfig: Applying CVar settings from Section [TextureQuality@0] File [D:/BattleTank/Battle_Tank/Saved/Config/Windows/Scalability.ini]
[2018.11.29-21.10.40:925][  0]LogConfig: Setting CVar [[r.Streaming.MipBias:16]]
[2018.11.29-21.10.40:925][  0]LogConfig: Setting CVar [[r.Streaming.AmortizeCPUToGPUCopy:1]]
[2018.11.29-21.10.40:925][  0]LogConfig: Setting CVar [[r.Streaming.MaxNumTexturesToStreamPerFrame:1]]
[2018.11.29-21.10.40:925][  0]LogConfig: Setting CVar [[r.Streaming.Boost:0.3]]
[2018.11.29-21.10.40:925][  0]LogConfig: Setting CVar [[r.MaxAnisotropy:0]]
[2018.11.29-21.10.40:925][  0]LogConfig: Setting CVar [[r.Streaming.LimitPoolSizeToVRAM:1]]
[2018.11.29-21.10.40:925][  0]LogConfig: Setting CVar [[r.Streaming.PoolSize:400]]
[2018.11.29-21.10.40:925][  0]LogConfig: Setting CVar [[r.Streaming.MaxEffectiveScreenSize:0]]
[2018.11.29-21.10.40:925][  0]LogConfig: Applying CVar settings from Section [EffectsQuality@0] File [D:/BattleTank/Battle_Tank/Saved/Config/Windows/Scalability.ini]
[2018.11.29-21.10.40:925][  0]LogConfig: Setting CVar [[r.TranslucencyLightingVolumeDim:24]]
[2018.11.29-21.10.40:925][  0]LogConfig: Setting CVar [[r.RefractionQuality:0]]
[2018.11.29-21.10.40:925][  0]LogConfig: Setting CVar [[r.SSR.Quality:0]]
[2018.11.29-21.10.40:925][  0]LogConfig: Setting CVar [[r.SceneColorFormat:3]]
[2018.11.29-21.10.40:925][  0]LogConfig: Setting CVar [[r.DetailMode:0]]
[2018.11.29-21.10.40:925][  0]LogConfig: Setting CVar [[r.TranslucencyVolumeBlur:0]]
[2018.11.29-21.10.40:925][  0]LogConfig: Setting CVar [[r.MaterialQualityLevel:0 ; Low quality]]
[2018.11.29-21.10.40:925][  0]LogConfig: Setting CVar [[r.SSS.Scale:0]]
[2018.11.29-21.10.40:925][  0]LogConfig: Setting CVar [[r.SSS.SampleSet:0]]
[2018.11.29-21.10.40:925][  0]LogConfig: Setting CVar [[r.SSS.Quality:0]]
[2018.11.29-21.10.40:925][  0]LogConfig: Setting CVar [[r.SSS.HalfRes:1]]
[2018.11.29-21.10.40:925][  0]LogConfig: Setting CVar [[r.EmitterSpawnRateScale:0.125]]
[2018.11.29-21.10.40:925][  0]LogConfig: Setting CVar [[r.ParticleLightQuality:0]]
[2018.11.29-21.10.40:925][  0]LogConfig: Applying CVar settings from Section [FoliageQuality@0] File [D:/BattleTank/Battle_Tank/Saved/Config/Windows/Scalability.ini]
[2018.11.29-21.10.40:925][  0]LogConfig: Setting CVar [[foliage.DensityScale:0]]
[2018.11.29-21.10.40:925][  0]LogConfig: Setting CVar [[grass.DensityScale:0]]
[2018.11.29-21.10.40:925][  0]LogConfig: Applying CVar settings from Section [Startup] File [../../../Engine/Config/ConsoleVariables.ini]
[2018.11.29-21.10.40:925][  0]LogConfig: Setting CVar [[net.UseAdaptiveNetUpdateFrequency:0]]
[2018.11.29-21.10.40:925][  0]LogConfig: Applying CVar settings from Section [ConsoleVariables] File [D:/BattleTank/Battle_Tank/Saved/Config/Windows/Engine.ini]
[2018.11.29-21.10.40:926][  0]LogInit: Computer: DESKTOP-LF9461B
[2018.11.29-21.10.40:926][  0]LogInit: User: Guillaume
[2018.11.29-21.10.40:926][  0]LogInit: CPU Page size=4096, Cores=4
[2018.11.29-21.10.40:926][  0]LogInit: High frequency timer resolution =2.249999 MHz
[2018.11.29-21.10.40:926][  0]LogMemory: Memory total: Physical=7.9GB (8GB approx)
[2018.11.29-21.10.40:926][  0]LogMemory: Platform Memory Stats for Windows
[2018.11.29-21.10.40:926][  0]LogMemory: Process Physical Memory: 101.87 MB used, 101.87 MB peak
[2018.11.29-21.10.40:926][  0]LogMemory: Process Virtual Memory: 90.59 MB used, 90.59 MB peak
[2018.11.29-21.10.40:926][  0]LogMemory: Physical Memory: 4590.12 MB used,  3477.31 MB free, 8067.43 MB total
[2018.11.29-21.10.40:926][  0]LogMemory: Virtual Memory: 4633.96 MB used,  134213096.00 MB free, 134217728.00 MB total
[2018.11.29-21.10.40:957][  0]LogInit: Using OS detected language (fr-FR).
[2018.11.29-21.10.40:957][  0]LogInit: Using OS detected locale (fr-FR).
[2018.11.29-21.10.40:958][  0]LogTextLocalizationManager: No specific localization for 'fr-FR' exists, so the 'fr' localization will be used.
[2018.11.29-21.10.40:960][  0]LogStreaming: Display: Took  0.003s to InitEngineTextLocalization.
[2018.11.29-21.10.40:960][  0]LogInit: Setting process to per monitor DPI aware
[2018.11.29-21.10.40:990][  0]LogSlate: New Slate User Created.  User Index 0, Is Virtual User: 0
[2018.11.29-21.10.40:990][  0]LogSlate: Slate User Registered.  User Index 0, Is Virtual User: 0
[2018.11.29-21.10.41:673][  0]LogHMD: Failed to initialize OpenVR with code 110
[2018.11.29-21.10.41:673][  0]LogD3D11RHI: D3D11 adapters:
[2018.11.29-21.10.41:738][  0]LogD3D11RHI:    0. 'NVIDIA GeForce GTX 960M' (Feature Level 11_0)
[2018.11.29-21.10.41:738][  0]LogD3D11RHI:       2010/0/4033 MB DedicatedVideo/DedicatedSystem/SharedSystem, Outputs:1, VendorId:0x10de
[2018.11.29-21.10.41:746][  0]LogD3D11RHI:    1. 'Intel(R) HD Graphics 530' (Feature Level 11_0)
[2018.11.29-21.10.41:746][  0]LogD3D11RHI:       128/0/4033 MB DedicatedVideo/DedicatedSystem/SharedSystem, Outputs:0, VendorId:0x8086
[2018.11.29-21.10.41:749][  0]LogD3D11RHI:    2. 'Microsoft Basic Render Driver' (Feature Level 11_0)
[2018.11.29-21.10.41:749][  0]LogD3D11RHI:       0/0/4033 MB DedicatedVideo/DedicatedSystem/SharedSystem, Outputs:0, VendorId:0x1414
[2018.11.29-21.10.41:749][  0]LogD3D11RHI: Chosen D3D11 Adapter: 0
[2018.11.29-21.10.41:792][  0]LogD3D11RHI: Creating new Direct3DDevice
[2018.11.29-21.10.41:792][  0]LogD3D11RHI:     GPU DeviceId: 0x139b (for the marketing name, search the web for "GPU Device Id")
[2018.11.29-21.10.41:792][  0]LogWindows: EnumDisplayDevices:
[2018.11.29-21.10.41:792][  0]LogWindows:    0. 'Intel(R) HD Graphics 530' (P:1 D:1)
[2018.11.29-21.10.41:792][  0]LogWindows:    1. 'Intel(R) HD Graphics 530' (P:0 D:0)
[2018.11.29-21.10.41:793][  0]LogWindows:    2. 'Intel(R) HD Graphics 530' (P:0 D:0)
[2018.11.29-21.10.41:793][  0]LogWindows: DebugString: PrimaryIsNotTheChoosenAdapter PrimaryIsNotTheChoosenAdapter PrimaryIsNotTheChoosenAdapter FoundDriverCount:0 
[2018.11.29-21.10.41:793][  0]LogD3D11RHI:     Adapter Name: NVIDIA GeForce GTX 960M
[2018.11.29-21.10.41:793][  0]LogD3D11RHI:   Driver Version: Unknown (internal:Unknown, unified:Unknown)
[2018.11.29-21.10.41:793][  0]LogD3D11RHI:      Driver Date: Unknown
[2018.11.29-21.10.41:793][  0]LogRHI: Texture pool is 1407 MB (70% of 2010 MB)
[2018.11.29-21.10.41:847][  0]LogD3D11RHI: Async texture creation enabled
[2018.11.29-21.10.41:867][  0]LogD3D11RHI: GPU Timing Frequency: 1000.000000 (Debug: 2 2)
[2018.11.29-21.10.42:280][  0]LogTemp: Display: Loaded TP AllDesktopTargetPlatform
[2018.11.29-21.10.42:295][  0]LogTemp: Display: Loaded TP MacClientTargetPlatform
[2018.11.29-21.10.42:310][  0]LogTemp: Display: Loaded TP MacNoEditorTargetPlatform
[2018.11.29-21.10.42:325][  0]LogTemp: Display: Loaded TP MacServerTargetPlatform
[2018.11.29-21.10.42:340][  0]LogTemp: Display: Loaded TP MacTargetPlatform
[2018.11.29-21.10.42:354][  0]LogTemp: Display: Loaded TP WindowsClientTargetPlatform
[2018.11.29-21.10.42:368][  0]LogTemp: Display: Loaded TP WindowsNoEditorTargetPlatform
[2018.11.29-21.10.42:383][  0]LogTemp: Display: Loaded TP WindowsServerTargetPlatform
[2018.11.29-21.10.42:389][  0]LogTemp: Display: Loaded TP WindowsTargetPlatform
[2018.11.29-21.10.42:476][  0]LogTemp: Display: Loaded TP AndroidTargetPlatform
[2018.11.29-21.10.42:476][  0]LogTemp: Display: Loaded TP AndroidTargetPlatform
[2018.11.29-21.10.42:476][  0]LogTemp: Display: Loaded TP AndroidTargetPlatform
[2018.11.29-21.10.42:476][  0]LogTemp: Display: Loaded TP AndroidTargetPlatform
[2018.11.29-21.10.42:476][  0]LogTemp: Display: Loaded TP AndroidTargetPlatform
[2018.11.29-21.10.42:476][  0]LogTemp: Display: Loaded TP AndroidTargetPlatform
[2018.11.29-21.10.42:476][  0]LogTemp: Display: Loaded TP AndroidTargetPlatform
[2018.11.29-21.10.42:476][  0]LogTemp: Display: Loaded TP AndroidTargetPlatform
[2018.11.29-21.10.42:476][  0]LogTemp: Display: Loaded TP AndroidTargetPlatform
[2018.11.29-21.10.42:476][  0]LogTemp: Display: Loaded TP AndroidTargetPlatform
[2018.11.29-21.10.42:476][  0]LogTemp: Display: Loaded TP AndroidTargetPlatform
[2018.11.29-21.10.42:476][  0]LogTemp: Display: Loaded TP AndroidTargetPlatform
[2018.11.29-21.10.42:476][  0]LogTemp: Display: Loaded TP AndroidTargetPlatform
[2018.11.29-21.10.42:476][  0]LogTemp: Display: Loaded TP AndroidTargetPlatform
[2018.11.29-21.10.42:476][  0]LogTemp: Display: Loaded TP AndroidTargetPlatform
[2018.11.29-21.10.42:476][  0]LogTemp: Display: Loaded TP AndroidTargetPlatform
[2018.11.29-21.10.42:476][  0]LogTemp: Display: Loaded TP AndroidTargetPlatform
[2018.11.29-21.10.42:476][  0]LogTemp: Display: Loaded TP AndroidTargetPlatform
[2018.11.29-21.10.42:477][  0]LogTemp: Display: Loaded TP HTML5TargetPlatform
[2018.11.29-21.10.42:539][  0]LogTemp: Display: Loaded TP IOSTargetPlatform
[2018.11.29-21.10.42:539][  0]LogTemp: Display: Loaded TP IOSTargetPlatform
[2018.11.29-21.10.42:564][  0]LogTemp: Display: Loaded TP TVOSTargetPlatform
[2018.11.29-21.10.42:564][  0]LogTemp: Display: Loaded TP TVOSTargetPlatform
[2018.11.29-21.10.42:578][  0]LogTemp: Display: Loaded TP LinuxClientTargetPlatform
[2018.11.29-21.10.42:591][  0]LogTemp: Display: Loaded TP LinuxNoEditorTargetPlatform
[2018.11.29-21.10.42:604][  0]LogTemp: Display: Loaded TP LinuxServerTargetPlatform
[2018.11.29-21.10.42:619][  0]LogTemp: Display: Loaded TP LinuxTargetPlatform
[2018.11.29-21.10.42:670][  0]LogTemp: Display: Loaded TP LuminTargetPlatform
[2018.11.29-21.10.42:670][  0]LogTemp: Display: Loaded TP LuminTargetPlatform
[2018.11.29-21.10.42:670][  0]LogTargetPlatformManager: Display: Building Assets For Windows
[2018.11.29-21.10.42:719][  0]LogShaderCompilers: Guid format shader working directory is 12 characters bigger than the processId version (../../../../../BattleTank/Battle_Tank/Intermediate/Shaders/WorkingDirectory/22328/).
[2018.11.29-21.10.42:719][  0]LogShaderCompilers: Cleaned the shader compiler working directory 'C:/Users/Guillaume/AppData/Local/Temp/UnrealShaderWorkingDir/C4A0787A47F638D63D6B32BB1EF79AFB/'.
[2018.11.29-21.10.42:721][  0]LogXGEController: Cleaning working directory: C:/Users/Guillaume/AppData/Local/Temp/UnrealXGEWorkingDir/
[2018.11.29-21.10.42:721][  0]LogXGEController: Cannot use XGE Controller as Incredibuild is not installed on this machine.
[2018.11.29-21.10.42:721][  0]LogShaderCompilers: Cannot use XGE Shader Compiler as Incredibuild is not installed on this machine.
[2018.11.29-21.10.42:721][  0]LogShaderCompilers: Display: Using Local Shader Compiler.
[2018.11.29-21.10.43:333][  0]LogDerivedDataCache: Display: Max Cache Size: 512 MB
[2018.11.29-21.10.43:399][  0]LogDerivedDataCache: Loaded boot cache 0.07s 71MB C:/Users/Guillaume/AppData/Local/UnrealEngine/4.21/DerivedDataCache/Boot.ddc.
[2018.11.29-21.10.43:399][  0]LogDerivedDataCache: Display: Loaded Boot cache: C:/Users/Guillaume/AppData/Local/UnrealEngine/4.21/DerivedDataCache/Boot.ddc
[2018.11.29-21.10.43:399][  0]LogDerivedDataCache: FDerivedDataBackendGraph:  Pak pak cache file ../../../../../BattleTank/Battle_Tank/DerivedDataCache/DDC.ddp not found, will not use a pak cache.
[2018.11.29-21.10.43:399][  0]LogDerivedDataCache: Unable to find inner node Pak for hierarchical cache Hierarchy.
[2018.11.29-21.10.43:399][  0]LogDerivedDataCache: FDerivedDataBackendGraph:  CompressedPak pak cache file ../../../../../BattleTank/Battle_Tank/DerivedDataCache/Compressed.ddp not found, will not use a pak cache.
[2018.11.29-21.10.43:399][  0]LogDerivedDataCache: Unable to find inner node CompressedPak for hierarchical cache Hierarchy.
[2018.11.29-21.10.43:416][  0]LogDerivedDataCache: Display: Pak cache opened for reading ../../../Engine/DerivedDataCache/Compressed.ddp.
[2018.11.29-21.10.43:416][  0]LogDerivedDataCache: FDerivedDataBackendGraph:  EnterprisePak pak cache file ../../../Enterprise/DerivedDataCache/Compressed.ddp not found, will not use a pak cache.
[2018.11.29-21.10.43:416][  0]LogDerivedDataCache: Unable to find inner node EnterprisePak for hierarchical cache Hierarchy.
[2018.11.29-21.10.43:429][  0]LogDerivedDataCache: Using Local data cache path C:/Users/Guillaume/AppData/Local/UnrealEngine/Common/DerivedDataCache: Writable
[2018.11.29-21.10.43:429][  0]LogDerivedDataCache: Shared data cache path not found in *engine.ini, will not use an Shared cache.
[2018.11.29-21.10.43:429][  0]LogDerivedDataCache: Unable to find inner node Shared for hierarchical cache Hierarchy.
[2018.11.29-21.10.43:455][  0]LogMaterial: Verifying Global Shaders for PCD3D_SM5
[2018.11.29-21.10.43:457][  0]LogSlate: Using FreeType 2.6.0
[2018.11.29-21.10.43:457][  0]LogSlate: SlateFontServices - WITH_FREETYPE: 1, WITH_HARFBUZZ: 1
[2018.11.29-21.10.43:553][  0]LogAssetRegistry: FAssetRegistry took 0.0341 seconds to start up
[2018.11.29-21.10.43:898][  0]LogInit: Selected Device Profile: [Windows]
[2018.11.29-21.10.44:061][  0]LogSimplygon: Simplygon DLL not present - disabling.
[2018.11.29-21.10.44:065][  0]LogMeshReduction: Using SimplygonSwarm for distributed automatic mesh merging
[2018.11.29-21.10.44:065][  0]LogMeshReduction: Using ProxyLODMeshReduction for automatic mesh merging
[2018.11.29-21.10.44:065][  0]LogMeshReduction: Using QuadricMeshReduction for automatic static mesh reduction
[2018.11.29-21.10.44:065][  0]LogMeshReduction: No automatic skeletal mesh reduction module available
[2018.11.29-21.10.44:084][  0]LogNetVersion: Battle_Tank 1.0.0, NetCL: 4541578, EngineNetVer: 5, GameNetVer: 0 (Checksum: 1941966962)
[2018.11.29-21.10.44:807][  0]LogPackageLocalizationCache: Processed 11 localized package path(s) for 2 prioritized culture(s) in 0.147281 seconds
[2018.11.29-21.10.44:815][  0]LogUObjectArray: 39775 objects as part of root set at end of initial load.
[2018.11.29-21.10.44:815][  0]LogUObjectAllocator: 6914656 out of 0 bytes used by permanent object pool.
[2018.11.29-21.10.44:815][  0]LogUObjectArray: CloseDisregardForGC: 0/0 objects in disregard for GC pool
[2018.11.29-21.10.45:950][  0]LogTcpMessaging: Initializing TcpMessaging bridge
[2018.11.29-21.10.45:964][  0]LogUdpMessaging: Initializing bridge on interface 0.0.0.0:0 to multicast group 230.0.0.1:6666.
[2018.11.29-21.10.47:018][  0]SourceControl: Source control is disabled
[2018.11.29-21.10.47:018][  0]SourceControl: Source control is disabled
[2018.11.29-21.10.47:020][  0]SourceControl: Source control is disabled
[2018.11.29-21.10.47:021][  0]SourceControl: Source control is disabled
[2018.11.29-21.10.47:210][  0]LogAndroidPermission: UAndroidPermissionCallbackProxy::GetInstance
[2018.11.29-21.10.47:285][  0]LogOcInput: OculusInput pre-init called
[2018.11.29-21.10.47:450][  0]LogEngine: Initializing Engine...
[2018.11.29-21.10.47:451][  0]LogHMD: Failed to initialize OpenVR with code 110
[2018.11.29-21.10.47:452][  0]LogStats: UGameplayTagsManager::ConstructGameplayTagTree: ImportINI prefixes -  0.000 s
[2018.11.29-21.10.47:452][  0]LogStats: UGameplayTagsManager::ConstructGameplayTagTree: Construct from data asset -  0.000 s
[2018.11.29-21.10.47:453][  0]LogStats: UGameplayTagsManager::ConstructGameplayTagTree: ImportINI -  0.000 s
[2018.11.29-21.10.47:453][  0]LogStats: UGameplayTagsManager::ConstructGameplayTagTree: GameplayTagTreeChangedEvent.Broadcast -  0.000 s
[2018.11.29-21.10.47:800][  0]LogInit: Initializing FReadOnlyCVARCache
[2018.11.29-21.10.47:817][  0]LogAIModule: Creating AISystem for world Untitled
[2018.11.29-21.10.47:854][  0]LogInit: XAudio2 using 'Haut-parleurs (Realtek High Definition Audio)' : 2 channels at 48 kHz using 32 bits per sample (channel mask 0x3)
[2018.11.29-21.10.47:936][  0]LogInit: FAudioDevice initialized.
[2018.11.29-21.10.47:937][  0]LogNetVersion: Set ProjectVersion to 1.0.0.0. Version Checksum will be recalculated on next use.
[2018.11.29-21.10.48:114][  0]LogDerivedDataCache: Saved boot cache 0.18s 71MB C:/Users/Guillaume/AppData/Local/UnrealEngine/4.21/DerivedDataCache/Boot.ddc.
[2018.11.29-21.10.48:128][  0]LogInit: Texture streaming: Enabled
[2018.11.29-21.10.48:147][  0]LogEngineSessionManager: EngineSessionManager initialized
[2018.11.29-21.10.48:170][  0]LogInit: Transaction tracking system initialized
[2018.11.29-21.10.48:194][  0]BlueprintLog: New page: Editor Load
[2018.11.29-21.10.48:269][  0]LocalizationService: Localization service is disabled
[2018.11.29-21.10.50:132][  0]LogFileCache: Scanning file cache for directory 'D:/BattleTank/Battle_Tank/Content/' took 0.03s
[2018.11.29-21.10.50:133][  0]LogCook: Display: Max memory allowance for cook 16384mb min free memory 0mb
[2018.11.29-21.10.50:133][  0]LogCook: Display: Mobile HDR setting 1
[2018.11.29-21.10.50:133][  0]LogGameplayTags: Display: UGameplayTagsManager::DoneAddingNativeTags. DelegateIsBound: 0
[2018.11.29-21.10.50:133][  0]LogStats: UGameplayTagsManager::ConstructGameplayTagTree: ImportINI prefixes -  0.000 s
[2018.11.29-21.10.50:133][  0]LogStats: UGameplayTagsManager::ConstructGameplayTagTree: Construct from data asset -  0.000 s
[2018.11.29-21.10.50:133][  0]LogStats: UGameplayTagsManager::ConstructGameplayTagTree: ImportINI -  0.000 s
[2018.11.29-21.10.50:133][  0]LogStats: UGameplayTagsManager::ConstructGameplayTagTree: GameplayTagTreeChangedEvent.Broadcast -  0.000 s
[2018.11.29-21.10.50:356][  0]SourceControl: Source control is disabled
[2018.11.29-21.10.50:356][  0]Cmd: MAP LOAD FILE="../../../../../BattleTank/Battle_Tank/Content/BattleGround_LOW.umap" TEMPLATE=0 SHOWPROGRESS=1 FEATURELEVEL=3
[2018.11.29-21.10.50:415][  0]LightingResults: New page: Lighting Build
[2018.11.29-21.10.50:419][  0]MapCheck: New page: Map Check
[2018.11.29-21.10.50:419][  0]LightingResults: New page: Lighting Build
[2018.11.29-21.10.51:515][  0]LogBlueprint: Warning: [Compiler PersistentLevel.BattleGround_LOW] InputAction Event references unknown Action 'Quit' for  InputAction Quit
[2018.11.29-21.10.51:518][  0]LogBlueprint: Warning: [Compiler PersistentLevel.BattleGround_LOW] [0013,28] Compile of PersistentLevel.BattleGround_LOW successful, but with 1 Warning(s) [in 7 ms] (/Game/BattleGround_LOW.BattleGround_LOW:PersistentLevel.BattleGround_LOW)
[2018.11.29-21.10.52:074][  0]LogAIModule: Creating AISystem for world BattleGround_LOW
[2018.11.29-21.10.52:152][  0]LogEditorServer: Finished looking for orphan Actors (0.000 secs)
[2018.11.29-21.10.52:210][  0]Cmd: MAP CHECKDEP NOCLEARLOG
[2018.11.29-21.10.52:211][  0]MapCheck: Map check complete: 0 Error(s), 0 Warning(s), took 0,19ms to complete.
[2018.11.29-21.10.52:211][  0]LogFileHelpers: Loading map 'BattleGround_LOW' took 1.856
[2018.11.29-21.10.52:311][  0]LogCollectionManager: Loaded 0 collections in 0.001636 seconds
[2018.11.29-21.10.52:340][  0]LogFileCache: Scanning file cache for directory 'D:/BattleTank/Battle_Tank/Saved/Collections/' took 0.01s
[2018.11.29-21.10.52:340][  0]LogFileCache: Scanning file cache for directory 'D:/BattleTank/Battle_Tank/Content/Developers/Guillaume/Collections/' took 0.00s
[2018.11.29-21.10.52:340][  0]LogFileCache: Scanning file cache for directory 'D:/BattleTank/Battle_Tank/Content/Collections/' took 0.01s
[2018.11.29-21.10.52:340][  0]LogCollectionManager: Rebuilt the GUID cache for 0 collections in 0.000001 seconds
[2018.11.29-21.10.52:355][  0]LogContentBrowser: Native class hierarchy populated in 0.0144 seconds. Added 2652 classes and 622 folders.
[2018.11.29-21.10.52:363][  0]LogContentBrowser: Native class hierarchy updated for 'WidgetCarousel' in 0.0006 seconds. Added 0 classes and 0 folders.
[2018.11.29-21.10.52:365][  0]LogPakFile: Registered encryption key '00000000000000000000000000000000': 0 pak files mounted, 0 remain pending
[2018.11.29-21.10.52:367][  0]LogPakFile: Registered encryption key '00000000000000000000000000000000': 0 pak files mounted, 0 remain pending
[2018.11.29-21.10.52:367][  0]LogPakFile: Registered encryption key '00000000000000000000000000000000': 0 pak files mounted, 0 remain pending
[2018.11.29-21.10.52:368][  0]LogPakFile: Registered encryption key '00000000000000000000000000000000': 0 pak files mounted, 0 remain pending
[2018.11.29-21.10.52:369][  0]LogPakFile: Registered encryption key '00000000000000000000000000000000': 0 pak files mounted, 0 remain pending
[2018.11.29-21.10.52:369][  0]LogPakFile: Registered encryption key '00000000000000000000000000000000': 0 pak files mounted, 0 remain pending
[2018.11.29-21.10.52:370][  0]LogPakFile: Registered encryption key '00000000000000000000000000000000': 0 pak files mounted, 0 remain pending
[2018.11.29-21.10.52:370][  0]LogPakFile: Registered encryption key '00000000000000000000000000000000': 0 pak files mounted, 0 remain pending
[2018.11.29-21.10.52:371][  0]LogPakFile: Registered encryption key '00000000000000000000000000000000': 0 pak files mounted, 0 remain pending
[2018.11.29-21.10.52:372][  0]LogPakFile: Registered encryption key '00000000000000000000000000000000': 0 pak files mounted, 0 remain pending
[2018.11.29-21.10.52:372][  0]LogPakFile: Registered encryption key '00000000000000000000000000000000': 0 pak files mounted, 0 remain pending
[2018.11.29-21.10.52:373][  0]LogPakFile: Registered encryption key '00000000000000000000000000000000': 0 pak files mounted, 0 remain pending
[2018.11.29-21.10.52:374][  0]LogPakFile: Registered encryption key '00000000000000000000000000000000': 0 pak files mounted, 0 remain pending
[2018.11.29-21.10.52:375][  0]LogPakFile: Registered encryption key '00000000000000000000000000000000': 0 pak files mounted, 0 remain pending
[2018.11.29-21.10.52:375][  0]LogPakFile: Registered encryption key '00000000000000000000000000000000': 0 pak files mounted, 0 remain pending
[2018.11.29-21.10.52:376][  0]LogPakFile: Registered encryption key '00000000000000000000000000000000': 0 pak files mounted, 0 remain pending
[2018.11.29-21.10.52:377][  0]LogPakFile: Registered encryption key '00000000000000000000000000000000': 0 pak files mounted, 0 remain pending
[2018.11.29-21.10.52:377][  0]LogPakFile: Registered encryption key '00000000000000000000000000000000': 0 pak files mounted, 0 remain pending
[2018.11.29-21.10.52:378][  0]LogPakFile: Registered encryption key '00000000000000000000000000000000': 0 pak files mounted, 0 remain pending
[2018.11.29-21.10.52:379][  0]LogPakFile: Registered encryption key '00000000000000000000000000000000': 0 pak files mounted, 0 remain pending
[2018.11.29-21.10.52:380][  0]LogPakFile: Registered encryption key '00000000000000000000000000000000': 0 pak files mounted, 0 remain pending
[2018.11.29-21.10.52:381][  0]LogPakFile: Registered encryption key '00000000000000000000000000000000': 0 pak files mounted, 0 remain pending
[2018.11.29-21.10.52:382][  0]LogPakFile: Registered encryption key '00000000000000000000000000000000': 0 pak files mounted, 0 remain pending
[2018.11.29-21.10.52:383][  0]LogPakFile: Registered encryption key '00000000000000000000000000000000': 0 pak files mounted, 0 remain pending
[2018.11.29-21.10.52:383][  0]LogPakFile: Registered encryption key '00000000000000000000000000000000': 0 pak files mounted, 0 remain pending
[2018.11.29-21.10.52:384][  0]LogPakFile: Registered encryption key '00000000000000000000000000000000': 0 pak files mounted, 0 remain pending
[2018.11.29-21.10.52:434][  0]LogContentBrowser: Native class hierarchy updated for 'AddContentDialog' in 0.0005 seconds. Added 0 classes and 0 folders.
[2018.11.29-21.10.52:460][  0]LogSlate: Updating window title bar state: overlay mode, drag disabled, window buttons hidden, title bar hidden
[2018.11.29-21.10.52:473][  0]LogSlate: Updating window title bar state: overlay mode, drag disabled, window buttons hidden, title bar hidden
[2018.11.29-21.10.52:485][  0]LogSlate: Updating window title bar state: overlay mode, drag disabled, window buttons hidden, title bar hidden
[2018.11.29-21.10.52:498][  0]LogSlate: Updating window title bar state: overlay mode, drag disabled, window buttons hidden, title bar hidden
[2018.11.29-21.10.52:508][  0]LogContentBrowser: Native class hierarchy updated for 'SceneOutliner' in 0.0005 seconds. Added 1 classes and 2 folders.
[2018.11.29-21.10.52:604][  0]LogSlate: Took 0.000260 seconds to synchronously load lazily loaded font '../../../Engine/Content/Slate/Fonts/Roboto-Regular.ttf' (155K)
[2018.11.29-21.10.52:607][  0]LogSlate: Took 0.000240 seconds to synchronously load lazily loaded font '../../../Engine/Content/Editor/Slate/Fonts/FontAwesome.ttf' (139K)
[2018.11.29-21.10.52:608][  0]LogSlate: Took 0.000189 seconds to synchronously load lazily loaded font '../../../Engine/Content/Slate/Fonts/Roboto-Bold.ttf' (160K)
[2018.11.29-21.10.52:626][  0]LogSlate: Took 0.000296 seconds to synchronously load lazily loaded font '../../../Engine/Content/Slate/Fonts/Roboto-Light.ttf' (167K)
[2018.11.29-21.10.52:768][  0]LogRenderer: Reallocating scene render targets to support 1100x564 Format 9 NumSamples 1 (Frame:1).
[2018.11.29-21.10.53:049][  0]LogContentBrowser: Native class hierarchy updated for 'HierarchicalLODOutliner' in 0.0004 seconds. Added 0 classes and 0 folders.
[2018.11.29-21.10.53:049][  0]LogLoad: (Engine Initialization) Total time: 14.81 seconds
[2018.11.29-21.10.53:049][  0]LogLoad: (Engine Initialization) Total Blueprint compile time: 0.00 seconds
[2018.11.29-21.10.53:140][  0]LogContentStreaming: Texture pool size now 400 MB
[2018.11.29-21.10.53:444][  3]LogAssetRegistry: Asset discovery search completed in 9.9136 seconds
[2018.11.29-21.10.53:453][  3]LogCollectionManager: Rebuilt the object cache for 0 collections in 0.000000 seconds (found 0 objects)
[2018.11.29-21.10.53:453][  3]LogCollectionManager: Fixed up redirectors for 0 collections in 0.000122 seconds (updated 0 objects)
[2018.11.29-21.11.30:005][189]LogSlate: FSceneViewport::OnFocusLost() reason 0
[2018.11.29-21.11.30:055][192]LogTemp: Repeating last play command: Selected Viewport
[2018.11.29-21.11.30:077][192]LogBlueprintUserMessages: Early PlayInEditor Detection: Level '/Game/BattleGround_LOW.BattleGround_LOW:PersistentLevel' has LevelScriptBlueprint '/Game/BattleGround_LOW.BattleGround_LOW:PersistentLevel.BattleGround_LOW' with GeneratedClass '/Game/BattleGround_LOW.BattleGround_LOW_C' with ClassGeneratedBy '/Game/BattleGround_LOW.BattleGround_LOW:PersistentLevel.BattleGround_LOW'
[2018.11.29-21.11.30:077][192]LogPlayLevel: PlayLevel: No blueprints needed recompiling
[2018.11.29-21.11.30:078][192]PIE: New page: PIE session: BattleGround_LOW (29 nov. 2018 23:11:30)
[2018.11.29-21.11.30:090][192]LogPlayLevel: Creating play world package: /Game/UEDPIE_0_BattleGround_LOW
[2018.11.29-21.11.30:140][192]LogPlayLevel: PIE: StaticDuplicateObject took: (0.049992s)
[2018.11.29-21.11.30:141][192]LogAIModule: Creating AISystem for world BattleGround_LOW
[2018.11.29-21.11.30:141][192]LogPlayLevel: PIE: World Init took: (0.000995s)
[2018.11.29-21.11.30:142][192]LogPlayLevel: PIE: Created PIE world by copying editor world from /Game/BattleGround_LOW.BattleGround_LOW to /Game/UEDPIE_0_BattleGround_LOW.BattleGround_LOW (0.051440s)
[2018.11.29-21.11.30:178][192]LogInit: XAudio2 using 'Haut-parleurs (Realtek High Definition Audio)' : 2 channels at 48 kHz using 32 bits per sample (channel mask 0x3)
[2018.11.29-21.11.30:245][192]LogInit: FAudioDevice initialized.
[2018.11.29-21.11.30:287][192]LogLoad: Game class is 'BattleTankGameMode_BP_C'
[2018.11.29-21.11.30:293][192]LogWorld: Bringing World /Game/UEDPIE_0_BattleGround_LOW.BattleGround_LOW up for play (max tick rate 60) at 2018.11.29-22.11.30
[2018.11.29-21.11.30:294][192]LogWorld: Bringing up level for play took: 0.004667
[2018.11.29-21.11.30:311][192]LogContentBrowser: Native class hierarchy updated for 'MovieSceneCapture' in 0.0006 seconds. Added 20 classes and 0 folders.
[2018.11.29-21.11.30:313][192]PIE: Play in editor start time for /Game/UEDPIE_0_BattleGround_LOW -0,15
[2018.11.29-21.11.30:314][192]LogBlueprintUserMessages: Late PlayInEditor Detection: Level '/Game/BattleGround_LOW.BattleGround_LOW:PersistentLevel' has LevelScriptBlueprint '/Game/BattleGround_LOW.BattleGround_LOW:PersistentLevel.BattleGround_LOW' with GeneratedClass '/Game/BattleGround_LOW.BattleGround_LOW_C' with ClassGeneratedBy '/Game/BattleGround_LOW.BattleGround_LOW:PersistentLevel.BattleGround_LOW'
[2018.11.29-21.11.35:688][513]LogBlueprintUserMessages: Early EndPlayMap Detection: Level '/Game/BattleGround_LOW.BattleGround_LOW:PersistentLevel' has LevelScriptBlueprint '/Game/BattleGround_LOW.BattleGround_LOW:PersistentLevel.BattleGround_LOW' with GeneratedClass '/Game/BattleGround_LOW.BattleGround_LOW_C' with ClassGeneratedBy '/Game/BattleGround_LOW.BattleGround_LOW:PersistentLevel.BattleGround_LOW'
[2018.11.29-21.11.35:688][513]LogSlate: Updating window title bar state: overlay mode, drag disabled, window buttons hidden, title bar hidden
[2018.11.29-21.11.35:724][513]LogPlayLevel: Display: Shutting down PIE online subsystems
[2018.11.29-21.11.35:724][513]LogBlueprintUserMessages: Late EndPlayMap Detection: Level '/Game/BattleGround_LOW.BattleGround_LOW:PersistentLevel' has LevelScriptBlueprint '/Game/BattleGround_LOW.BattleGround_LOW:PersistentLevel.BattleGround_LOW' with GeneratedClass '/Game/BattleGround_LOW.BattleGround_LOW_C' with ClassGeneratedBy '/Game/BattleGround_LOW.BattleGround_LOW:PersistentLevel.BattleGround_LOW'
[2018.11.29-21.11.35:759][513]LogSlate: Updating window title bar state: overlay mode, drag disabled, window buttons hidden, title bar hidden
[2018.11.29-21.11.35:785][514]LogPlayLevel: Display: Destroying online subsystem :Context_1
[2018.11.29-21.12.23:540][713]LogSlate: FSceneViewport::OnFocusLost() reason 0
[2018.11.29-21.16.26:844][264]LogSlate: Took 0.000315 seconds to synchronously load lazily loaded font '../../../Engine/Content/Slate/Fonts/Roboto-Light.ttf' (167K)
[2018.11.29-21.16.26:854][264]LogAssetEditorManager: Opening Asset editor for WidgetBlueprint /Game/Player_UI.Player_UI
[2018.11.29-21.16.29:468][264]LogContentBrowser: Native class hierarchy updated for 'BlueprintGraph' in 0.0029 seconds. Added 117 classes and 0 folders.
[2018.11.29-21.16.36:170][264]LogSlate: Took 0.033683 seconds to synchronously load lazily loaded font '../../../Engine/Content/Slate/Fonts/Roboto-BoldCondensed.ttf' (158K)
[2018.11.29-21.16.37:908][295]LogSlate: Window 'Player_UI*' being destroyed
[2018.11.29-21.19.14:702][ 99]BlueprintLog: New page: Compile Player_UI
[2018.11.29-21.19.24:734][637]LogEditorViewport: Clicking on Actor (LMB): DirectionalLight (DirectionalLight)
[2018.11.29-21.19.29:784][929]Cmd: DELETE
[2018.11.29-21.19.29:784][929]Cmd: ACTOR DELETE
[2018.11.29-21.19.29:863][929]LogEditorActor: Deleted Actor: DirectionalLight
[2018.11.29-21.19.29:920][929]LogEditorActor: Deleted 1 Actors (0.084 secs)
[2018.11.29-21.19.35:726][276]LogSlate: FSceneViewport::OnFocusLost() reason 2
[2018.11.29-21.19.36:667][329]LogTemp: Repeating last play command: Selected Viewport
[2018.11.29-21.19.36:695][329]LogBlueprintUserMessages: Early PlayInEditor Detection: Level '/Game/BattleGround_LOW.BattleGround_LOW:PersistentLevel' has LevelScriptBlueprint '/Game/BattleGround_LOW.BattleGround_LOW:PersistentLevel.BattleGround_LOW' with GeneratedClass '/Game/BattleGround_LOW.BattleGround_LOW_C' with ClassGeneratedBy '/Game/BattleGround_LOW.BattleGround_LOW:PersistentLevel.BattleGround_LOW'
[2018.11.29-21.19.36:695][329]LogPlayLevel: PlayLevel: No blueprints needed recompiling
[2018.11.29-21.19.36:695][329]PIE: New page: PIE session: BattleGround_LOW (29 nov. 2018 23:19:36)
[2018.11.29-21.19.36:695][329]LogPlayLevel: Creating play world package: /Game/UEDPIE_0_BattleGround_LOW
[2018.11.29-21.19.36:730][329]LogPlayLevel: PIE: StaticDuplicateObject took: (0.034928s)
[2018.11.29-21.19.36:732][329]LogAIModule: Creating AISystem for world BattleGround_LOW
[2018.11.29-21.19.36:732][329]LogPlayLevel: PIE: World Init took: (0.001775s)
[2018.11.29-21.19.36:733][329]LogPlayLevel: PIE: Created PIE world by copying editor world from /Game/BattleGround_LOW.BattleGround_LOW to /Game/UEDPIE_0_BattleGround_LOW.BattleGround_LOW (0.037149s)
[2018.11.29-21.19.36:784][329]LogInit: XAudio2 using 'Haut-parleurs (Realtek High Definition Audio)' : 2 channels at 48 kHz using 32 bits per sample (channel mask 0x3)
[2018.11.29-21.19.36:854][329]LogInit: FAudioDevice initialized.
[2018.11.29-21.19.36:856][329]LogSlate: FSceneViewport::OnFocusLost() reason 2
[2018.11.29-21.19.36:891][329]LogLoad: Game class is 'BattleTankGameMode_BP_C'
[2018.11.29-21.19.36:896][329]LogWorld: Bringing World /Game/UEDPIE_0_BattleGround_LOW.BattleGround_LOW up for play (max tick rate 60) at 2018.11.29-22.19.36
[2018.11.29-21.19.36:896][329]LogWorld: Bringing up level for play took: 0.003937
[2018.11.29-21.19.36:910][329]PIE: Play in editor start time for /Game/UEDPIE_0_BattleGround_LOW 0,447
[2018.11.29-21.19.36:911][329]LogBlueprintUserMessages: Late PlayInEditor Detection: Level '/Game/BattleGround_LOW.BattleGround_LOW:PersistentLevel' has LevelScriptBlueprint '/Game/BattleGround_LOW.BattleGround_LOW:PersistentLevel.BattleGround_LOW' with GeneratedClass '/Game/BattleGround_LOW.BattleGround_LOW_C' with ClassGeneratedBy '/Game/BattleGround_LOW.BattleGround_LOW:PersistentLevel.BattleGround_LOW'
[2018.11.29-21.19.45:763][857]LogBlueprintUserMessages: Early EndPlayMap Detection: Level '/Game/BattleGround_LOW.BattleGround_LOW:PersistentLevel' has LevelScriptBlueprint '/Game/BattleGround_LOW.BattleGround_LOW:PersistentLevel.BattleGround_LOW' with GeneratedClass '/Game/BattleGround_LOW.BattleGround_LOW_C' with ClassGeneratedBy '/Game/BattleGround_LOW.BattleGround_LOW:PersistentLevel.BattleGround_LOW'
[2018.11.29-21.19.45:764][857]LogSlate: Updating window title bar state: overlay mode, drag disabled, window buttons hidden, title bar hidden
[2018.11.29-21.19.45:804][857]LogPlayLevel: Display: Shutting down PIE online subsystems
[2018.11.29-21.19.45:804][857]LogBlueprintUserMessages: Late EndPlayMap Detection: Level '/Game/BattleGround_LOW.BattleGround_LOW:PersistentLevel' has LevelScriptBlueprint '/Game/BattleGround_LOW.BattleGround_LOW:PersistentLevel.BattleGround_LOW' with GeneratedClass '/Game/BattleGround_LOW.BattleGround_LOW_C' with ClassGeneratedBy '/Game/BattleGround_LOW.BattleGround_LOW:PersistentLevel.BattleGround_LOW'
[2018.11.29-21.19.45:851][857]LogSlate: Updating window title bar state: overlay mode, drag disabled, window buttons hidden, title bar hidden
[2018.11.29-21.19.45:880][858]LogPlayLevel: Display: Destroying online subsystem :Context_5
[2018.11.29-21.19.56:576][969]LogSlate: FSceneViewport::OnFocusLost() reason 0
[2018.11.29-21.20.26:248][221]BlueprintLog: New page: Compile Player_UI
[2018.11.29-21.20.46:077][387]MapCheck: New page: Map Check
[2018.11.29-21.20.46:431][387]LightingResults: New page: Lighting Build - 29 nov. 2018 23:20:46
[2018.11.29-21.20.46:522][387]LogSwarmInterface: [OpenConnection] Registering TCP channel ...
[2018.11.29-21.20.46:651][387]LogSwarmInterface: [OpenConnection] Connecting to agent ...
[2018.11.29-21.20.46:679][387]LogSwarmInterface: [TryOpenConnection] Testing the Agent
[2018.11.29-21.20.47:698][387]LogSwarmInterface: [TryOpenConnection] Opening Connection to Agent
[2018.11.29-21.20.47:698][387]LogSwarmInterface: [TryOpenConnection] Local Process ID is 22328
[2018.11.29-21.20.52:045][387]LightingResults: Warning: No importance volume found and the scene is so large that the automatically synthesized volume will not yield good results.  Please add a tightly bounding lightmass importance volume to optimize your scene's quality and lighting build times.
[2018.11.29-21.20.52:046][387]LogStaticLightingSystem: Running Lightmass w/ ImmediateImport mode ENABLED
[2018.11.29-21.20.52:046][387]LogStaticLightingSystem: Running Lightmass w/ ImmediateProcess mode ENABLED
[2018.11.29-21.20.52:046][387]LogStaticLightingSystem: Running Lightmass w/ Sorting mode ENABLED
[2018.11.29-21.20.52:046][387]LogStaticLightingSystem: Running Lightmass w/ Mapping paddings ENABLED
[2018.11.29-21.20.52:046][387]LogStaticLightingSystem: Running Lightmass w/ Mapping debug paddings DISABLED
[2018.11.29-21.20.52:288][387]LogEditorBuildUtils: Build time 0:06
[2018.11.29-21.21.37:000][484]Job is a success!
[2018.11.29-21.21.37:666][485]LogVolumetricLightmapImport: Imported Volumetric Lightmap in 0.240s
[2018.11.29-21.21.37:667][485]LogVolumetricLightmapImport:      Indirection Texture 32x32x32 = 0.1Mb
[2018.11.29-21.21.37:667][485]LogVolumetricLightmapImport:      BrickData 1280x15x5 = 3.8Mb (trimmed 0.1Mb due to 0.010000 MinBrickError)
[2018.11.29-21.21.37:667][485]LogVolumetricLightmapImport:      Bricks at Level
[2018.11.29-21.21.37:667][485]LogVolumetricLightmapImport:          0: 1.0% covering 100.0% of volume
[2018.11.29-21.21.37:667][485]LogVolumetricLightmapImport:          1: 9.8% covering 14.6% of volume
[2018.11.29-21.21.37:667][485]LogVolumetricLightmapImport:          2: 89.1% covering 2.1% of volume
[2018.11.29-21.21.38:450][485]LogTexture: Display: Building textures: HQ_Lightmap1_1 (AutoDXT, 512X512)
[2018.11.29-21.21.38:451][485]LogTexture: Display: Building textures: SkyOcclusion1_1 (AutoDXT, 512X256)
[2018.11.29-21.21.38:451][485]LogTexture: Display: Building textures: LQ_Lightmap_1_1 (DXT1, 512X512)
[2018.11.29-21.21.38:556][485]LogTexture: Display: Building textures: ShadowMapTexture2D_1 (G8, 1024X128)
[2018.11.29-21.21.38:661][485]Lightmass on DESKTOP-LF9461B: 44.7 sec total, 818 ms importing, 361 ms setup, 6.02 sec photons, 37.4 sec processing, 0 ms extra exporting [65/65 mappings]. Threads: 2:29 min total, 23.6 sec processing.
[2018.11.29-21.21.38:804][485]LogStaticLightingSystem: Illumination: 52.0 sec (749 ms encoding lightmaps, 80 ms encoding shadowmaps)
[2018.11.29-21.21.38:804][485]LogStaticLightingSystem: Lightmap texture memory:  0.7 MB (0.7 MB streaming, 0.0 MB non-streaming), 2 textures
[2018.11.29-21.21.38:804][485]LogStaticLightingSystem: Shadowmap texture memory: 0.2 MB (0.2 MB streaming, 0.0 MB non-streaming), 1 textures
[2018.11.29-21.21.44:093][485]DumpUnbuiltLightIteractions
[2018.11.29-21.21.44:093][485]Lights with unbuilt interactions: 0
[2018.11.29-21.21.44:093][485]
[2018.11.29-21.21.44:093][485]Primitives with unbuilt interactions: 0
[2018.11.29-21.21.44:171][486]Cmd: MAP CHECK NOTIFYRESULTS
[2018.11.29-21.21.44:171][486]MapCheck: New page: BattleGround_LOW - 29 nov. 2018 23:21:44
[2018.11.29-21.21.44:173][486]MapCheck: Map check complete: 0 Error(s), 0 Warning(s), took 1,363ms to complete.
[2018.11.29-21.21.45:716][490]Cmd: OBJ SAVEPACKAGE PACKAGE="/Game/BattleGround_LOW" FILE="../../../../../BattleTank/Battle_Tank/Saved/Autosaves/Game/BattleGround_LOW_Auto1.umap" SILENT=true AUTOSAVING=true KEEPDIRTY=false
[2018.11.29-21.21.45:759][490]LogBlueprint: Warning: [Compiler PersistentLevel.BattleGround_LOW] InputAction Event references unknown Action 'Quit' for  InputAction Quit
[2018.11.29-21.21.45:761][490]LogBlueprint: Warning: [Compiler PersistentLevel.BattleGround_LOW] [0667,53] Compile of PersistentLevel.BattleGround_LOW successful, but with 1 Warning(s) [in 16 ms] (/Game/BattleGround_LOW.BattleGround_LOW:PersistentLevel.BattleGround_LOW)
[2018.11.29-21.21.46:281][490]LogSavePackage: Moving '../../../../../BattleTank/Battle_Tank/Saved/BattleGround_LOW_Auto1CC89793644DE0D632210E9BE0D6A5463.tmp' to '../../../../../BattleTank/Battle_Tank/Saved/Autosaves/Game/BattleGround_LOW_Auto1.umap'
[2018.11.29-21.21.46:311][490]LogFileHelpers: Editor autosave (incl. sublevels) for '/Game/BattleGround_LOW' took 0.746
[2018.11.29-21.21.46:312][490]LogFileHelpers: Editor autosave (incl. sublevels) for all levels took 0.746
[2018.11.29-21.21.46:317][490]OBJ SavePackage: Generating thumbnails for [0] asset(s) in package [/Game/Player_UI] ([1] browsable assets)...
[2018.11.29-21.21.46:317][490]OBJ SavePackage: Finished generating thumbnails for package [/Game/Player_UI]
[2018.11.29-21.21.46:317][490]Cmd: OBJ SAVEPACKAGE PACKAGE="/Game/Player_UI" FILE="../../../../../BattleTank/Battle_Tank/Saved/Autosaves/Game/Player_UI_Auto1.uasset" SILENT=false AUTOSAVING=true
[2018.11.29-21.21.46:341][490]LogSavePackage: Moving '../../../../../BattleTank/Battle_Tank/Saved/Player_UI_Auto161F5A6B54EDA4AEBEA41A19906AB039D.tmp' to '../../../../../BattleTank/Battle_Tank/Saved/Autosaves/Game/Player_UI_Auto1.uasset'
[2018.11.29-21.21.46:341][490]LogFileHelpers: Auto-saving content packages took 0.028
[2018.11.29-21.23.11:610][846]LogSlate: Window 'Pick Parent Class' being destroyed
[2018.11.29-21.24.06:006][397]LogMetaData: Removing '/Game/TankPlayerController_BP.TankPlayerController_BP:UserConstructionScript.K2Node_FunctionEntry_0' ref from Metadata '/Game/Player.PackageMetaData'
[2018.11.29-21.24.06:006][397]LogMetaData: Removing '/Game/TankPlayerController_BP.SKEL_TankPlayerController_BP_C' ref from Metadata '/Game/Player.PackageMetaData'
[2018.11.29-21.24.06:006][397]LogMetaData: Removing '/Game/TankPlayerController_BP.TankPlayerController_BP_C' ref from Metadata '/Game/Player.PackageMetaData'
[2018.11.29-21.24.06:006][397]LogMetaData: Removing '/Game/TankPlayerController_BP.TankPlayerController_BP:EventGraph.K2Node_Event_0' ref from Metadata '/Game/Player.PackageMetaData'
[2018.11.29-21.24.06:006][397]LogMetaData: Removing '/Game/TankPlayerController_BP.TankPlayerController_BP:EventGraph.K2Node_Event_1' ref from Metadata '/Game/Player.PackageMetaData'
[2018.11.29-21.24.06:081][397]Cmd: OBJ SAVEPACKAGE PACKAGE="/Game/TankPlayerController_BP" FILE="../../../../../BattleTank/Battle_Tank/Content/TankPlayerController_BP.uasset" SILENT=true
[2018.11.29-21.24.06:105][397]LogSavePackage: Moving '../../../../../BattleTank/Battle_Tank/Saved/TankPlayerController_BPC59D7DEE452E56FBD53CFD93408A11A1.tmp' to '../../../../../BattleTank/Battle_Tank/Content/TankPlayerController_BP.uasset'
[2018.11.29-21.24.08:416][511]LogAssetEditorManager: Opening Asset editor for Blueprint /Game/TankPlayerController_BP.TankPlayerController_BP
[2018.11.29-21.24.09:479][512]LogRenderer: Reallocating scene render targets to support 1100x880 Format 9 NumSamples 1 (Frame:1).
[2018.11.29-21.25.33:465][981]LogSlate: Took 0.039904 seconds to synchronously load lazily loaded font '../../../Engine/Content/Slate/Fonts/Roboto-Italic.ttf' (157K)
[2018.11.29-21.25.48:645][891]BlueprintLog: New page: Compile TankPlayerController_BP
[2018.11.29-21.25.48:750][891]LogBlueprint: Error: [Compiler TankPlayerController_BP] Spawn node  Create Widget  must have a class specified.
[2018.11.29-21.25.49:015][891]LogBlueprint: Warning: [Compiler TankPlayerController_BP] [0910,78] Compile of TankPlayerController_BP failed. 1 Fatal Issue(s) 0 Warning(s) [in 369 ms] (/Game/TankPlayerController_BP.TankPlayerController_BP)
[2018.11.29-21.26.10:120][142]BlueprintLog: New page: Compile TankPlayerController_BP
[2018.11.29-21.26.10:128][142]LogBlueprint: Error: [Compiler TankPlayerController_BP] Spawn node  Create Widget  must have a class specified.
[2018.11.29-21.26.10:356][142]LogBlueprint: Warning: [Compiler TankPlayerController_BP] [0932,12] Compile of TankPlayerController_BP failed. 1 Fatal Issue(s) 0 Warning(s) [in 235 ms] (/Game/TankPlayerController_BP.TankPlayerController_BP)
[2018.11.29-21.26.22:756][690]LogSlate: Prevented a slow task dialog from being summoned while a context menu was open
[2018.11.29-21.26.26:320][902]BlueprintLog: New page: Compile TankPlayerController_BP
[2018.11.29-21.26.28:775][ 35]LogTemp: Repeating last play command: Selected Viewport
[2018.11.29-21.26.28:800][ 35]LogBlueprintUserMessages: Early PlayInEditor Detection: Level '/Game/BattleGround_LOW.BattleGround_LOW:PersistentLevel' has LevelScriptBlueprint '/Game/BattleGround_LOW.BattleGround_LOW:PersistentLevel.BattleGround_LOW' with GeneratedClass '/Game/BattleGround_LOW.BattleGround_LOW_C' with ClassGeneratedBy '/Game/BattleGround_LOW.BattleGround_LOW:PersistentLevel.BattleGround_LOW'
[2018.11.29-21.26.28:800][ 35]BlueprintLog: New page: Pre-Play auto-recompile
[2018.11.29-21.26.28:802][ 35]LogPlayLevel: [PlayLevel] Compiling Player_UI before play...
[2018.11.29-21.26.28:990][ 35]LogPlayLevel: [PlayLevel] Compiling BattleGround_LOW before play...
[2018.11.29-21.26.28:991][ 35]LogBlueprint: Warning: [Compiler PersistentLevel.BattleGround_LOW] InputAction Event references unknown Action 'Quit' for  InputAction Quit
[2018.11.29-21.26.28:992][ 35]LogBlueprint: Warning: [Compiler PersistentLevel.BattleGround_LOW] [0950,76] Compile of PersistentLevel.BattleGround_LOW successful, but with 1 Warning(s) [in 2 ms] (/Game/BattleGround_LOW.BattleGround_LOW:PersistentLevel.BattleGround_LOW)
[2018.11.29-21.26.29:148][ 35]LogPlayLevel: PlayLevel: Blueprint regeneration took 348 ms (2 blueprints)
[2018.11.29-21.26.29:149][ 35]PIE: New page: PIE session: BattleGround_LOW (29 nov. 2018 23:26:29)
[2018.11.29-21.26.29:149][ 35]LogPlayLevel: Creating play world package: /Game/UEDPIE_0_BattleGround_LOW
[2018.11.29-21.26.29:178][ 35]LogPlayLevel: PIE: StaticDuplicateObject took: (0.028769s)
[2018.11.29-21.26.29:179][ 35]LogAIModule: Creating AISystem for world BattleGround_LOW
[2018.11.29-21.26.29:180][ 35]LogPlayLevel: PIE: World Init took: (0.001562s)
[2018.11.29-21.26.29:180][ 35]LogPlayLevel: PIE: Created PIE world by copying editor world from /Game/BattleGround_LOW.BattleGround_LOW to /Game/UEDPIE_0_BattleGround_LOW.BattleGround_LOW (0.030660s)
[2018.11.29-21.26.29:215][ 35]LogInit: XAudio2 using 'Haut-parleurs (Realtek High Definition Audio)' : 2 channels at 48 kHz using 32 bits per sample (channel mask 0x3)
[2018.11.29-21.26.29:268][ 35]LogInit: FAudioDevice initialized.
[2018.11.29-21.26.29:276][ 35]LogSlate: Updating window title bar state: overlay mode, drag disabled, window buttons hidden, title bar hidden
[2018.11.29-21.26.29:305][ 35]LogLoad: Game class is 'BattleTankGameMode_BP_C'
[2018.11.29-21.26.29:309][ 35]LogWorld: Bringing World /Game/UEDPIE_0_BattleGround_LOW.BattleGround_LOW up for play (max tick rate 60) at 2018.11.29-22.26.29
[2018.11.29-21.26.29:309][ 35]LogWorld: Bringing up level for play took: 0.003681
[2018.11.29-21.26.29:325][ 35]PIE: Play in editor start time for /Game/UEDPIE_0_BattleGround_LOW 0,861
[2018.11.29-21.26.29:325][ 35]LogBlueprintUserMessages: Late PlayInEditor Detection: Level '/Game/BattleGround_LOW.BattleGround_LOW:PersistentLevel' has LevelScriptBlueprint '/Game/BattleGround_LOW.BattleGround_LOW:PersistentLevel.BattleGround_LOW' with GeneratedClass '/Game/BattleGround_LOW.BattleGround_LOW_C' with ClassGeneratedBy '/Game/BattleGround_LOW.BattleGround_LOW:PersistentLevel.BattleGround_LOW'
[2018.11.29-21.26.29:356][ 35]LogRenderer: Reallocating scene render targets to support 1292x880 Format 9 NumSamples 1 (Frame:1).
[2018.11.29-21.26.39:105][614]LogBlueprintUserMessages: Early EndPlayMap Detection: Level '/Game/BattleGround_LOW.BattleGround_LOW:PersistentLevel' has LevelScriptBlueprint '/Game/BattleGround_LOW.BattleGround_LOW:PersistentLevel.BattleGround_LOW' with GeneratedClass '/Game/BattleGround_LOW.BattleGround_LOW_C' with ClassGeneratedBy '/Game/BattleGround_LOW.BattleGround_LOW:PersistentLevel.BattleGround_LOW'
[2018.11.29-21.26.39:106][614]LogSlate: Updating window title bar state: overlay mode, drag disabled, window buttons hidden, title bar hidden
[2018.11.29-21.26.39:129][614]LogSlate: Window 'Battle_Tank Game Preview Standalone (64-bit/PCD3D_SM5)' being destroyed
[2018.11.29-21.26.39:166][614]LogPlayLevel: Display: Shutting down PIE online subsystems
[2018.11.29-21.26.39:167][614]LogBlueprintUserMessages: Late EndPlayMap Detection: Level '/Game/BattleGround_LOW.BattleGround_LOW:PersistentLevel' has LevelScriptBlueprint '/Game/BattleGround_LOW.BattleGround_LOW:PersistentLevel.BattleGround_LOW' with GeneratedClass '/Game/BattleGround_LOW.BattleGround_LOW_C' with ClassGeneratedBy '/Game/BattleGround_LOW.BattleGround_LOW:PersistentLevel.BattleGround_LOW'
[2018.11.29-21.26.39:248][615]LogPlayLevel: Display: Destroying online subsystem :Context_7
[2018.11.29-21.26.47:530][827]LogTemp: Repeating last play command: Selected Viewport
[2018.11.29-21.26.47:570][827]LogBlueprintUserMessages: Early PlayInEditor Detection: Level '/Game/BattleGround_LOW.BattleGround_LOW:PersistentLevel' has LevelScriptBlueprint '/Game/BattleGround_LOW.BattleGround_LOW:PersistentLevel.BattleGround_LOW' with GeneratedClass '/Game/BattleGround_LOW.BattleGround_LOW_C' with ClassGeneratedBy '/Game/BattleGround_LOW.BattleGround_LOW:PersistentLevel.BattleGround_LOW'
[2018.11.29-21.26.47:570][827]LogPlayLevel: PlayLevel: No blueprints needed recompiling
[2018.11.29-21.26.47:570][827]PIE: New page: PIE session: BattleGround_LOW (29 nov. 2018 23:26:47)
[2018.11.29-21.26.47:570][827]LogPlayLevel: Creating play world package: /Game/UEDPIE_0_BattleGround_LOW
[2018.11.29-21.26.47:608][827]LogPlayLevel: PIE: StaticDuplicateObject took: (0.037412s)
[2018.11.29-21.26.47:609][827]LogAIModule: Creating AISystem for world BattleGround_LOW
[2018.11.29-21.26.47:609][827]LogPlayLevel: PIE: World Init took: (0.001003s)
[2018.11.29-21.26.47:609][827]LogPlayLevel: PIE: Created PIE world by copying editor world from /Game/BattleGround_LOW.BattleGround_LOW to /Game/UEDPIE_0_BattleGround_LOW.BattleGround_LOW (0.038834s)
[2018.11.29-21.26.47:663][827]LogInit: XAudio2 using 'Haut-parleurs (Realtek High Definition Audio)' : 2 channels at 48 kHz using 32 bits per sample (channel mask 0x3)
[2018.11.29-21.26.47:735][827]LogInit: FAudioDevice initialized.
[2018.11.29-21.26.47:769][827]LogLoad: Game class is 'BattleTankGameMode_BP_C'
[2018.11.29-21.26.47:774][827]LogWorld: Bringing World /Game/UEDPIE_0_BattleGround_LOW.BattleGround_LOW up for play (max tick rate 60) at 2018.11.29-22.26.47
[2018.11.29-21.26.47:774][827]LogWorld: Bringing up level for play took: 0.004011
[2018.11.29-21.26.47:788][827]PIE: Play in editor start time for /Game/UEDPIE_0_BattleGround_LOW -0,675
[2018.11.29-21.26.47:789][827]LogBlueprintUserMessages: Late PlayInEditor Detection: Level '/Game/BattleGround_LOW.BattleGround_LOW:PersistentLevel' has LevelScriptBlueprint '/Game/BattleGround_LOW.BattleGround_LOW:PersistentLevel.BattleGround_LOW' with GeneratedClass '/Game/BattleGround_LOW.BattleGround_LOW_C' with ClassGeneratedBy '/Game/BattleGround_LOW.BattleGround_LOW:PersistentLevel.BattleGround_LOW'
[2018.11.29-21.26.51:180][ 24]LogBlueprintUserMessages: Early EndPlayMap Detection: Level '/Game/BattleGround_LOW.BattleGround_LOW:PersistentLevel' has LevelScriptBlueprint '/Game/BattleGround_LOW.BattleGround_LOW:PersistentLevel.BattleGround_LOW' with GeneratedClass '/Game/BattleGround_LOW.BattleGround_LOW_C' with ClassGeneratedBy '/Game/BattleGround_LOW.BattleGround_LOW:PersistentLevel.BattleGround_LOW'
[2018.11.29-21.26.51:180][ 24]LogSlate: Updating window title bar state: overlay mode, drag disabled, window buttons hidden, title bar hidden
[2018.11.29-21.26.51:220][ 24]LogPlayLevel: Display: Shutting down PIE online subsystems
[2018.11.29-21.26.51:220][ 24]LogBlueprintUserMessages: Late EndPlayMap Detection: Level '/Game/BattleGround_LOW.BattleGround_LOW:PersistentLevel' has LevelScriptBlueprint '/Game/BattleGround_LOW.BattleGround_LOW:PersistentLevel.BattleGround_LOW' with GeneratedClass '/Game/BattleGround_LOW.BattleGround_LOW_C' with ClassGeneratedBy '/Game/BattleGround_LOW.BattleGround_LOW:PersistentLevel.BattleGround_LOW'
[2018.11.29-21.26.51:276][ 24]LogSlate: Updating window title bar state: overlay mode, drag disabled, window buttons hidden, title bar hidden
[2018.11.29-21.26.51:304][ 25]LogPlayLevel: Display: Destroying online subsystem :Context_8
[2018.11.29-21.27.07:573][286]LogSlate: FSceneViewport::OnFocusLost() reason 2
[2018.11.29-21.27.12:344][547]LogSlate: FSceneViewport::OnFocusLost() reason 2
[2018.11.29-21.27.12:354][547]LogAssetEditorManager: Opening Asset editor for Blueprint /Game/Blueprints/BattleTankGameMode_BP.BattleTankGameMode_BP
[2018.11.29-21.27.34:287][823]LogSlate: Prevented a slow task dialog from being summoned while a context menu was open
[2018.11.29-21.27.52:272][899]BlueprintLog: New page: Compile BattleTankGameMode_BP
[2018.11.29-21.28.02:707][162]LogTemp: Repeating last play command: Selected Viewport
[2018.11.29-21.28.02:739][162]LogBlueprintUserMessages: Early PlayInEditor Detection: Level '/Game/BattleGround_LOW.BattleGround_LOW:PersistentLevel' has LevelScriptBlueprint '/Game/BattleGround_LOW.BattleGround_LOW:PersistentLevel.BattleGround_LOW' with GeneratedClass '/Game/BattleGround_LOW.BattleGround_LOW_C' with ClassGeneratedBy '/Game/BattleGround_LOW.BattleGround_LOW:PersistentLevel.BattleGround_LOW'
[2018.11.29-21.28.02:740][162]LogPlayLevel: PlayLevel: No blueprints needed recompiling
[2018.11.29-21.28.02:740][162]PIE: New page: PIE session: BattleGround_LOW (29 nov. 2018 23:28:02)
[2018.11.29-21.28.02:740][162]LogPlayLevel: Creating play world package: /Game/UEDPIE_0_BattleGround_LOW
[2018.11.29-21.28.02:773][162]LogPlayLevel: PIE: StaticDuplicateObject took: (0.033686s)
[2018.11.29-21.28.02:774][162]LogAIModule: Creating AISystem for world BattleGround_LOW
[2018.11.29-21.28.02:774][162]LogPlayLevel: PIE: World Init took: (0.000879s)
[2018.11.29-21.28.02:774][162]LogPlayLevel: PIE: Created PIE world by copying editor world from /Game/BattleGround_LOW.BattleGround_LOW to /Game/UEDPIE_0_BattleGround_LOW.BattleGround_LOW (0.034888s)
[2018.11.29-21.28.02:825][162]LogInit: XAudio2 using 'Haut-parleurs (Realtek High Definition Audio)' : 2 channels at 48 kHz using 32 bits per sample (channel mask 0x3)
[2018.11.29-21.28.02:891][162]LogInit: FAudioDevice initialized.
[2018.11.29-21.28.02:926][162]LogLoad: Game class is 'BattleTankGameMode_BP_C'
[2018.11.29-21.28.02:930][162]LogWorld: Bringing World /Game/UEDPIE_0_BattleGround_LOW.BattleGround_LOW up for play (max tick rate 60) at 2018.11.29-22.28.02
[2018.11.29-21.28.02:931][162]LogWorld: Bringing up level for play took: 0.003539
[2018.11.29-21.28.03:066][162]PIE: Play in editor start time for /Game/UEDPIE_0_BattleGround_LOW 0,603
[2018.11.29-21.28.03:066][162]LogBlueprintUserMessages: Late PlayInEditor Detection: Level '/Game/BattleGround_LOW.BattleGround_LOW:PersistentLevel' has LevelScriptBlueprint '/Game/BattleGround_LOW.BattleGround_LOW:PersistentLevel.BattleGround_LOW' with GeneratedClass '/Game/BattleGround_LOW.BattleGround_LOW_C' with ClassGeneratedBy '/Game/BattleGround_LOW.BattleGround_LOW:PersistentLevel.BattleGround_LOW'
[2018.11.29-21.28.08:248][472]LogBlueprintUserMessages: Early EndPlayMap Detection: Level '/Game/BattleGround_LOW.BattleGround_LOW:PersistentLevel' has LevelScriptBlueprint '/Game/BattleGround_LOW.BattleGround_LOW:PersistentLevel.BattleGround_LOW' with GeneratedClass '/Game/BattleGround_LOW.BattleGround_LOW_C' with ClassGeneratedBy '/Game/BattleGround_LOW.BattleGround_LOW:PersistentLevel.BattleGround_LOW'
[2018.11.29-21.28.08:249][472]LogSlate: Updating window title bar state: overlay mode, drag disabled, window buttons hidden, title bar hidden
[2018.11.29-21.28.08:282][472]LogPlayLevel: Display: Shutting down PIE online subsystems
[2018.11.29-21.28.08:282][472]LogBlueprintUserMessages: Late EndPlayMap Detection: Level '/Game/BattleGround_LOW.BattleGround_LOW:PersistentLevel' has LevelScriptBlueprint '/Game/BattleGround_LOW.BattleGround_LOW:PersistentLevel.BattleGround_LOW' with GeneratedClass '/Game/BattleGround_LOW.BattleGround_LOW_C' with ClassGeneratedBy '/Game/BattleGround_LOW.BattleGround_LOW:PersistentLevel.BattleGround_LOW'
[2018.11.29-21.28.08:329][472]LogSlate: Updating window title bar state: overlay mode, drag disabled, window buttons hidden, title bar hidden
[2018.11.29-21.28.08:376][473]LogPlayLevel: Display: Destroying online subsystem :Context_11
[2018.11.29-21.28.09:144][519]LogSlate: FSceneViewport::OnFocusLost() reason 0
[2018.11.29-21.28.12:369][712]LogSlate: Prevented a slow task dialog from being summoned while a context menu was open
[2018.11.29-21.28.15:884][921]BlueprintLog: New page: Compile BattleTankGameMode_BP
[2018.11.29-21.28.21:670][249]LogTemp: Repeating last play command: Selected Viewport
[2018.11.29-21.28.21:702][249]LogBlueprintUserMessages: Early PlayInEditor Detection: Level '/Game/BattleGround_LOW.BattleGround_LOW:PersistentLevel' has LevelScriptBlueprint '/Game/BattleGround_LOW.BattleGround_LOW:PersistentLevel.BattleGround_LOW' with GeneratedClass '/Game/BattleGround_LOW.BattleGround_LOW_C' with ClassGeneratedBy '/Game/BattleGround_LOW.BattleGround_LOW:PersistentLevel.BattleGround_LOW'
[2018.11.29-21.28.21:702][249]LogPlayLevel: PlayLevel: No blueprints needed recompiling
[2018.11.29-21.28.21:702][249]PIE: New page: PIE session: BattleGround_LOW (29 nov. 2018 23:28:21)
[2018.11.29-21.28.21:702][249]LogPlayLevel: Creating play world package: /Game/UEDPIE_0_BattleGround_LOW
[2018.11.29-21.28.21:735][249]LogPlayLevel: PIE: StaticDuplicateObject took: (0.033101s)
[2018.11.29-21.28.21:736][249]LogAIModule: Creating AISystem for world BattleGround_LOW
[2018.11.29-21.28.21:736][249]LogPlayLevel: PIE: World Init took: (0.000870s)
[2018.11.29-21.28.21:736][249]LogPlayLevel: PIE: Created PIE world by copying editor world from /Game/BattleGround_LOW.BattleGround_LOW to /Game/UEDPIE_0_BattleGround_LOW.BattleGround_LOW (0.034285s)
[2018.11.29-21.28.21:787][249]LogInit: XAudio2 using 'Haut-parleurs (Realtek High Definition Audio)' : 2 channels at 48 kHz using 32 bits per sample (channel mask 0x3)
[2018.11.29-21.28.21:854][249]LogInit: FAudioDevice initialized.
[2018.11.29-21.28.21:887][249]LogLoad: Game class is 'BattleTankGameMode_BP_C'
[2018.11.29-21.28.21:891][249]LogWorld: Bringing World /Game/UEDPIE_0_BattleGround_LOW.BattleGround_LOW up for play (max tick rate 60) at 2018.11.29-22.28.21
[2018.11.29-21.28.21:892][249]LogWorld: Bringing up level for play took: 0.003988
[2018.11.29-21.28.21:906][249]PIE: Play in editor start time for /Game/UEDPIE_0_BattleGround_LOW -0,557
[2018.11.29-21.28.21:906][249]LogBlueprintUserMessages: Late PlayInEditor Detection: Level '/Game/BattleGround_LOW.BattleGround_LOW:PersistentLevel' has LevelScriptBlueprint '/Game/BattleGround_LOW.BattleGround_LOW:PersistentLevel.BattleGround_LOW' with GeneratedClass '/Game/BattleGround_LOW.BattleGround_LOW_C' with ClassGeneratedBy '/Game/BattleGround_LOW.BattleGround_LOW:PersistentLevel.BattleGround_LOW'
[2018.11.29-21.28.26:383][515]LogBlueprintUserMessages: Early EndPlayMap Detection: Level '/Game/BattleGround_LOW.BattleGround_LOW:PersistentLevel' has LevelScriptBlueprint '/Game/BattleGround_LOW.BattleGround_LOW:PersistentLevel.BattleGround_LOW' with GeneratedClass '/Game/BattleGround_LOW.BattleGround_LOW_C' with ClassGeneratedBy '/Game/BattleGround_LOW.BattleGround_LOW:PersistentLevel.BattleGround_LOW'
[2018.11.29-21.28.26:384][515]LogSlate: Updating window title bar state: overlay mode, drag disabled, window buttons hidden, title bar hidden
[2018.11.29-21.28.26:416][515]LogPlayLevel: Display: Shutting down PIE online subsystems
[2018.11.29-21.28.26:417][515]LogBlueprintUserMessages: Late EndPlayMap Detection: Level '/Game/BattleGround_LOW.BattleGround_LOW:PersistentLevel' has LevelScriptBlueprint '/Game/BattleGround_LOW.BattleGround_LOW:PersistentLevel.BattleGround_LOW' with GeneratedClass '/Game/BattleGround_LOW.BattleGround_LOW_C' with ClassGeneratedBy '/Game/BattleGround_LOW.BattleGround_LOW:PersistentLevel.BattleGround_LOW'
[2018.11.29-21.28.26:462][515]LogSlate: Updating window title bar state: overlay mode, drag disabled, window buttons hidden, title bar hidden
[2018.11.29-21.28.26:487][516]LogPlayLevel: Display: Destroying online subsystem :Context_12
[2018.11.29-21.28.29:633][702]LogSlate: FSceneViewport::OnFocusLost() reason 0
[2018.11.29-21.28.31:774][830]LogSlate: Prevented a slow task dialog from being summoned while a context menu was open
[2018.11.29-21.28.35:904][ 76]BlueprintLog: New page: Compile BattleTankGameMode_BP
[2018.11.29-21.28.39:502][259]LogTemp: Repeating last play command: Selected Viewport
[2018.11.29-21.28.39:533][259]LogBlueprintUserMessages: Early PlayInEditor Detection: Level '/Game/BattleGround_LOW.BattleGround_LOW:PersistentLevel' has LevelScriptBlueprint '/Game/BattleGround_LOW.BattleGround_LOW:PersistentLevel.BattleGround_LOW' with GeneratedClass '/Game/BattleGround_LOW.BattleGround_LOW_C' with ClassGeneratedBy '/Game/BattleGround_LOW.BattleGround_LOW:PersistentLevel.BattleGround_LOW'
[2018.11.29-21.28.39:533][259]LogPlayLevel: PlayLevel: No blueprints needed recompiling
[2018.11.29-21.28.39:533][259]PIE: New page: PIE session: BattleGround_LOW (29 nov. 2018 23:28:39)
[2018.11.29-21.28.39:533][259]LogPlayLevel: Creating play world package: /Game/UEDPIE_0_BattleGround_LOW
[2018.11.29-21.28.39:567][259]LogPlayLevel: PIE: StaticDuplicateObject took: (0.033395s)
[2018.11.29-21.28.39:568][259]LogAIModule: Creating AISystem for world BattleGround_LOW
[2018.11.29-21.28.39:568][259]LogPlayLevel: PIE: World Init took: (0.000924s)
[2018.11.29-21.28.39:568][259]LogPlayLevel: PIE: Created PIE world by copying editor world from /Game/BattleGround_LOW.BattleGround_LOW to /Game/UEDPIE_0_BattleGround_LOW.BattleGround_LOW (0.034631s)
[2018.11.29-21.28.39:618][259]LogInit: XAudio2 using 'Haut-parleurs (Realtek High Definition Audio)' : 2 channels at 48 kHz using 32 bits per sample (channel mask 0x3)
[2018.11.29-21.28.39:687][259]LogInit: FAudioDevice initialized.
[2018.11.29-21.28.39:718][259]LogLoad: Game class is 'BattleTankGameMode_BP_C'
[2018.11.29-21.28.39:723][259]LogWorld: Bringing World /Game/UEDPIE_0_BattleGround_LOW.BattleGround_LOW up for play (max tick rate 60) at 2018.11.29-22.28.39
[2018.11.29-21.28.39:723][259]LogWorld: Bringing up level for play took: 0.003814
[2018.11.29-21.28.39:737][259]PIE: Play in editor start time for /Game/UEDPIE_0_BattleGround_LOW -0,726
[2018.11.29-21.28.39:738][259]LogBlueprintUserMessages: Late PlayInEditor Detection: Level '/Game/BattleGround_LOW.BattleGround_LOW:PersistentLevel' has LevelScriptBlueprint '/Game/BattleGround_LOW.BattleGround_LOW:PersistentLevel.BattleGround_LOW' with GeneratedClass '/Game/BattleGround_LOW.BattleGround_LOW_C' with ClassGeneratedBy '/Game/BattleGround_LOW.BattleGround_LOW:PersistentLevel.BattleGround_LOW'
[2018.11.29-21.28.41:670][372]LogBlueprintUserMessages: Early EndPlayMap Detection: Level '/Game/BattleGround_LOW.BattleGround_LOW:PersistentLevel' has LevelScriptBlueprint '/Game/BattleGround_LOW.BattleGround_LOW:PersistentLevel.BattleGround_LOW' with GeneratedClass '/Game/BattleGround_LOW.BattleGround_LOW_C' with ClassGeneratedBy '/Game/BattleGround_LOW.BattleGround_LOW:PersistentLevel.BattleGround_LOW'
[2018.11.29-21.28.41:671][372]LogSlate: Updating window title bar state: overlay mode, drag disabled, window buttons hidden, title bar hidden
[2018.11.29-21.28.41:707][372]LogPlayLevel: Display: Shutting down PIE online subsystems
[2018.11.29-21.28.41:707][372]LogBlueprintUserMessages: Late EndPlayMap Detection: Level '/Game/BattleGround_LOW.BattleGround_LOW:PersistentLevel' has LevelScriptBlueprint '/Game/BattleGround_LOW.BattleGround_LOW:PersistentLevel.BattleGround_LOW' with GeneratedClass '/Game/BattleGround_LOW.BattleGround_LOW_C' with ClassGeneratedBy '/Game/BattleGround_LOW.BattleGround_LOW:PersistentLevel.BattleGround_LOW'
[2018.11.29-21.28.41:755][372]LogSlate: Updating window title bar state: overlay mode, drag disabled, window buttons hidden, title bar hidden
[2018.11.29-21.28.41:780][373]LogPlayLevel: Display: Destroying online subsystem :Context_13
[2018.11.29-21.28.46:326][484]LogSlate: FSceneViewport::OnFocusLost() reason 0
[2018.11.29-21.28.49:470][606]Cmd: OBJ SAVEPACKAGE PACKAGE="/Game/BattleGround_LOW" FILE="../../../../../BattleTank/Battle_Tank/Content/BattleGround_LOW.umap" SILENT=true AUTOSAVING=false KEEPDIRTY=false
[2018.11.29-21.28.49:632][606]LogBlueprint: Warning: [Compiler PersistentLevel.BattleGround_LOW] InputAction Event references unknown Action 'Quit' for  InputAction Quit
[2018.11.29-21.28.49:635][606]LogBlueprint: Warning: [Compiler PersistentLevel.BattleGround_LOW] [1091,40] Compile of PersistentLevel.BattleGround_LOW successful, but with 1 Warning(s) [in 8 ms] (/Game/BattleGround_LOW.BattleGround_LOW:PersistentLevel.BattleGround_LOW)
[2018.11.29-21.28.51:042][606]LogSavePackage: Moving '../../../../../BattleTank/Battle_Tank/Saved/BattleGround_LOW342F4A53451E37E6F71B2698D92E5F5E.tmp' to '../../../../../BattleTank/Battle_Tank/Content/BattleGround_LOW.umap'
[2018.11.29-21.28.51:392][606]LogFileHelpers: Saving map 'BattleGround_LOW' took 1.922
[2018.11.29-21.28.51:412][606]Cmd: OBJ SAVEPACKAGE PACKAGE="/Game/BattleGround_LOW_BuiltData" FILE="../../../../../BattleTank/Battle_Tank/Content/BattleGround_LOW_BuiltData.uasset" SILENT=true
[2018.11.29-21.28.51:832][606]LogSavePackage: Moving '../../../../../BattleTank/Battle_Tank/Saved/BattleGround_LOW_BuiltData0BC05579404509BB29B464951FC17A1C.tmp' to '../../../../../BattleTank/Battle_Tank/Content/BattleGround_LOW_BuiltData.uasset'
[2018.11.29-21.28.51:849][606]Cmd: OBJ SAVEPACKAGE PACKAGE="/Game/Blueprints/BattleTankGameMode_BP" FILE="../../../../../BattleTank/Battle_Tank/Content/Blueprints/BattleTankGameMode_BP.uasset" SILENT=true
[2018.11.29-21.28.51:935][606]LogSavePackage: Moving '../../../../../BattleTank/Battle_Tank/Saved/BattleTankGameMode_BP082441F8478DD99A90CE079666FF1F33.tmp' to '../../../../../BattleTank/Battle_Tank/Content/Blueprints/BattleTankGameMode_BP.uasset'
[2018.11.29-21.28.51:950][606]Cmd: OBJ SAVEPACKAGE PACKAGE="/Game/Player_UI" FILE="../../../../../BattleTank/Battle_Tank/Content/Player_UI.uasset" SILENT=true
[2018.11.29-21.28.52:003][606]LogSavePackage: Moving '../../../../../BattleTank/Battle_Tank/Saved/Player_UI5D044FFC4685636A7F0150BB8B05610A.tmp' to '../../../../../BattleTank/Battle_Tank/Content/Player_UI.uasset'
[2018.11.29-21.28.52:032][606]Cmd: OBJ SAVEPACKAGE PACKAGE="/Game/TankPlayerController_BP" FILE="../../../../../BattleTank/Battle_Tank/Content/TankPlayerController_BP.uasset" SILENT=true
[2018.11.29-21.28.52:131][606]LogSavePackage: Moving '../../../../../BattleTank/Battle_Tank/Saved/TankPlayerController_BP92483E124B75250EECD997A799DC8CAB.tmp' to '../../../../../BattleTank/Battle_Tank/Content/TankPlayerController_BP.uasset'
