Log file open, 11/29/18 20:55:49
LogWindows: Failed to load 'aqProf.dll' (GetLastError=126)
LogWindows: File 'aqProf.dll' does not exist
LogWindows: Failed to load 'VtuneApi.dll' (GetLastError=126)
LogWindows: File 'VtuneApi.dll' does not exist
LogWindows: Failed to load 'VtuneApi32e.dll' (GetLastError=126)
LogWindows: File 'VtuneApi32e.dll' does not exist
LogConsoleResponse: Display: Failed to find resolution value strings in scalability ini. Falling back to default.
LogInit: Display: Running engine for game: Battle_Tank
LogPakFile: Registered encryption key '00000000000000000000000000000000': 0 pak files mounted, 0 remain pending
LogPlatformFile: Not using cached read wrapper
LogTaskGraph: Started task graph with 5 named threads and 14 total threads with 3 sets of task threads.
LogStats: Stats thread started at 0.267871
LogD3D11RHI: Loaded GFSDK_Aftermath_Lib.x64.dll
LogICUInternationalization: ICU TimeZone Detection - Raw Offset: +1:00, Platform Override: ''
LogPluginManager: Mounting plugin Paper2D
LogPluginManager: Mounting plugin AISupport
LogPluginManager: Mounting plugin LightPropagationVolume
LogPluginManager: Mounting plugin ActorLayerUtilities
LogPluginManager: Mounting plugin CLionSourceCodeAccess
LogPluginManager: Mounting plugin CodeLiteSourceCodeAccess
LogPluginManager: Mounting plugin GitSourceControl
LogPluginManager: Mounting plugin KDevelopSourceCodeAccess
LogPluginManager: Mounting plugin NullSourceCodeAccess
LogPluginManager: Mounting plugin PerforceSourceControl
LogPluginManager: Mounting plugin SubversionSourceControl
LogPluginManager: Mounting plugin UObjectPlugin
LogPluginManager: Mounting plugin VisualStudioCodeSourceCodeAccess
LogPluginManager: Mounting plugin VisualStudioSourceCodeAccess
LogPluginManager: Mounting plugin XCodeSourceCodeAccess
LogPluginManager: Mounting plugin AssetManagerEditor
LogPluginManager: Mounting plugin CryptoKeys
LogPluginManager: Mounting plugin DataValidation
LogPluginManager: Mounting plugin FacialAnimation
LogPluginManager: Mounting plugin GameplayTagsEditor
LogPluginManager: Mounting plugin MacGraphicsSwitching
LogPluginManager: Mounting plugin MeshEditor
LogPluginManager: Mounting plugin MobileLauncherProfileWizard
LogPluginManager: Mounting plugin PluginBrowser
LogPluginManager: Mounting plugin SpeedTreeImporter
LogPluginManager: Mounting plugin DatasmithContent
LogPluginManager: Mounting plugin VariantManagerContent
LogPluginManager: Mounting plugin AlembicImporter
LogPluginManager: Mounting plugin AppleImageUtils
LogPluginManager: Mounting plugin AppleVision
LogPluginManager: Mounting plugin BackChannel
LogPluginManager: Mounting plugin CharacterAI
LogPluginManager: Mounting plugin GeometryCache
LogPluginManager: Mounting plugin HTML5Networking
LogPluginManager: Mounting plugin ProxyLODPlugin
LogPluginManager: Mounting plugin MagicLeap
LogPluginManager: Mounting plugin MagicLeapMedia
LogPluginManager: Mounting plugin AndroidMedia
LogPluginManager: Mounting plugin AvfMedia
LogPluginManager: Mounting plugin ImgMedia
LogPluginManager: Mounting plugin LinearTimecode
LogPluginManager: Mounting plugin MediaCompositing
LogPluginManager: Mounting plugin MediaPlayerEditor
LogPluginManager: Mounting plugin WebMMedia
LogPluginManager: Mounting plugin WmfMedia
LogPluginManager: Mounting plugin TcpMessaging
LogPluginManager: Mounting plugin UdpMessaging
LogPluginManager: Mounting plugin ActorSequence
LogPluginManager: Mounting plugin LevelSequenceEditor
LogPluginManager: Mounting plugin MatineeToLevelSequence
LogPluginManager: Mounting plugin NetcodeUnitTest
LogPluginManager: Mounting plugin NUTUnrealEngine4
LogPluginManager: Mounting plugin OnlineSubsystemGooglePlay
LogPluginManager: Mounting plugin OnlineSubsystemIOS
LogPluginManager: Mounting plugin OnlineSubsystem
LogPluginManager: Mounting plugin OnlineSubsystemNull
LogPluginManager: Mounting plugin OnlineSubsystemUtils
LogPluginManager: Mounting plugin LauncherChunkInstaller
LogPluginManager: Mounting plugin AndroidDeviceProfileSelector
LogPluginManager: Mounting plugin AndroidMoviePlayer
LogPluginManager: Mounting plugin AndroidPermission
LogPluginManager: Mounting plugin AppleMoviePlayer
LogPluginManager: Mounting plugin ArchVisCharacter
LogPluginManager: Mounting plugin AudioCapture
LogPluginManager: Mounting plugin CableComponent
LogPluginManager: Mounting plugin CustomMeshComponent
LogPluginManager: Mounting plugin EditableMesh
LogPluginManager: Mounting plugin ExampleDeviceProfileSelector
LogPluginManager: Mounting plugin Firebase
LogPluginManager: Mounting plugin GoogleCloudMessaging
LogPluginManager: Mounting plugin IOSDeviceProfileSelector
LogPluginManager: Mounting plugin LinuxDeviceProfileSelector
LogPluginManager: Mounting plugin LocationServicesBPLibrary
LogPluginManager: Mounting plugin MobilePatchingUtils
LogPluginManager: Mounting plugin OculusVR
LogPluginManager: Mounting plugin PhysXVehicles
LogPluginManager: Mounting plugin ProceduralMeshComponent
LogPluginManager: Mounting plugin RuntimePhysXCooking
LogPluginManager: Mounting plugin SteamVR
LogPluginManager: Mounting plugin WebMMoviePlayer
LogPluginManager: Mounting plugin WindowsMoviePlayer
LogStreaming: Display: Took  0.209s to configure plugins.
LogInit: Using libcurl 7.55.1-DEV
LogInit:  - built for x86_64-pc-win32
LogInit:  - supports SSL with OpenSSL/1.0.2h
LogInit:  - supports HTTP deflate (compression) using libz 1.2.8
LogInit:  - other features:
LogInit:      CURL_VERSION_SSL
LogInit:      CURL_VERSION_LIBZ
LogInit:      CURL_VERSION_IPV6
LogInit:      CURL_VERSION_ASYNCHDNS
LogInit:      CURL_VERSION_LARGEFILE
LogInit:      CURL_VERSION_IDN
LogInit:  CurlRequestOptions (configurable via config and command line):
LogInit:  - bVerifyPeer = true  - Libcurl will verify peer certificate
LogInit:  - bUseHttpProxy = false  - Libcurl will NOT use HTTP proxy
LogInit:  - bDontReuseConnections = false  - Libcurl will reuse connections
LogInit:  - MaxHostConnections = 16  - Libcurl will limit the number of connections to a host
LogInit:  - LocalHostAddr = Default
LogInit:  - BufferSize = 65536
LogInit: WinSock: version 1.1 (2.2), MaxSocks=32767, MaxUdp=65467
LogInit: Build: ++UE4+Release-4.21-CL-4541578
LogInit: Engine Version: 4.21.0-4541578+++UE4+Release-4.21
LogInit: Compatible Engine Version: 4.21.0-4541578+++UE4+Release-4.21
LogInit: Net CL: 4541578
LogInit: OS: Windows 10 (), CPU: Intel(R) Core(TM) i5-6300HQ CPU @ 2.30GHz, GPU: Intel(R) HD Graphics 530
LogInit: Compiled (64-bit): Nov  6 2018 02:04:24
LogInit: Compiled with Visual C++: 19.13.26129.00
LogInit: Build Configuration: Development
LogInit: Branch Name: ++UE4+Release-4.21
LogInit: Command Line: 
LogInit: Base Directory: D:/Jeux/UE_4.21/Engine/Binaries/Win64/
LogInit: Installed Engine Build: 1
LogDevObjectVersion: Number of dev versions registered: 22
LogDevObjectVersion:   Dev-Blueprints (B0D832E4-1F89-4F0D-ACCF-7EB736FD4AA2): 10
LogDevObjectVersion:   Dev-Build (E1C64328-A22C-4D53-A36C-8E866417BD8C): 0
LogDevObjectVersion:   Dev-Core (375EC13C-06E4-48FB-B500-84F0262A717E): 2
LogDevObjectVersion:   Dev-Editor (E4B068ED-F494-42E9-A231-DA0B2E46BB41): 26
LogDevObjectVersion:   Dev-Framework (CFFC743F-43B0-4480-9391-14DF171D2073): 34
LogDevObjectVersion:   Dev-Mobile (B02B49B5-BB20-44E9-A304-32B752E40360): 2
LogDevObjectVersion:   Dev-Networking (A4E4105C-59A1-49B5-A7C5-40C4547EDFEE): 0
LogDevObjectVersion:   Dev-Online (39C831C9-5AE6-47DC-9A44-9C173E1C8E7C): 0
LogDevObjectVersion:   Dev-Physics (78F01B33-EBEA-4F98-B9B4-84EACCB95AA2): 0
LogDevObjectVersion:   Dev-Platform (6631380F-2D4D-43E0-8009-CF276956A95A): 0
LogDevObjectVersion:   Dev-Rendering (12F88B9F-8875-4AFC-A67C-D90C383ABD29): 27
LogDevObjectVersion:   Dev-Sequencer (7B5AE74C-D270-4C10-A958-57980B212A5A): 9
LogDevObjectVersion:   Dev-VR (D7296918-1DD6-4BDD-9DE2-64A83CC13884): 2
LogDevObjectVersion:   Dev-LoadTimes (C2A15278-BFE7-4AFE-6C17-90FF531DF755): 1
LogDevObjectVersion:   Private-Geometry (6EACA3D4-40EC-4CC1-B786-8BED09428FC5): 3
LogDevObjectVersion:   Dev-AnimPhys (29E575DD-E0A3-4627-9D10-D276232CDCEA): 17
LogDevObjectVersion:   Dev-Anim (AF43A65D-7FD3-4947-9873-3E8ED9C1BB05): 2
LogDevObjectVersion:   Dev-ReflectionCapture (6B266CEC-1EC7-4B8F-A30B-E4D90942FC07): 1
LogDevObjectVersion:   Dev-Automation (0DF73D61-A23F-47EA-B727-89E90C41499A): 1
LogDevObjectVersion:   FortniteMain (601D1886-AC64-4F84-AA16-D3DE0DEAC7D6): 17
LogDevObjectVersion:   Dev-Enterprise (9DFFBCD6-494F-0158-E221-12823C92A888): 4
LogDevObjectVersion:   Dev-Niagara (F2AED0AC-9AFE-416F-8664-AA7FFA26D6FC): 1
LogStreaming: Display: Took  0.001s to delete old logs.
LogInit: Presizing for max 8388607 objects, including 0 objects not considered by GC, pre-allocating 0 bytes for permanent pool.
LogInit: Object subsystem initialized
LogConfig: Setting CVar [[con.DebugEarlyDefault:1]]
LogConfig: Setting CVar [[r.setres:1280x720]]
[2018.11.29-19.55.49:643][  0]LogConfig: Setting CVar [[r.VSync:0]]
[2018.11.29-19.55.49:643][  0]LogConfig: Setting CVar [[r.RHICmdBypass:0]]
[2018.11.29-19.55.49:643][  0]LogConfig: Applying CVar settings from Section [/Script/Engine.RendererSettings] File [D:/BattleTank/Battle_Tank/Saved/Config/Windows/Engine.ini]
[2018.11.29-19.55.49:644][  0]LogConfig: Setting CVar [[r.GPUCrashDebugging:0]]
[2018.11.29-19.55.49:644][  0]LogConfig: Applying CVar settings from Section [/Script/Engine.RendererOverrideSettings] File [D:/BattleTank/Battle_Tank/Saved/Config/Windows/Engine.ini]
[2018.11.29-19.55.49:644][  0]LogConfig: Applying CVar settings from Section [/Script/Engine.StreamingSettings] File [D:/BattleTank/Battle_Tank/Saved/Config/Windows/Engine.ini]
[2018.11.29-19.55.49:644][  0]LogConfig: Setting CVar [[s.MinBulkDataSizeForAsyncLoading:131072]]
[2018.11.29-19.55.49:644][  0]LogConfig: Setting CVar [[s.AsyncLoadingThreadEnabled:0]]
[2018.11.29-19.55.49:644][  0]LogConfig: Setting CVar [[s.EventDrivenLoaderEnabled:1]]
[2018.11.29-19.55.49:644][  0]LogConfig: Setting CVar [[s.WarnIfTimeLimitExceeded:0]]
[2018.11.29-19.55.49:644][  0]LogConfig: Setting CVar [[s.TimeLimitExceededMultiplier:1.5]]
[2018.11.29-19.55.49:644][  0]LogConfig: Setting CVar [[s.TimeLimitExceededMinTime:0.005]]
[2018.11.29-19.55.49:644][  0]LogConfig: Setting CVar [[s.UseBackgroundLevelStreaming:1]]
[2018.11.29-19.55.49:644][  0]LogConfig: Setting CVar [[s.PriorityAsyncLoadingExtraTime:15.0]]
[2018.11.29-19.55.49:645][  0]LogConfig: Setting CVar [[s.LevelStreamingActorsUpdateTimeLimit:5.0]]
[2018.11.29-19.55.49:645][  0]LogConfig: Setting CVar [[s.PriorityLevelStreamingActorsUpdateExtraTime:5.0]]
[2018.11.29-19.55.49:645][  0]LogConfig: Setting CVar [[s.LevelStreamingComponentsRegistrationGranularity:10]]
[2018.11.29-19.55.49:645][  0]LogConfig: Setting CVar [[s.UnregisterComponentsTimeLimit:1.0]]
[2018.11.29-19.55.49:645][  0]LogConfig: Setting CVar [[s.LevelStreamingComponentsUnregistrationGranularity:5]]
[2018.11.29-19.55.49:645][  0]LogConfig: Applying CVar settings from Section [/Script/Engine.GarbageCollectionSettings] File [D:/BattleTank/Battle_Tank/Saved/Config/Windows/Engine.ini]
[2018.11.29-19.55.49:645][  0]LogConfig: Setting CVar [[gc.MaxObjectsNotConsideredByGC:1]]
[2018.11.29-19.55.49:645][  0]LogConfig: Setting CVar [[gc.SizeOfPermanentObjectPool:0]]
[2018.11.29-19.55.49:645][  0]LogConfig: Setting CVar [[gc.FlushStreamingOnGC:0]]
[2018.11.29-19.55.49:645][  0]LogConfig: Setting CVar [[gc.NumRetriesBeforeForcingGC:10]]
[2018.11.29-19.55.49:645][  0]LogConfig: Setting CVar [[gc.AllowParallelGC:1]]
[2018.11.29-19.55.49:645][  0]LogConfig: Setting CVar [[gc.TimeBetweenPurgingPendingKillObjects:61.1]]
[2018.11.29-19.55.49:645][  0]LogConfig: Setting CVar [[gc.MaxObjectsInEditor:8388607]]
[2018.11.29-19.55.49:645][  0]LogConfig: Setting CVar [[gc.IncrementalBeginDestroyEnabled:1]]
[2018.11.29-19.55.49:645][  0]LogConfig: Setting CVar [[gc.CreateGCClusters:1]]
[2018.11.29-19.55.49:645][  0]LogConfig: Setting CVar [[gc.MergeGCClusters:0]]
[2018.11.29-19.55.49:645][  0]LogConfig: Setting CVar [[gc.MinGCClusterSize:5]]
[2018.11.29-19.55.49:645][  0]LogConfig: Setting CVar [[gc.ActorClusteringEnabled:0]]
[2018.11.29-19.55.49:645][  0]LogConfig: Setting CVar [[gc.BlueprintClusteringEnabled:0]]
[2018.11.29-19.55.49:645][  0]LogConfig: Setting CVar [[gc.UseDisregardForGCOnDedicatedServers:0]]
[2018.11.29-19.55.49:645][  0]LogConfig: Applying CVar settings from Section [/Script/Engine.NetworkSettings] File [D:/BattleTank/Battle_Tank/Saved/Config/Windows/Engine.ini]
[2018.11.29-19.55.49:645][  0]LogConfig: Applying CVar settings from Section [/Script/UnrealEd.CookerSettings] File [D:/BattleTank/Battle_Tank/Saved/Config/Windows/Engine.ini]
[2018.11.29-19.55.49:648][  0]LogConfig: Applying CVar settings from Section [ViewDistanceQuality@3] File [D:/BattleTank/Battle_Tank/Saved/Config/Windows/Scalability.ini]
[2018.11.29-19.55.49:648][  0]LogConfig: Setting CVar [[r.SkeletalMeshLODBias:0]]
[2018.11.29-19.55.49:648][  0]LogConfig: Setting CVar [[r.ViewDistanceScale:1.0]]
[2018.11.29-19.55.49:648][  0]LogConfig: Applying CVar settings from Section [AntiAliasingQuality@3] File [D:/BattleTank/Battle_Tank/Saved/Config/Windows/Scalability.ini]
[2018.11.29-19.55.49:648][  0]LogConfig: Setting CVar [[r.PostProcessAAQuality:4]]
[2018.11.29-19.55.49:648][  0]LogConfig: Applying CVar settings from Section [ShadowQuality@3] File [D:/BattleTank/Battle_Tank/Saved/Config/Windows/Scalability.ini]
[2018.11.29-19.55.49:648][  0]LogConfig: Setting CVar [[r.LightFunctionQuality:1]]
[2018.11.29-19.55.49:649][  0]LogConfig: Setting CVar [[r.ShadowQuality:5]]
[2018.11.29-19.55.49:649][  0]LogConfig: Setting CVar [[r.Shadow.CSM.MaxCascades:10]]
[2018.11.29-19.55.49:649][  0]LogConfig: Setting CVar [[r.Shadow.MaxResolution:2048]]
[2018.11.29-19.55.49:649][  0]LogConfig: Setting CVar [[r.Shadow.MaxCSMResolution:2048]]
[2018.11.29-19.55.49:649][  0]LogConfig: Setting CVar [[r.Shadow.RadiusThreshold:0.01]]
[2018.11.29-19.55.49:649][  0]LogConfig: Setting CVar [[r.Shadow.DistanceScale:1.0]]
[2018.11.29-19.55.49:649][  0]LogConfig: Setting CVar [[r.Shadow.CSM.TransitionScale:1.0]]
[2018.11.29-19.55.49:649][  0]LogConfig: Setting CVar [[r.Shadow.PreShadowResolutionFactor:1.0]]
[2018.11.29-19.55.49:649][  0]LogConfig: Setting CVar [[r.DistanceFieldShadowing:1]]
[2018.11.29-19.55.49:649][  0]LogConfig: Setting CVar [[r.DistanceFieldAO:1]]
[2018.11.29-19.55.49:649][  0]LogConfig: Setting CVar [[r.AOQuality:2]]
[2018.11.29-19.55.49:649][  0]LogConfig: Setting CVar [[r.VolumetricFog:1]]
[2018.11.29-19.55.49:649][  0]LogConfig: Setting CVar [[r.VolumetricFog.GridPixelSize:8]]
[2018.11.29-19.55.49:649][  0]LogConfig: Setting CVar [[r.VolumetricFog.GridSizeZ:128]]
[2018.11.29-19.55.49:649][  0]LogConfig: Setting CVar [[r.VolumetricFog.HistoryMissSupersampleCount:4]]
[2018.11.29-19.55.49:649][  0]LogConfig: Setting CVar [[r.LightMaxDrawDistanceScale:1]]
[2018.11.29-19.55.49:649][  0]LogConfig: Setting CVar [[r.CapsuleShadows:1]]
[2018.11.29-19.55.49:649][  0]LogConfig: Applying CVar settings from Section [PostProcessQuality@3] File [D:/BattleTank/Battle_Tank/Saved/Config/Windows/Scalability.ini]
[2018.11.29-19.55.49:649][  0]LogConfig: Setting CVar [[r.MotionBlurQuality:4]]
[2018.11.29-19.55.49:649][  0]LogConfig: Setting CVar [[r.AmbientOcclusionMipLevelFactor:0.4]]
[2018.11.29-19.55.49:649][  0]LogConfig: Setting CVar [[r.AmbientOcclusionMaxQuality:100]]
[2018.11.29-19.55.49:649][  0]LogConfig: Setting CVar [[r.AmbientOcclusionLevels:-1]]
[2018.11.29-19.55.49:649][  0]LogConfig: Setting CVar [[r.AmbientOcclusionRadiusScale:1.0]]
[2018.11.29-19.55.49:649][  0]LogConfig: Setting CVar [[r.DepthOfFieldQuality:2]]
[2018.11.29-19.55.49:649][  0]LogConfig: Setting CVar [[r.RenderTargetPoolMin:400]]
[2018.11.29-19.55.49:649][  0]LogConfig: Setting CVar [[r.LensFlareQuality:2]]
[2018.11.29-19.55.49:649][  0]LogConfig: Setting CVar [[r.SceneColorFringeQuality:1]]
[2018.11.29-19.55.49:649][  0]LogConfig: Setting CVar [[r.EyeAdaptationQuality:2]]
[2018.11.29-19.55.49:649][  0]LogConfig: Setting CVar [[r.BloomQuality:5]]
[2018.11.29-19.55.49:649][  0]LogConfig: Setting CVar [[r.FastBlurThreshold:100]]
[2018.11.29-19.55.49:649][  0]LogConfig: Setting CVar [[r.Upscale.Quality:3]]
[2018.11.29-19.55.49:649][  0]LogConfig: Setting CVar [[r.Tonemapper.GrainQuantization:1]]
[2018.11.29-19.55.49:649][  0]LogConfig: Setting CVar [[r.LightShaftQuality:1]]
[2018.11.29-19.55.49:649][  0]LogConfig: Setting CVar [[r.Filter.SizeScale:1]]
[2018.11.29-19.55.49:649][  0]LogConfig: Setting CVar [[r.Tonemapper.Quality:5]]
[2018.11.29-19.55.49:649][  0]LogConfig: Setting CVar [[r.DOF.Gather.AccumulatorQuality:1        ; higher gathering accumulator quality]]
[2018.11.29-19.55.49:649][  0]LogConfig: Setting CVar [[r.DOF.Gather.PostfilterMethod:1          ; Median3x3 postfilering method]]
[2018.11.29-19.55.49:649][  0]LogConfig: Setting CVar [[r.DOF.Gather.EnableBokehSettings:0       ; no bokeh simulation when gathering]]
[2018.11.29-19.55.49:649][  0]LogConfig: Setting CVar [[r.DOF.Gather.RingCount:4                 ; medium number of samples when gathering]]
[2018.11.29-19.55.49:649][  0]LogConfig: Setting CVar [[r.DOF.Scatter.ForegroundCompositing:1    ; additive foreground scattering]]
[2018.11.29-19.55.49:649][  0]LogConfig: Setting CVar [[r.DOF.Scatter.BackgroundCompositing:2    ; additive background scattering]]
[2018.11.29-19.55.49:649][  0]LogConfig: Setting CVar [[r.DOF.Scatter.EnableBokehSettings:1      ; bokeh simulation when scattering]]
[2018.11.29-19.55.49:649][  0]LogConfig: Setting CVar [[r.DOF.Scatter.MaxSpriteRatio:0.1         ; only a maximum of 10% of scattered bokeh]]
[2018.11.29-19.55.49:649][  0]LogConfig: Setting CVar [[r.DOF.Recombine.Quality:1                ; cheap slight out of focus]]
[2018.11.29-19.55.49:649][  0]LogConfig: Setting CVar [[r.DOF.Recombine.EnableBokehSettings:0    ; no bokeh simulation on slight out of focus]]
[2018.11.29-19.55.49:649][  0]LogConfig: Setting CVar [[r.DOF.TemporalAAQuality:1                ; more stable temporal accumulation]]
[2018.11.29-19.55.49:649][  0]LogConfig: Setting CVar [[r.DOF.Kernel.MaxForegroundRadius:0.025]]
[2018.11.29-19.55.49:649][  0]LogConfig: Setting CVar [[r.DOF.Kernel.MaxBackgroundRadius:0.025]]
[2018.11.29-19.55.49:649][  0]LogConfig: Applying CVar settings from Section [TextureQuality@3] File [D:/BattleTank/Battle_Tank/Saved/Config/Windows/Scalability.ini]
[2018.11.29-19.55.49:649][  0]LogConfig: Setting CVar [[r.Streaming.MipBias:0]]
[2018.11.29-19.55.49:649][  0]LogConfig: Setting CVar [[r.Streaming.AmortizeCPUToGPUCopy:0]]
[2018.11.29-19.55.49:649][  0]LogConfig: Setting CVar [[r.Streaming.MaxNumTexturesToStreamPerFrame:0]]
[2018.11.29-19.55.49:649][  0]LogConfig: Setting CVar [[r.Streaming.Boost:1]]
[2018.11.29-19.55.49:649][  0]LogConfig: Setting CVar [[r.MaxAnisotropy:8]]
[2018.11.29-19.55.49:649][  0]LogConfig: Setting CVar [[r.Streaming.LimitPoolSizeToVRAM:0]]
[2018.11.29-19.55.49:649][  0]LogConfig: Setting CVar [[r.Streaming.PoolSize:1000]]
[2018.11.29-19.55.49:649][  0]LogConfig: Setting CVar [[r.Streaming.MaxEffectiveScreenSize:0]]
[2018.11.29-19.55.49:649][  0]LogConfig: Applying CVar settings from Section [EffectsQuality@3] File [D:/BattleTank/Battle_Tank/Saved/Config/Windows/Scalability.ini]
[2018.11.29-19.55.49:649][  0]LogConfig: Setting CVar [[r.TranslucencyLightingVolumeDim:64]]
[2018.11.29-19.55.49:650][  0]LogConfig: Setting CVar [[r.RefractionQuality:2]]
[2018.11.29-19.55.49:650][  0]LogConfig: Setting CVar [[r.SSR.Quality:3]]
[2018.11.29-19.55.49:650][  0]LogConfig: Setting CVar [[r.SceneColorFormat:4]]
[2018.11.29-19.55.49:650][  0]LogConfig: Setting CVar [[r.DetailMode:2]]
[2018.11.29-19.55.49:650][  0]LogConfig: Setting CVar [[r.TranslucencyVolumeBlur:1]]
[2018.11.29-19.55.49:650][  0]LogConfig: Setting CVar [[r.MaterialQualityLevel:1 ; High quality]]
[2018.11.29-19.55.49:650][  0]LogConfig: Setting CVar [[r.SSS.Scale:1]]
[2018.11.29-19.55.49:650][  0]LogConfig: Setting CVar [[r.SSS.SampleSet:2]]
[2018.11.29-19.55.49:650][  0]LogConfig: Setting CVar [[r.SSS.Quality:1]]
[2018.11.29-19.55.49:650][  0]LogConfig: Setting CVar [[r.SSS.HalfRes:1]]
[2018.11.29-19.55.49:650][  0]LogConfig: Setting CVar [[r.EmitterSpawnRateScale:1.0]]
[2018.11.29-19.55.49:650][  0]LogConfig: Setting CVar [[r.ParticleLightQuality:2]]
[2018.11.29-19.55.49:650][  0]LogConfig: Applying CVar settings from Section [FoliageQuality@3] File [D:/BattleTank/Battle_Tank/Saved/Config/Windows/Scalability.ini]
[2018.11.29-19.55.49:650][  0]LogConfig: Setting CVar [[foliage.DensityScale:1.0]]
[2018.11.29-19.55.49:650][  0]LogConfig: Setting CVar [[grass.DensityScale:1.0]]
[2018.11.29-19.55.49:650][  0]LogInit: Selected Device Profile: [Windows]
[2018.11.29-19.55.49:650][  0]LogInit: Applying CVar settings loaded from the selected device profile: [Windows]
[2018.11.29-19.55.49:839][  0]LogHAL: Display: Platform has ~ 8 GB [8459313152 / 8589934592 / 8], which maps to Default [LargestMinGB=32, LargerMinGB=12, DefaultMinGB=8, SmallerMinGB=6, SmallestMinGB=0)
[2018.11.29-19.55.49:839][  0]LogConfig: Setting CVar [[r.Vulkan.UseRealUBs:1]]
[2018.11.29-19.55.49:839][  0]LogInit: Going up to parent DeviceProfile []
[2018.11.29-19.55.49:839][  0]LogConfig: Applying CVar settings from Section [ViewDistanceQuality@0] File [D:/BattleTank/Battle_Tank/Saved/Config/Windows/Scalability.ini]
[2018.11.29-19.55.49:839][  0]LogConfig: Setting CVar [[r.SkeletalMeshLODBias:2]]
[2018.11.29-19.55.49:839][  0]LogConfig: Setting CVar [[r.ViewDistanceScale:0.4]]
[2018.11.29-19.55.49:839][  0]LogConfig: Applying CVar settings from Section [AntiAliasingQuality@0] File [D:/BattleTank/Battle_Tank/Saved/Config/Windows/Scalability.ini]
[2018.11.29-19.55.49:839][  0]LogConfig: Setting CVar [[r.PostProcessAAQuality:0]]
[2018.11.29-19.55.49:839][  0]LogConfig: Applying CVar settings from Section [ShadowQuality@0] File [D:/BattleTank/Battle_Tank/Saved/Config/Windows/Scalability.ini]
[2018.11.29-19.55.49:839][  0]LogConfig: Setting CVar [[r.LightFunctionQuality:0]]
[2018.11.29-19.55.49:839][  0]LogConfig: Setting CVar [[r.ShadowQuality:0]]
[2018.11.29-19.55.49:839][  0]LogConfig: Setting CVar [[r.Shadow.CSM.MaxCascades:1]]
[2018.11.29-19.55.49:839][  0]LogConfig: Setting CVar [[r.Shadow.MaxResolution:512]]
[2018.11.29-19.55.49:839][  0]LogConfig: Setting CVar [[r.Shadow.MaxCSMResolution:512]]
[2018.11.29-19.55.49:839][  0]LogConfig: Setting CVar [[r.Shadow.RadiusThreshold:0.06]]
[2018.11.29-19.55.49:839][  0]LogConfig: Setting CVar [[r.Shadow.DistanceScale:0.6]]
[2018.11.29-19.55.49:839][  0]LogConfig: Setting CVar [[r.Shadow.CSM.TransitionScale:0]]
[2018.11.29-19.55.49:839][  0]LogConfig: Setting CVar [[r.Shadow.PreShadowResolutionFactor:0.5]]
[2018.11.29-19.55.49:839][  0]LogConfig: Setting CVar [[r.DistanceFieldShadowing:0]]
[2018.11.29-19.55.49:840][  0]LogConfig: Setting CVar [[r.DistanceFieldAO:0]]
[2018.11.29-19.55.49:840][  0]LogConfig: Setting CVar [[r.VolumetricFog:0]]
[2018.11.29-19.55.49:840][  0]LogConfig: Setting CVar [[r.LightMaxDrawDistanceScale:0]]
[2018.11.29-19.55.49:840][  0]LogConfig: Setting CVar [[r.CapsuleShadows:0]]
[2018.11.29-19.55.49:840][  0]LogConfig: Applying CVar settings from Section [PostProcessQuality@0] File [D:/BattleTank/Battle_Tank/Saved/Config/Windows/Scalability.ini]
[2018.11.29-19.55.49:840][  0]LogConfig: Setting CVar [[r.MotionBlurQuality:0]]
[2018.11.29-19.55.49:840][  0]LogConfig: Setting CVar [[r.AmbientOcclusionMipLevelFactor:1.0]]
[2018.11.29-19.55.49:840][  0]LogConfig: Setting CVar [[r.AmbientOcclusionMaxQuality:0]]
[2018.11.29-19.55.49:840][  0]LogConfig: Setting CVar [[r.AmbientOcclusionLevels:0]]
[2018.11.29-19.55.49:840][  0]LogConfig: Setting CVar [[r.AmbientOcclusionRadiusScale:1.2]]
[2018.11.29-19.55.49:840][  0]LogConfig: Setting CVar [[r.DepthOfFieldQuality:0]]
[2018.11.29-19.55.49:840][  0]LogConfig: Setting CVar [[r.RenderTargetPoolMin:300]]
[2018.11.29-19.55.49:840][  0]LogConfig: Setting CVar [[r.LensFlareQuality:0]]
[2018.11.29-19.55.49:840][  0]LogConfig: Setting CVar [[r.SceneColorFringeQuality:0]]
[2018.11.29-19.55.49:840][  0]LogConfig: Setting CVar [[r.EyeAdaptationQuality:0]]
[2018.11.29-19.55.49:840][  0]LogConfig: Setting CVar [[r.BloomQuality:4]]
[2018.11.29-19.55.49:840][  0]LogConfig: Setting CVar [[r.FastBlurThreshold:0]]
[2018.11.29-19.55.49:840][  0]LogConfig: Setting CVar [[r.Upscale.Quality:1]]
[2018.11.29-19.55.49:840][  0]LogConfig: Setting CVar [[r.Tonemapper.GrainQuantization:0]]
[2018.11.29-19.55.49:840][  0]LogConfig: Setting CVar [[r.LightShaftQuality:0]]
[2018.11.29-19.55.49:840][  0]LogConfig: Setting CVar [[r.Filter.SizeScale:0.6]]
[2018.11.29-19.55.49:840][  0]LogConfig: Setting CVar [[r.Tonemapper.Quality:0]]
[2018.11.29-19.55.49:840][  0]LogConfig: Applying CVar settings from Section [TextureQuality@0] File [D:/BattleTank/Battle_Tank/Saved/Config/Windows/Scalability.ini]
[2018.11.29-19.55.49:840][  0]LogConfig: Setting CVar [[r.Streaming.MipBias:16]]
[2018.11.29-19.55.49:840][  0]LogConfig: Setting CVar [[r.Streaming.AmortizeCPUToGPUCopy:1]]
[2018.11.29-19.55.49:840][  0]LogConfig: Setting CVar [[r.Streaming.MaxNumTexturesToStreamPerFrame:1]]
[2018.11.29-19.55.49:840][  0]LogConfig: Setting CVar [[r.Streaming.Boost:0.3]]
[2018.11.29-19.55.49:840][  0]LogConfig: Setting CVar [[r.MaxAnisotropy:0]]
[2018.11.29-19.55.49:840][  0]LogConfig: Setting CVar [[r.Streaming.LimitPoolSizeToVRAM:1]]
[2018.11.29-19.55.49:840][  0]LogConfig: Setting CVar [[r.Streaming.PoolSize:400]]
[2018.11.29-19.55.49:840][  0]LogConfig: Setting CVar [[r.Streaming.MaxEffectiveScreenSize:0]]
[2018.11.29-19.55.49:840][  0]LogConfig: Applying CVar settings from Section [EffectsQuality@0] File [D:/BattleTank/Battle_Tank/Saved/Config/Windows/Scalability.ini]
[2018.11.29-19.55.49:840][  0]LogConfig: Setting CVar [[r.TranslucencyLightingVolumeDim:24]]
[2018.11.29-19.55.49:840][  0]LogConfig: Setting CVar [[r.RefractionQuality:0]]
[2018.11.29-19.55.49:840][  0]LogConfig: Setting CVar [[r.SSR.Quality:0]]
[2018.11.29-19.55.49:840][  0]LogConfig: Setting CVar [[r.SceneColorFormat:3]]
[2018.11.29-19.55.49:840][  0]LogConfig: Setting CVar [[r.DetailMode:0]]
[2018.11.29-19.55.49:840][  0]LogConfig: Setting CVar [[r.TranslucencyVolumeBlur:0]]
[2018.11.29-19.55.49:840][  0]LogConfig: Setting CVar [[r.MaterialQualityLevel:0 ; Low quality]]
[2018.11.29-19.55.49:840][  0]LogConfig: Setting CVar [[r.SSS.Scale:0]]
[2018.11.29-19.55.49:840][  0]LogConfig: Setting CVar [[r.SSS.SampleSet:0]]
[2018.11.29-19.55.49:840][  0]LogConfig: Setting CVar [[r.SSS.Quality:0]]
[2018.11.29-19.55.49:840][  0]LogConfig: Setting CVar [[r.SSS.HalfRes:1]]
[2018.11.29-19.55.49:840][  0]LogConfig: Setting CVar [[r.EmitterSpawnRateScale:0.125]]
[2018.11.29-19.55.49:840][  0]LogConfig: Setting CVar [[r.ParticleLightQuality:0]]
[2018.11.29-19.55.49:840][  0]LogConfig: Applying CVar settings from Section [FoliageQuality@0] File [D:/BattleTank/Battle_Tank/Saved/Config/Windows/Scalability.ini]
[2018.11.29-19.55.49:840][  0]LogConfig: Setting CVar [[foliage.DensityScale:0]]
[2018.11.29-19.55.49:840][  0]LogConfig: Setting CVar [[grass.DensityScale:0]]
[2018.11.29-19.55.49:840][  0]LogConfig: Applying CVar settings from Section [Startup] File [../../../Engine/Config/ConsoleVariables.ini]
[2018.11.29-19.55.49:841][  0]LogConfig: Setting CVar [[net.UseAdaptiveNetUpdateFrequency:0]]
[2018.11.29-19.55.49:841][  0]LogConfig: Applying CVar settings from Section [ConsoleVariables] File [D:/BattleTank/Battle_Tank/Saved/Config/Windows/Engine.ini]
[2018.11.29-19.55.49:841][  0]LogInit: Computer: DESKTOP-LF9461B
[2018.11.29-19.55.49:841][  0]LogInit: User: Guillaume
[2018.11.29-19.55.49:841][  0]LogInit: CPU Page size=4096, Cores=4
[2018.11.29-19.55.49:841][  0]LogInit: High frequency timer resolution =2.249999 MHz
[2018.11.29-19.55.49:841][  0]LogMemory: Memory total: Physical=7.9GB (8GB approx)
[2018.11.29-19.55.49:841][  0]LogMemory: Platform Memory Stats for Windows
[2018.11.29-19.55.49:841][  0]LogMemory: Process Physical Memory: 101.48 MB used, 101.48 MB peak
[2018.11.29-19.55.49:841][  0]LogMemory: Process Virtual Memory: 90.33 MB used, 90.33 MB peak
[2018.11.29-19.55.49:841][  0]LogMemory: Physical Memory: 4019.55 MB used,  4047.88 MB free, 8067.43 MB total
[2018.11.29-19.55.49:841][  0]LogMemory: Virtual Memory: 4633.96 MB used,  134213096.00 MB free, 134217728.00 MB total
[2018.11.29-19.55.49:860][  0]LogInit: Using OS detected language (fr-FR).
[2018.11.29-19.55.49:860][  0]LogInit: Using OS detected locale (fr-FR).
[2018.11.29-19.55.49:860][  0]LogTextLocalizationManager: No specific localization for 'fr-FR' exists, so the 'fr' localization will be used.
[2018.11.29-19.55.49:862][  0]LogStreaming: Display: Took  0.003s to InitEngineTextLocalization.
[2018.11.29-19.55.49:863][  0]LogInit: Setting process to per monitor DPI aware
[2018.11.29-19.55.49:905][  0]LogSlate: New Slate User Created.  User Index 0, Is Virtual User: 0
[2018.11.29-19.55.49:905][  0]LogSlate: Slate User Registered.  User Index 0, Is Virtual User: 0
[2018.11.29-19.55.50:502][  0]LogHMD: Failed to initialize OpenVR with code 110
[2018.11.29-19.55.50:502][  0]LogD3D11RHI: D3D11 adapters:
[2018.11.29-19.55.50:595][  0]LogD3D11RHI:    0. 'NVIDIA GeForce GTX 960M' (Feature Level 11_0)
[2018.11.29-19.55.50:596][  0]LogD3D11RHI:       2010/0/4033 MB DedicatedVideo/DedicatedSystem/SharedSystem, Outputs:1, VendorId:0x10de
[2018.11.29-19.55.50:606][  0]LogD3D11RHI:    1. 'Intel(R) HD Graphics 530' (Feature Level 11_0)
[2018.11.29-19.55.50:606][  0]LogD3D11RHI:       128/0/4033 MB DedicatedVideo/DedicatedSystem/SharedSystem, Outputs:0, VendorId:0x8086
[2018.11.29-19.55.50:609][  0]LogD3D11RHI:    2. 'Microsoft Basic Render Driver' (Feature Level 11_0)
[2018.11.29-19.55.50:609][  0]LogD3D11RHI:       0/0/4033 MB DedicatedVideo/DedicatedSystem/SharedSystem, Outputs:0, VendorId:0x1414
[2018.11.29-19.55.50:609][  0]LogD3D11RHI: Chosen D3D11 Adapter: 0
[2018.11.29-19.55.50:668][  0]LogD3D11RHI: Creating new Direct3DDevice
[2018.11.29-19.55.50:668][  0]LogD3D11RHI:     GPU DeviceId: 0x139b (for the marketing name, search the web for "GPU Device Id")
[2018.11.29-19.55.50:668][  0]LogWindows: EnumDisplayDevices:
[2018.11.29-19.55.50:669][  0]LogWindows:    0. 'Intel(R) HD Graphics 530' (P:1 D:1)
[2018.11.29-19.55.50:669][  0]LogWindows:    1. 'Intel(R) HD Graphics 530' (P:0 D:0)
[2018.11.29-19.55.50:669][  0]LogWindows:    2. 'Intel(R) HD Graphics 530' (P:0 D:0)
[2018.11.29-19.55.50:669][  0]LogWindows: DebugString: PrimaryIsNotTheChoosenAdapter PrimaryIsNotTheChoosenAdapter PrimaryIsNotTheChoosenAdapter FoundDriverCount:0 
[2018.11.29-19.55.50:669][  0]LogD3D11RHI:     Adapter Name: NVIDIA GeForce GTX 960M
[2018.11.29-19.55.50:669][  0]LogD3D11RHI:   Driver Version: Unknown (internal:Unknown, unified:Unknown)
[2018.11.29-19.55.50:670][  0]LogD3D11RHI:      Driver Date: Unknown
[2018.11.29-19.55.50:670][  0]LogRHI: Texture pool is 1407 MB (70% of 2010 MB)
[2018.11.29-19.55.50:735][  0]LogD3D11RHI: Async texture creation enabled
[2018.11.29-19.55.50:759][  0]LogD3D11RHI: GPU Timing Frequency: 1000.000000 (Debug: 2 2)
[2018.11.29-19.55.51:149][  0]LogTemp: Display: Loaded TP AllDesktopTargetPlatform
[2018.11.29-19.55.51:168][  0]LogTemp: Display: Loaded TP MacClientTargetPlatform
[2018.11.29-19.55.51:187][  0]LogTemp: Display: Loaded TP MacNoEditorTargetPlatform
[2018.11.29-19.55.51:205][  0]LogTemp: Display: Loaded TP MacServerTargetPlatform
[2018.11.29-19.55.51:225][  0]LogTemp: Display: Loaded TP MacTargetPlatform
[2018.11.29-19.55.51:243][  0]LogTemp: Display: Loaded TP WindowsClientTargetPlatform
[2018.11.29-19.55.51:262][  0]LogTemp: Display: Loaded TP WindowsNoEditorTargetPlatform
[2018.11.29-19.55.51:281][  0]LogTemp: Display: Loaded TP WindowsServerTargetPlatform
[2018.11.29-19.55.51:288][  0]LogTemp: Display: Loaded TP WindowsTargetPlatform
[2018.11.29-19.55.51:401][  0]LogTemp: Display: Loaded TP AndroidTargetPlatform
[2018.11.29-19.55.51:401][  0]LogTemp: Display: Loaded TP AndroidTargetPlatform
[2018.11.29-19.55.51:401][  0]LogTemp: Display: Loaded TP AndroidTargetPlatform
[2018.11.29-19.55.51:401][  0]LogTemp: Display: Loaded TP AndroidTargetPlatform
[2018.11.29-19.55.51:401][  0]LogTemp: Display: Loaded TP AndroidTargetPlatform
[2018.11.29-19.55.51:401][  0]LogTemp: Display: Loaded TP AndroidTargetPlatform
[2018.11.29-19.55.51:401][  0]LogTemp: Display: Loaded TP AndroidTargetPlatform
[2018.11.29-19.55.51:401][  0]LogTemp: Display: Loaded TP AndroidTargetPlatform
[2018.11.29-19.55.51:401][  0]LogTemp: Display: Loaded TP AndroidTargetPlatform
[2018.11.29-19.55.51:401][  0]LogTemp: Display: Loaded TP AndroidTargetPlatform
[2018.11.29-19.55.51:401][  0]LogTemp: Display: Loaded TP AndroidTargetPlatform
[2018.11.29-19.55.51:401][  0]LogTemp: Display: Loaded TP AndroidTargetPlatform
[2018.11.29-19.55.51:401][  0]LogTemp: Display: Loaded TP AndroidTargetPlatform
[2018.11.29-19.55.51:401][  0]LogTemp: Display: Loaded TP AndroidTargetPlatform
[2018.11.29-19.55.51:401][  0]LogTemp: Display: Loaded TP AndroidTargetPlatform
[2018.11.29-19.55.51:401][  0]LogTemp: Display: Loaded TP AndroidTargetPlatform
[2018.11.29-19.55.51:402][  0]LogTemp: Display: Loaded TP AndroidTargetPlatform
[2018.11.29-19.55.51:402][  0]LogTemp: Display: Loaded TP AndroidTargetPlatform
[2018.11.29-19.55.51:403][  0]LogTemp: Display: Loaded TP HTML5TargetPlatform
[2018.11.29-19.55.51:473][  0]LogTemp: Display: Loaded TP IOSTargetPlatform
[2018.11.29-19.55.51:473][  0]LogTemp: Display: Loaded TP IOSTargetPlatform
[2018.11.29-19.55.51:505][  0]LogTemp: Display: Loaded TP TVOSTargetPlatform
[2018.11.29-19.55.51:505][  0]LogTemp: Display: Loaded TP TVOSTargetPlatform
[2018.11.29-19.55.51:523][  0]LogTemp: Display: Loaded TP LinuxClientTargetPlatform
[2018.11.29-19.55.51:541][  0]LogTemp: Display: Loaded TP LinuxNoEditorTargetPlatform
[2018.11.29-19.55.51:559][  0]LogTemp: Display: Loaded TP LinuxServerTargetPlatform
[2018.11.29-19.55.51:578][  0]LogTemp: Display: Loaded TP LinuxTargetPlatform
[2018.11.29-19.55.51:642][  0]LogTemp: Display: Loaded TP LuminTargetPlatform
[2018.11.29-19.55.51:642][  0]LogTemp: Display: Loaded TP LuminTargetPlatform
[2018.11.29-19.55.51:642][  0]LogTargetPlatformManager: Display: Building Assets For Windows
[2018.11.29-19.55.51:701][  0]LogShaderCompilers: Guid format shader working directory is 12 characters bigger than the processId version (../../../../../BattleTank/Battle_Tank/Intermediate/Shaders/WorkingDirectory/17880/).
[2018.11.29-19.55.51:701][  0]LogShaderCompilers: Cleaned the shader compiler working directory 'C:/Users/Guillaume/AppData/Local/Temp/UnrealShaderWorkingDir/969F9DB24663660BC914FF8E17054721/'.
[2018.11.29-19.55.51:703][  0]LogXGEController: Cleaning working directory: C:/Users/Guillaume/AppData/Local/Temp/UnrealXGEWorkingDir/
[2018.11.29-19.55.51:703][  0]LogXGEController: Cannot use XGE Controller as Incredibuild is not installed on this machine.
[2018.11.29-19.55.51:704][  0]LogShaderCompilers: Cannot use XGE Shader Compiler as Incredibuild is not installed on this machine.
[2018.11.29-19.55.51:704][  0]LogShaderCompilers: Display: Using Local Shader Compiler.
[2018.11.29-19.55.52:480][  0]LogDerivedDataCache: Display: Max Cache Size: 512 MB
[2018.11.29-19.55.52:561][  0]LogDerivedDataCache: Loaded boot cache 0.08s 71MB C:/Users/Guillaume/AppData/Local/UnrealEngine/4.21/DerivedDataCache/Boot.ddc.
[2018.11.29-19.55.52:561][  0]LogDerivedDataCache: Display: Loaded Boot cache: C:/Users/Guillaume/AppData/Local/UnrealEngine/4.21/DerivedDataCache/Boot.ddc
[2018.11.29-19.55.52:561][  0]LogDerivedDataCache: FDerivedDataBackendGraph:  Pak pak cache file ../../../../../BattleTank/Battle_Tank/DerivedDataCache/DDC.ddp not found, will not use a pak cache.
[2018.11.29-19.55.52:561][  0]LogDerivedDataCache: Unable to find inner node Pak for hierarchical cache Hierarchy.
[2018.11.29-19.55.52:561][  0]LogDerivedDataCache: FDerivedDataBackendGraph:  CompressedPak pak cache file ../../../../../BattleTank/Battle_Tank/DerivedDataCache/Compressed.ddp not found, will not use a pak cache.
[2018.11.29-19.55.52:561][  0]LogDerivedDataCache: Unable to find inner node CompressedPak for hierarchical cache Hierarchy.
[2018.11.29-19.55.52:582][  0]LogDerivedDataCache: Display: Pak cache opened for reading ../../../Engine/DerivedDataCache/Compressed.ddp.
[2018.11.29-19.55.52:582][  0]LogDerivedDataCache: FDerivedDataBackendGraph:  EnterprisePak pak cache file ../../../Enterprise/DerivedDataCache/Compressed.ddp not found, will not use a pak cache.
[2018.11.29-19.55.52:582][  0]LogDerivedDataCache: Unable to find inner node EnterprisePak for hierarchical cache Hierarchy.
[2018.11.29-19.55.52:595][  0]LogDerivedDataCache: Using Local data cache path C:/Users/Guillaume/AppData/Local/UnrealEngine/Common/DerivedDataCache: Writable
[2018.11.29-19.55.52:595][  0]LogDerivedDataCache: Shared data cache path not found in *engine.ini, will not use an Shared cache.
[2018.11.29-19.55.52:595][  0]LogDerivedDataCache: Unable to find inner node Shared for hierarchical cache Hierarchy.
[2018.11.29-19.55.52:629][  0]LogMaterial: Verifying Global Shaders for PCD3D_SM5
[2018.11.29-19.55.52:631][  0]LogSlate: Using FreeType 2.6.0
[2018.11.29-19.55.52:631][  0]LogSlate: SlateFontServices - WITH_FREETYPE: 1, WITH_HARFBUZZ: 1
[2018.11.29-19.55.52:746][  0]LogAssetRegistry: FAssetRegistry took 0.0384 seconds to start up
[2018.11.29-19.55.53:182][  0]LogInit: Selected Device Profile: [Windows]
[2018.11.29-19.55.53:269][  0]LogSimplygon: Simplygon DLL not present - disabling.
[2018.11.29-19.55.53:273][  0]LogMeshReduction: Using SimplygonSwarm for distributed automatic mesh merging
[2018.11.29-19.55.53:273][  0]LogMeshReduction: Using ProxyLODMeshReduction for automatic mesh merging
[2018.11.29-19.55.53:273][  0]LogMeshReduction: Using QuadricMeshReduction for automatic static mesh reduction
[2018.11.29-19.55.53:273][  0]LogMeshReduction: No automatic skeletal mesh reduction module available
[2018.11.29-19.55.53:416][  0]LogNetVersion: Battle_Tank 1.0.0, NetCL: 4541578, EngineNetVer: 5, GameNetVer: 0 (Checksum: 1941966962)
[2018.11.29-19.55.54:196][  0]LogPackageLocalizationCache: Processed 11 localized package path(s) for 2 prioritized culture(s) in 0.156397 seconds
[2018.11.29-19.55.54:205][  0]LogUObjectArray: 39775 objects as part of root set at end of initial load.
[2018.11.29-19.55.54:205][  0]LogUObjectAllocator: 6914656 out of 0 bytes used by permanent object pool.
[2018.11.29-19.55.54:205][  0]LogUObjectArray: CloseDisregardForGC: 0/0 objects in disregard for GC pool
[2018.11.29-19.55.55:374][  0]LogTcpMessaging: Initializing TcpMessaging bridge
[2018.11.29-19.55.55:387][  0]LogUdpMessaging: Initializing bridge on interface 0.0.0.0:0 to multicast group 230.0.0.1:6666.
[2018.11.29-19.55.57:133][  0]SourceControl: Source control is disabled
[2018.11.29-19.55.57:134][  0]SourceControl: Source control is disabled
[2018.11.29-19.55.57:274][  0]SourceControl: Source control is disabled
[2018.11.29-19.55.57:316][  0]SourceControl: Source control is disabled
[2018.11.29-19.55.59:306][  0]LogAndroidPermission: UAndroidPermissionCallbackProxy::GetInstance
[2018.11.29-19.55.59:601][  0]LogOcInput: OculusInput pre-init called
[2018.11.29-19.56.00:078][  0]LogEngine: Initializing Engine...
[2018.11.29-19.56.00:079][  0]LogHMD: Failed to initialize OpenVR with code 110
[2018.11.29-19.56.00:082][  0]LogStats: UGameplayTagsManager::ConstructGameplayTagTree: ImportINI prefixes -  0.000 s
[2018.11.29-19.56.00:082][  0]LogStats: UGameplayTagsManager::ConstructGameplayTagTree: Construct from data asset -  0.000 s
[2018.11.29-19.56.00:082][  0]LogStats: UGameplayTagsManager::ConstructGameplayTagTree: ImportINI -  0.000 s
[2018.11.29-19.56.00:082][  0]LogStats: UGameplayTagsManager::ConstructGameplayTagTree: GameplayTagTreeChangedEvent.Broadcast -  0.000 s
[2018.11.29-19.56.01:045][  0]LogInit: Initializing FReadOnlyCVARCache
[2018.11.29-19.56.01:102][  0]LogAIModule: Creating AISystem for world Untitled
[2018.11.29-19.56.01:120][  0]LogInit: XAudio2 using 'Haut-parleurs (Realtek High Definition Audio)' : 2 channels at 48 kHz using 32 bits per sample (channel mask 0x3)
[2018.11.29-19.56.01:367][  0]LogInit: FAudioDevice initialized.
[2018.11.29-19.56.01:368][  0]LogNetVersion: Set ProjectVersion to 1.0.0.0. Version Checksum will be recalculated on next use.
[2018.11.29-19.56.01:521][  0]LogDerivedDataCache: Saved boot cache 0.15s 71MB C:/Users/Guillaume/AppData/Local/UnrealEngine/4.21/DerivedDataCache/Boot.ddc.
[2018.11.29-19.56.01:536][  0]LogInit: Texture streaming: Enabled
[2018.11.29-19.56.01:714][  0]LogEngineSessionManager: EngineSessionManager initialized
[2018.11.29-19.56.01:841][  0]LogWindowsTextInputMethodSystem: Display: IME system now deactivated.
[2018.11.29-19.56.01:896][  0]LogInit: Transaction tracking system initialized
[2018.11.29-19.56.02:130][  0]BlueprintLog: New page: Editor Load
[2018.11.29-19.56.03:291][  0]LocalizationService: Localization service is disabled
[2018.11.29-19.56.06:677][  0]LogFileCache: Scanning file cache for directory 'D:/BattleTank/Battle_Tank/Content/' took 0.02s
[2018.11.29-19.56.06:677][  0]LogCook: Display: Max memory allowance for cook 16384mb min free memory 0mb
[2018.11.29-19.56.06:678][  0]LogCook: Display: Mobile HDR setting 1
[2018.11.29-19.56.06:678][  0]LogGameplayTags: Display: UGameplayTagsManager::DoneAddingNativeTags. DelegateIsBound: 0
[2018.11.29-19.56.06:678][  0]LogStats: UGameplayTagsManager::ConstructGameplayTagTree: ImportINI prefixes -  0.000 s
[2018.11.29-19.56.06:678][  0]LogStats: UGameplayTagsManager::ConstructGameplayTagTree: Construct from data asset -  0.000 s
[2018.11.29-19.56.06:678][  0]LogStats: UGameplayTagsManager::ConstructGameplayTagTree: ImportINI -  0.000 s
[2018.11.29-19.56.06:678][  0]LogStats: UGameplayTagsManager::ConstructGameplayTagTree: GameplayTagTreeChangedEvent.Broadcast -  0.000 s
[2018.11.29-19.56.08:570][  0]SourceControl: Source control is disabled
[2018.11.29-19.56.08:570][  0]Cmd: MAP LOAD FILE="../../../../../BattleTank/Battle_Tank/Content/BattleGround_LOW.umap" TEMPLATE=0 SHOWPROGRESS=1 FEATURELEVEL=3
[2018.11.29-19.56.08:571][  0]LightingResults: New page: Lighting Build
[2018.11.29-19.56.08:574][  0]MapCheck: New page: Map Check
[2018.11.29-19.56.08:574][  0]LightingResults: New page: Lighting Build
[2018.11.29-19.56.09:647][  0]LogBlueprint: Warning: [Compiler PersistentLevel.BattleGround_LOW] InputAction Event references unknown Action 'Quit' for  InputAction Quit
[2018.11.29-19.56.09:649][  0]LogBlueprint: Warning: [Compiler PersistentLevel.BattleGround_LOW] [0022,21] Compile of PersistentLevel.BattleGround_LOW successful, but with 1 Warning(s) [in 2 ms] (/Game/BattleGround_LOW.BattleGround_LOW:PersistentLevel.BattleGround_LOW)
[2018.11.29-19.56.10:369][  0]LogAIModule: Creating AISystem for world BattleGround_LOW
[2018.11.29-19.56.10:996][  0]LogEditorServer: Finished looking for orphan Actors (0.000 secs)
[2018.11.29-19.56.11:052][  0]Cmd: MAP CHECKDEP NOCLEARLOG
[2018.11.29-19.56.11:053][  0]MapCheck: Map check complete: 0 Error(s), 0 Warning(s), took 0,158ms to complete.
[2018.11.29-19.56.11:053][  0]LogFileHelpers: Loading map 'BattleGround_LOW' took 2.483
[2018.11.29-19.56.11:584][  0]LogCollectionManager: Loaded 0 collections in 0.001316 seconds
[2018.11.29-19.56.11:615][  0]LogFileCache: Scanning file cache for directory 'D:/BattleTank/Battle_Tank/Saved/Collections/' took 0.01s
[2018.11.29-19.56.11:615][  0]LogFileCache: Scanning file cache for directory 'D:/BattleTank/Battle_Tank/Content/Developers/Guillaume/Collections/' took 0.01s
[2018.11.29-19.56.11:615][  0]LogFileCache: Scanning file cache for directory 'D:/BattleTank/Battle_Tank/Content/Collections/' took 0.00s
[2018.11.29-19.56.11:615][  0]LogCollectionManager: Rebuilt the GUID cache for 0 collections in 0.000000 seconds
[2018.11.29-19.56.11:628][  0]LogContentBrowser: Native class hierarchy populated in 0.0125 seconds. Added 2652 classes and 622 folders.
[2018.11.29-19.56.11:634][  0]LogContentBrowser: Native class hierarchy updated for 'WidgetCarousel' in 0.0004 seconds. Added 0 classes and 0 folders.
[2018.11.29-19.56.11:730][  0]LogPakFile: Registered encryption key '00000000000000000000000000000000': 0 pak files mounted, 0 remain pending
[2018.11.29-19.56.11:750][  0]LogPakFile: Registered encryption key '00000000000000000000000000000000': 0 pak files mounted, 0 remain pending
[2018.11.29-19.56.11:808][  0]LogPakFile: Registered encryption key '00000000000000000000000000000000': 0 pak files mounted, 0 remain pending
[2018.11.29-19.56.11:835][  0]LogPakFile: Registered encryption key '00000000000000000000000000000000': 0 pak files mounted, 0 remain pending
[2018.11.29-19.56.11:858][  0]LogPakFile: Registered encryption key '00000000000000000000000000000000': 0 pak files mounted, 0 remain pending
[2018.11.29-19.56.11:873][  0]LogPakFile: Registered encryption key '00000000000000000000000000000000': 0 pak files mounted, 0 remain pending
[2018.11.29-19.56.11:890][  0]LogPakFile: Registered encryption key '00000000000000000000000000000000': 0 pak files mounted, 0 remain pending
[2018.11.29-19.56.11:911][  0]LogPakFile: Registered encryption key '00000000000000000000000000000000': 0 pak files mounted, 0 remain pending
[2018.11.29-19.56.11:923][  0]LogPakFile: Registered encryption key '00000000000000000000000000000000': 0 pak files mounted, 0 remain pending
[2018.11.29-19.56.11:945][  0]LogPakFile: Registered encryption key '00000000000000000000000000000000': 0 pak files mounted, 0 remain pending
[2018.11.29-19.56.11:970][  0]LogPakFile: Registered encryption key '00000000000000000000000000000000': 0 pak files mounted, 0 remain pending
[2018.11.29-19.56.11:997][  0]LogPakFile: Registered encryption key '00000000000000000000000000000000': 0 pak files mounted, 0 remain pending
[2018.11.29-19.56.12:010][  0]LogPakFile: Registered encryption key '00000000000000000000000000000000': 0 pak files mounted, 0 remain pending
[2018.11.29-19.56.12:021][  0]LogPakFile: Registered encryption key '00000000000000000000000000000000': 0 pak files mounted, 0 remain pending
[2018.11.29-19.56.12:034][  0]LogPakFile: Registered encryption key '00000000000000000000000000000000': 0 pak files mounted, 0 remain pending
[2018.11.29-19.56.12:056][  0]LogPakFile: Registered encryption key '00000000000000000000000000000000': 0 pak files mounted, 0 remain pending
[2018.11.29-19.56.12:117][  0]LogPakFile: Registered encryption key '00000000000000000000000000000000': 0 pak files mounted, 0 remain pending
[2018.11.29-19.56.12:129][  0]LogPakFile: Registered encryption key '00000000000000000000000000000000': 0 pak files mounted, 0 remain pending
[2018.11.29-19.56.12:151][  0]LogPakFile: Registered encryption key '00000000000000000000000000000000': 0 pak files mounted, 0 remain pending
[2018.11.29-19.56.12:164][  0]LogPakFile: Registered encryption key '00000000000000000000000000000000': 0 pak files mounted, 0 remain pending
[2018.11.29-19.56.12:247][  0]LogPakFile: Registered encryption key '00000000000000000000000000000000': 0 pak files mounted, 0 remain pending
[2018.11.29-19.56.12:269][  0]LogPakFile: Registered encryption key '00000000000000000000000000000000': 0 pak files mounted, 0 remain pending
[2018.11.29-19.56.12:281][  0]LogPakFile: Registered encryption key '00000000000000000000000000000000': 0 pak files mounted, 0 remain pending
[2018.11.29-19.56.12:297][  0]LogPakFile: Registered encryption key '00000000000000000000000000000000': 0 pak files mounted, 0 remain pending
[2018.11.29-19.56.12:339][  0]LogPakFile: Registered encryption key '00000000000000000000000000000000': 0 pak files mounted, 0 remain pending
[2018.11.29-19.56.12:349][  0]LogPakFile: Registered encryption key '00000000000000000000000000000000': 0 pak files mounted, 0 remain pending
[2018.11.29-19.56.13:950][  0]LogContentBrowser: Native class hierarchy updated for 'AddContentDialog' in 0.0005 seconds. Added 0 classes and 0 folders.
[2018.11.29-19.56.14:026][  0]LogSlate: Updating window title bar state: overlay mode, drag disabled, window buttons hidden, title bar hidden
[2018.11.29-19.56.14:036][  0]LogSlate: Updating window title bar state: overlay mode, drag disabled, window buttons hidden, title bar hidden
[2018.11.29-19.56.14:047][  0]LogSlate: Updating window title bar state: overlay mode, drag disabled, window buttons hidden, title bar hidden
[2018.11.29-19.56.14:057][  0]LogSlate: Updating window title bar state: overlay mode, drag disabled, window buttons hidden, title bar hidden
[2018.11.29-19.56.14:139][  0]LogContentBrowser: Native class hierarchy updated for 'SceneOutliner' in 0.0005 seconds. Added 1 classes and 2 folders.
[2018.11.29-19.56.14:320][  0]LogSlate: Took 0.018403 seconds to synchronously load lazily loaded font '../../../Engine/Content/Slate/Fonts/Roboto-Regular.ttf' (155K)
[2018.11.29-19.56.14:344][  0]LogSlate: Took 0.021360 seconds to synchronously load lazily loaded font '../../../Engine/Content/Editor/Slate/Fonts/FontAwesome.ttf' (139K)
[2018.11.29-19.56.14:382][  0]LogSlate: Took 0.037023 seconds to synchronously load lazily loaded font '../../../Engine/Content/Slate/Fonts/Roboto-Bold.ttf' (160K)
[2018.11.29-19.56.14:433][  0]LogSlate: Took 0.025108 seconds to synchronously load lazily loaded font '../../../Engine/Content/Slate/Fonts/DroidSansMono.ttf' (77K)
[2018.11.29-19.56.14:543][  0]LogSlate: Took 0.027357 seconds to synchronously load lazily loaded font '../../../Engine/Content/Slate/Fonts/Roboto-Light.ttf' (167K)
[2018.11.29-19.56.14:777][  0]LogRenderer: Reallocating scene render targets to support 1100x564 Format 9 NumSamples 1 (Frame:1).
[2018.11.29-19.56.15:033][  0]LogContentBrowser: Native class hierarchy updated for 'HierarchicalLODOutliner' in 0.0005 seconds. Added 0 classes and 0 folders.
[2018.11.29-19.56.15:034][  0]LogLoad: (Engine Initialization) Total time: 27.60 seconds
[2018.11.29-19.56.15:034][  0]LogLoad: (Engine Initialization) Total Blueprint compile time: 0.00 seconds
[2018.11.29-19.56.15:183][  0]LogContentStreaming: Texture pool size now 400 MB
[2018.11.29-19.56.15:830][  2]LogAssetRegistry: Asset discovery search completed in 23.1067 seconds
[2018.11.29-19.56.15:832][  2]LogCollectionManager: Rebuilt the object cache for 0 collections in 0.000000 seconds (found 0 objects)
[2018.11.29-19.56.15:832][  2]LogCollectionManager: Fixed up redirectors for 0 collections in 0.000277 seconds (updated 0 objects)
[2018.11.29-19.56.16:114][ 19]LogSlate: Took 0.000216 seconds to synchronously load lazily loaded font '../../../Engine/Content/Slate/Fonts/Roboto-Light.ttf' (167K)
[2018.11.29-19.56.42:481][448]LogSlate: FSceneViewport::OnFocusLost() reason 0
[2018.11.29-19.56.46:588][816]LogSlate: FSceneViewport::OnFocusLost() reason 2
[2018.11.29-19.56.48:050][957]LogSlate: FSceneViewport::OnFocusLost() reason 0
[2018.11.29-19.56.48:733][ 25]LogAssetEditorManager: Opening Asset editor for Class /Script/Battle_Tank.Battle_TankGameModeBase
[2018.11.29-20.03.32:977][766]LogSlate: FSceneViewport::OnFocusLost() reason 0
[2018.11.29-20.03.33:139][770]Candidate modules for hot reload:
[2018.11.29-20.03.33:139][770]  Battle_Tank
[2018.11.29-20.03.33:155][770]Launching UnrealBuildTool... [D:/Jeux/UE_4.21/Engine/Binaries/DotNET/UnrealBuildTool.exe  -ModuleWithSuffix=Battle_Tank,0 Win64 Development -TargetType=Editor -Project="../../../../../BattleTank/Battle_Tank/Battle_Tank.uproject" -canskiplink "D:/BattleTank/Battle_Tank/Battle_Tank.uproject" ]
[2018.11.29-20.03.33:159][770]Warning: Starting HotReload took  0.1s.
[2018.11.29-20.03.58:901][878]CompilerResultsLog: New page: Compilation - 29 nov. 2018 22:03:58
[2018.11.29-20.03.58:918][878]CompilerResultsLog: Using 'git status' to determine working set for adaptive non-unity build (D:\BattleTank).
[2018.11.29-20.03.58:919][878]CompilerResultsLog: Creating makefile for hot reloading Battle_TankEditor (modules to compile have changed)
[2018.11.29-20.03.58:920][878]CompilerResultsLog: Compiling game modules for hot reload
[2018.11.29-20.03.58:920][878]CompilerResultsLog: Using Visual Studio 2017 14.15.26726 toolchain (C:\Program Files (x86)\Microsoft Visual Studio\2017\Community\VC\Tools\MSVC\14.15.26726) and Windows 10.0.17134.0 SDK (C:\Program Files (x86)\Windows Kits\10).
[2018.11.29-20.03.58:922][878]CompilerResultsLog: Target is up to date
[2018.11.29-20.03.58:922][878]CompilerResultsLog: Total build time: 24,86 seconds (NoActionsToExecute executor: 0,01 seconds)
[2018.11.29-20.03.58:923][878]LogMainFrame: MainFrame: Module compiling took 25.862 seconds
[2018.11.29-20.03.59:113][878]LogContentBrowser: Native class hierarchy populated in 0.0321 seconds. Added 2653 classes and 624 folders.
[2018.11.29-20.03.59:381][878]Display: HotReload took 26.4s.
[2018.11.29-20.04.34:696][698]LogSlate: FSceneViewport::OnFocusLost() reason 0
[2018.11.29-20.04.48:792][789]LogSlate: Window 'Message Log' being destroyed
[2018.11.29-20.37.29:509][997]LogSlate: Window 'Battle_Tank - Unreal Editor' being destroyed
[2018.11.29-20.37.29:513][997]LogWindowsTextInputMethodSystem: Display: IME system now deactivated.
[2018.11.29-20.37.30:526][998]Cmd: QUIT_EDITOR
[2018.11.29-20.37.30:866][998]LogExit: Preparing to exit.
[2018.11.29-20.37.32:791][998]LogExit: Editor shut down
[2018.11.29-20.37.32:793][998]LogExit: Transaction tracking system shut down
[2018.11.29-20.37.35:429][998]LogExit: Object subsystem successfully closed.
[2018.11.29-20.37.35:704][998]LogShaderCompilers: Display: Shaders left to compile 0
[2018.11.29-20.37.35:754][998]LogD3D11RHI: Shutdown
[2018.11.29-20.37.35:754][998]LogD3D11RHI: CleanupD3DDevice
[2018.11.29-20.37.35:851][998]LogD3D11RHI: ~FD3D11DynamicRHI
[2018.11.29-20.37.37:468][998]LogModuleManager: Shutting down and abandoning module HierarchicalLODOutliner (624)
[2018.11.29-20.37.37:469][998]LogModuleManager: Shutting down and abandoning module SceneOutliner (622)
[2018.11.29-20.37.37:478][998]LogModuleManager: Shutting down and abandoning module AddContentDialog (620)
[2018.11.29-20.37.37:502][998]LogModuleManager: Shutting down and abandoning module WidgetCarousel (619)
[2018.11.29-20.37.37:502][998]LogModuleManager: Shutting down and abandoning module EditorWidgets (616)
[2018.11.29-20.37.37:502][998]LogModuleManager: Shutting down and abandoning module CollectionManager (614)
[2018.11.29-20.37.37:521][998]LogModuleManager: Shutting down and abandoning module StatsViewer (612)
[2018.11.29-20.37.37:560][998]LogModuleManager: Shutting down and abandoning module FoliageEdit (610)
[2018.11.29-20.37.37:584][998]LogModuleManager: Shutting down and abandoning module LandscapeEditor (608)
[2018.11.29-20.37.37:672][998]LogModuleManager: Shutting down and abandoning module MeshPaintMode (606)
[2018.11.29-20.37.37:682][998]LogModuleManager: Shutting down and abandoning module SceneDepthPickerMode (604)
[2018.11.29-20.37.37:682][998]LogModuleManager: Shutting down and abandoning module ActorPickerMode (602)
[2018.11.29-20.37.37:682][998]LogModuleManager: Shutting down and abandoning module GeometryMode (600)
[2018.11.29-20.37.37:682][998]LogModuleManager: Shutting down and abandoning module TextureAlignMode (598)
[2018.11.29-20.37.37:682][998]LogModuleManager: Shutting down and abandoning module BspMode (596)
[2018.11.29-20.37.37:682][998]LogModuleManager: Shutting down and abandoning module PIEPreviewDeviceProfileSelector (594)
[2018.11.29-20.37.37:694][998]LogModuleManager: Shutting down and abandoning module SequenceRecorderSections (592)
[2018.11.29-20.37.37:703][998]LogModuleManager: Shutting down and abandoning module AutomationWorker (590)
[2018.11.29-20.37.37:703][998]LogModuleManager: Shutting down and abandoning module AudioCaptureEditor (588)
[2018.11.29-20.37.37:703][998]LogModuleManager: Shutting down and abandoning module MatineeToLevelSequence (586)
[2018.11.29-20.37.37:742][998]LogModuleManager: Shutting down and abandoning module LevelSequenceEditor (584)
[2018.11.29-20.37.37:859][998]LogModuleManager: Shutting down and abandoning module PlacementMode (583)
[2018.11.29-20.37.37:859][998]LogModuleManager: Shutting down and abandoning module MaterialEditor (582)
[2018.11.29-20.37.37:946][998]LogModuleManager: Shutting down and abandoning module WmfMediaFactory (578)
[2018.11.29-20.37.37:946][998]LogModuleManager: Shutting down and abandoning module WmfMediaEditor (576)
[2018.11.29-20.37.37:946][998]LogModuleManager: Shutting down and abandoning module WebMMediaFactory (574)
[2018.11.29-20.37.37:946][998]LogModuleManager: Shutting down and abandoning module WebMMediaEditor (572)
[2018.11.29-20.37.37:946][998]LogModuleManager: Shutting down and abandoning module WebMMedia (570)
[2018.11.29-20.37.37:958][998]LogModuleManager: Shutting down and abandoning module MediaPlayerEditor (568)
[2018.11.29-20.37.37:995][998]LogModuleManager: Shutting down and abandoning module MediaCompositingEditor (566)
[2018.11.29-20.37.38:064][998]LogModuleManager: Shutting down and abandoning module SequenceRecorder (565)
[2018.11.29-20.37.38:065][998]LogModuleManager: Shutting down and abandoning module OpenExrWrapper (562)
[2018.11.29-20.37.38:065][998]LogModuleManager: Shutting down and abandoning module ImgMediaFactory (560)
[2018.11.29-20.37.38:065][998]LogModuleManager: Shutting down and abandoning module ImgMediaEditor (558)
[2018.11.29-20.37.38:065][998]LogModuleManager: Shutting down and abandoning module AvfMediaFactory (556)
[2018.11.29-20.37.38:065][998]LogModuleManager: Shutting down and abandoning module AvfMediaEditor (554)
[2018.11.29-20.37.38:065][998]LogModuleManager: Shutting down and abandoning module AndroidMediaFactory (552)
[2018.11.29-20.37.38:065][998]LogModuleManager: Shutting down and abandoning module AndroidMediaEditor (550)
[2018.11.29-20.37.38:065][998]LogModuleManager: Shutting down and abandoning module MagicLeapCameraPreviewFactory (548)
[2018.11.29-20.37.38:065][998]LogModuleManager: Shutting down and abandoning module MagicLeapMediaFactory (546)
[2018.11.29-20.37.38:065][998]LogModuleManager: Shutting down and abandoning module MagicLeapMediaEditor (544)
[2018.11.29-20.37.38:065][998]LogModuleManager: Shutting down and abandoning module CharacterAI (542)
[2018.11.29-20.37.38:065][998]LogModuleManager: Shutting down and abandoning module SmartSnapping (540)
[2018.11.29-20.37.38:065][998]LogModuleManager: Shutting down and abandoning module SessionServices (538)
[2018.11.29-20.37.38:065][998]LogModuleManager: Shutting down and abandoning module ViewportSnapping (536)
[2018.11.29-20.37.38:065][998]LogModuleManager: Shutting down and abandoning module ViewportInteraction (534)
[2018.11.29-20.37.38:065][998]LogModuleManager: Shutting down and abandoning module ClothPainter (532)
[2018.11.29-20.37.38:080][998]LogModuleManager: Shutting down and abandoning module SkeletalMeshEditor (531)
[2018.11.29-20.37.38:122][998]LogModuleManager: Shutting down and abandoning module LogVisualizer (528)
[2018.11.29-20.37.38:149][998]LogModuleManager: Shutting down and abandoning module IntroTutorials (526)
[2018.11.29-20.37.38:208][998]LogModuleManager: Shutting down and abandoning module GameProjectGeneration (525)
[2018.11.29-20.37.38:213][998]LogModuleManager: Shutting down and abandoning module LuminPlatformEditor (522)
[2018.11.29-20.37.38:214][998]LogModuleManager: Shutting down and abandoning module IOSPlatformEditor (520)
[2018.11.29-20.37.38:214][998]LogModuleManager: Shutting down and abandoning module HTML5PlatformEditor (518)
[2018.11.29-20.37.38:214][998]LogModuleManager: Shutting down and abandoning module AndroidPlatformEditor (516)
[2018.11.29-20.37.38:214][998]LogModuleManager: Shutting down and abandoning module AndroidDeviceDetection (515)
[2018.11.29-20.37.38:508][998]LogModuleManager: Shutting down and abandoning module WindowsPlatformEditor (512)
[2018.11.29-20.37.38:508][998]LogModuleManager: Shutting down and abandoning module LuminRuntimeSettings (510)
[2018.11.29-20.37.38:508][998]LogModuleManager: Shutting down and abandoning module IOSRuntimeSettings (508)
[2018.11.29-20.37.38:508][998]LogModuleManager: Shutting down and abandoning module AndroidRuntimeSettings (506)
[2018.11.29-20.37.38:508][998]LogModuleManager: Shutting down and abandoning module TimeManagementEditor (504)
[2018.11.29-20.37.38:508][998]LogModuleManager: Shutting down and abandoning module InputBindingEditor (502)
[2018.11.29-20.37.38:529][998]LogModuleManager: Shutting down and abandoning module MergeActors (500)
[2018.11.29-20.37.38:556][998]LogModuleManager: Shutting down and abandoning module LocalizationDashboard (498)
[2018.11.29-20.37.38:591][998]LogModuleManager: Shutting down and abandoning module LocalizationService (497)
[2018.11.29-20.37.38:631][998]LogModuleManager: Shutting down and abandoning module HardwareTargeting (494)
[2018.11.29-20.37.38:631][998]LogModuleManager: Shutting down and abandoning module DeviceProfileEditor (492)
[2018.11.29-20.37.38:661][998]LogModuleManager: Shutting down and abandoning module UndoHistory (490)
[2018.11.29-20.37.38:735][998]LogModuleManager: Shutting down and abandoning module XmlParser (488)
[2018.11.29-20.37.38:735][998]LogModuleManager: Shutting down and abandoning module Blutility (486)
[2018.11.29-20.37.38:766][998]LogModuleManager: Shutting down and abandoning module ProjectSettingsViewer (484)
[2018.11.29-20.37.38:766][998]LogModuleManager: Shutting down and abandoning module ProjectTargetPlatformEditor (483)
[2018.11.29-20.37.38:767][998]LogModuleManager: Shutting down and abandoning module EditorSettingsViewer (480)
[2018.11.29-20.37.38:767][998]LogModuleManager: Shutting down and abandoning module SettingsEditor (478)
[2018.11.29-20.37.38:776][998]LogModuleManager: Shutting down and abandoning module ProjectLauncher (476)
[2018.11.29-20.37.38:791][998]LogModuleManager: Shutting down and abandoning module SessionFrontend (474)
[2018.11.29-20.37.38:799][998]LogModuleManager: Shutting down and abandoning module ProfilerClient (472)
[2018.11.29-20.37.38:807][998]LogModuleManager: Shutting down and abandoning module DeviceManager (470)
[2018.11.29-20.37.38:829][998]LogModuleManager: Shutting down and abandoning module TargetDeviceServices (469)
[2018.11.29-20.37.38:884][998]LogModuleManager: Shutting down and abandoning module AutomationController (466)
[2018.11.29-20.37.38:893][998]LogModuleManager: Shutting down and abandoning module AutomationWindow (464)
[2018.11.29-20.37.38:903][998]LogModuleManager: Shutting down and abandoning module Layers (462)
[2018.11.29-20.37.38:920][998]LogModuleManager: Shutting down and abandoning module ComponentVisualizers (460)
[2018.11.29-20.37.38:920][998]LogModuleManager: Shutting down and abandoning module DetailCustomizations (458)
[2018.11.29-20.37.38:942][998]LogModuleManager: Shutting down and abandoning module PackagesDialog (456)
[2018.11.29-20.37.38:963][998]LogModuleManager: Shutting down and abandoning module Persona (454)
[2018.11.29-20.37.39:000][998]LogModuleManager: Shutting down and abandoning module AdvancedPreviewScene (453)
[2018.11.29-20.37.39:000][998]LogModuleManager: Shutting down and abandoning module AnimGraph (451)
[2018.11.29-20.37.39:012][998]LogModuleManager: Shutting down and abandoning module Kismet (448)
[2018.11.29-20.37.39:038][998]LogModuleManager: Shutting down and abandoning module GraphEditor (446)
[2018.11.29-20.37.39:102][998]LogModuleManager: Shutting down and abandoning module ClassViewer (444)
[2018.11.29-20.37.39:102][998]LogModuleManager: Shutting down and abandoning module Toolbox (442)
[2018.11.29-20.37.39:103][998]LogModuleManager: Shutting down and abandoning module DesktopPlatform (441)
[2018.11.29-20.37.39:128][998]LogModuleManager: Shutting down and abandoning module ModuleUI (438)
[2018.11.29-20.37.39:131][998]LogModuleManager: Shutting down and abandoning module MovieSceneTools (436)
[2018.11.29-20.37.39:131][998]LogModuleManager: Shutting down and abandoning module OutputLog (434)
[2018.11.29-20.37.39:131][998]LogModuleManager: Shutting down and abandoning module GammaUI (432)
[2018.11.29-20.37.39:163][998]LogModuleManager: Shutting down and abandoning module Documentation (430)
[2018.11.29-20.37.39:163][998]LogModuleManager: Shutting down and abandoning module MovieSceneTracks (428)
[2018.11.29-20.37.39:163][998]LogModuleManager: Shutting down and abandoning module MovieScene (426)
[2018.11.29-20.37.39:175][998]LogModuleManager: Shutting down and abandoning module StreamingPauseRendering (424)
[2018.11.29-20.37.39:185][998]LogModuleManager: Shutting down and abandoning module LauncherPlatform (422)
[2018.11.29-20.37.39:185][998]LogModuleManager: Shutting down and abandoning module AnalyticsET (420)
[2018.11.29-20.37.39:185][998]LogModuleManager: Shutting down and abandoning module PortalServices (418)
[2018.11.29-20.37.39:185][998]LogModuleManager: Shutting down and abandoning module PortalRpc (416)
[2018.11.29-20.37.39:185][998]LogModuleManager: Shutting down and abandoning module MessagingRpc (414)
[2018.11.29-20.37.39:185][998]LogModuleManager: Shutting down and abandoning module AIModule (412)
[2018.11.29-20.37.39:233][998]LogModuleManager: Shutting down and abandoning module GameplayDebugger (411)
[2018.11.29-20.37.39:242][998]LogModuleManager: Shutting down and abandoning module AITestSuite (409)
[2018.11.29-20.37.39:275][998]LogModuleManager: Shutting down and abandoning module NavigationSystem (407)
[2018.11.29-20.37.39:275][998]LogModuleManager: Shutting down and abandoning module ImageWriteQueue (404)
[2018.11.29-20.37.39:281][998]LogModuleManager: Shutting down and abandoning module ProfilerService (402)
[2018.11.29-20.37.39:369][998]LogModuleManager: Shutting down and abandoning module TaskGraph (400)
[2018.11.29-20.37.39:398][998]LogModuleManager: Shutting down and abandoning module SteamVRController (398)
[2018.11.29-20.37.39:398][998]LogModuleManager: Shutting down and abandoning module ProceduralMeshComponentEditor (396)
[2018.11.29-20.37.39:398][998]LogModuleManager: Shutting down and abandoning module ProceduralMeshComponent (394)
[2018.11.29-20.37.39:415][998]LogModuleManager: Shutting down and abandoning module OculusInput (392)
[2018.11.29-20.37.39:415][998]LogModuleManager: Shutting down and abandoning module MobilePatchingUtils (390)
[2018.11.29-20.37.39:415][998]LogModuleManager: Shutting down and abandoning module EditableMesh (388)
[2018.11.29-20.37.39:418][998]LogModuleManager: Shutting down and abandoning module CustomMeshComponent (386)
[2018.11.29-20.37.39:418][998]LogModuleManager: Shutting down and abandoning module CableComponent (384)
[2018.11.29-20.37.39:422][998]LogModuleManager: Shutting down and abandoning module AudioCapture (382)
[2018.11.29-20.37.39:422][998]LogModuleManager: Shutting down and abandoning module ArchVisCharacter (380)
[2018.11.29-20.37.39:422][998]LogModuleManager: Shutting down and abandoning module AndroidPermission (378)
[2018.11.29-20.37.39:422][998]LogModuleManager: Shutting down and abandoning module NUTUnrealEngine4 (376)
[2018.11.29-20.37.39:444][998]LogModuleManager: Shutting down and abandoning module NetcodeUnitTest (374)
[2018.11.29-20.37.39:480][998]LogModuleManager: Shutting down and abandoning module MediaCompositing (372)
[2018.11.29-20.37.39:480][998]LogModuleManager: Shutting down and abandoning module LinearTimecode (370)
[2018.11.29-20.37.39:480][998]LogModuleManager: Shutting down and abandoning module ImgMedia (368)
[2018.11.29-20.37.39:485][998]LogModuleManager: Shutting down and abandoning module HTML5Networking (366)
[2018.11.29-20.37.39:485][998]LogModuleManager: Shutting down and abandoning module GeometryCacheTracks (364)
[2018.11.29-20.37.39:485][998]LogModuleManager: Shutting down and abandoning module GeometryCacheSequencer (362)
[2018.11.29-20.37.39:485][998]LogModuleManager: Shutting down and abandoning module BackChannel (360)
[2018.11.29-20.37.39:500][998]LogModuleManager: Shutting down and abandoning module AppleVision (358)
[2018.11.29-20.37.39:500][998]LogModuleManager: Shutting down and abandoning module AppleImageUtilsBlueprintSupport (356)
[2018.11.29-20.37.39:500][998]LogModuleManager: Shutting down and abandoning module AppleImageUtils (354)
[2018.11.29-20.37.39:500][998]LogModuleManager: Shutting down and abandoning module AlembicImporter (352)
[2018.11.29-20.37.39:500][998]LogModuleManager: Shutting down and abandoning module AlembicLibrary (351)
[2018.11.29-20.37.39:500][998]LogModuleManager: Shutting down and abandoning module GeometryCache (350)
[2018.11.29-20.37.39:500][998]LogModuleManager: Shutting down and abandoning module GeometryCacheEd (349)
[2018.11.29-20.37.39:500][998]LogModuleManager: Shutting down and abandoning module VariantManagerContent (344)
[2018.11.29-20.37.39:500][998]LogModuleManager: Shutting down and abandoning module DatasmithContentEditor (342)
[2018.11.29-20.37.39:523][998]LogModuleManager: Shutting down and abandoning module SpeedTreeImporter (340)
[2018.11.29-20.37.39:523][998]LogModuleManager: Shutting down and abandoning module PluginBrowser (338)
[2018.11.29-20.37.39:540][998]LogModuleManager: Shutting down and abandoning module MobileLauncherProfileWizard (336)
[2018.11.29-20.37.39:563][998]LogModuleManager: Shutting down and abandoning module PolygonModeling (334)
[2018.11.29-20.37.39:563][998]LogModuleManager: Shutting down and abandoning module MeshEditor (332)
[2018.11.29-20.37.39:576][998]LogModuleManager: Shutting down and abandoning module CryptoKeysOpenSSL (330)
[2018.11.29-20.37.39:579][998]LogModuleManager: Shutting down and abandoning module CryptoKeys (328)
[2018.11.29-20.37.39:579][998]LogModuleManager: Shutting down and abandoning module VisualStudioSourceCodeAccess (326)
[2018.11.29-20.37.39:579][998]LogModuleManager: Shutting down and abandoning module VisualStudioCodeSourceCodeAccess (324)
[2018.11.29-20.37.39:579][998]LogModuleManager: Shutting down and abandoning module UObjectPlugin (322)
[2018.11.29-20.37.39:579][998]LogModuleManager: Shutting down and abandoning module SubversionSourceControl (320)
[2018.11.29-20.37.39:605][998]LogModuleManager: Shutting down and abandoning module PerforceSourceControl (318)
[2018.11.29-20.37.39:644][998]LogModuleManager: Shutting down and abandoning module GitSourceControl (316)
[2018.11.29-20.37.39:661][998]LogModuleManager: Shutting down and abandoning module SourceControl (315)
[2018.11.29-20.37.39:661][998]LogModuleManager: Shutting down and abandoning module CLionSourceCodeAccess (312)
[2018.11.29-20.37.39:662][998]LogModuleManager: Shutting down and abandoning module ActorLayerUtilitiesEditor (310)
[2018.11.29-20.37.39:662][998]LogModuleManager: Shutting down and abandoning module ActorLayerUtilities (308)
[2018.11.29-20.37.39:662][998]LogModuleManager: Shutting down and abandoning module LightPropagationVolumeEditor (306)
[2018.11.29-20.37.39:662][998]LogModuleManager: Shutting down and abandoning module PaperTiledImporter (304)
[2018.11.29-20.37.39:662][998]LogModuleManager: Shutting down and abandoning module PaperSpriteSheetImporter (302)
[2018.11.29-20.37.39:675][998]LogModuleManager: Shutting down and abandoning module Paper2DEditor (300)
[2018.11.29-20.37.39:717][998]LogModuleManager: Shutting down and abandoning module MeshPaint (299)
[2018.11.29-20.37.39:731][998]LogModuleManager: Shutting down and abandoning module Battle_Tank (296)
[2018.11.29-20.37.39:731][998]LogModuleManager: Shutting down and abandoning module RuntimePhysXCooking (294)
[2018.11.29-20.37.39:731][998]LogModuleManager: Shutting down and abandoning module PhysXVehiclesEditor (292)
[2018.11.29-20.37.39:731][998]LogModuleManager: Shutting down and abandoning module PhysXVehicles (290)
[2018.11.29-20.37.39:731][998]LogModuleManager: Shutting down and abandoning module OculusEditor (288)
[2018.11.29-20.37.39:744][998]LogModuleManager: Shutting down and abandoning module LocationServicesBPLibrary (286)
[2018.11.29-20.37.39:744][998]LogModuleManager: Shutting down and abandoning module ActorSequence (284)
[2018.11.29-20.37.39:744][998]LogModuleManager: Shutting down and abandoning module UdpMessaging (282)
[2018.11.29-20.37.39:845][998]LogModuleManager: Shutting down and abandoning module TcpMessaging (280)
[2018.11.29-20.37.40:036][998]LogModuleManager: Shutting down and abandoning module MagicLeapAudio (278)
[2018.11.29-20.37.40:036][998]LogModuleManager: Shutting down and abandoning module GameplayTagsEditor (276)
[2018.11.29-20.37.40:044][998]LogModuleManager: Shutting down and abandoning module FacialAnimationEditor (274)
[2018.11.29-20.37.40:044][998]LogModuleManager: Shutting down and abandoning module FacialAnimation (272)
[2018.11.29-20.37.40:044][998]LogModuleManager: Shutting down and abandoning module DataValidation (270)
[2018.11.29-20.37.40:044][998]LogModuleManager: Shutting down and abandoning module AssetManagerEditor (268)
[2018.11.29-20.37.40:057][998]LogModuleManager: Shutting down and abandoning module LevelEditor (267)
[2018.11.29-20.37.40:077][998]LogModuleManager: Shutting down and abandoning module PixelInspectorModule (266)
[2018.11.29-20.37.40:093][998]LogModuleManager: Shutting down and abandoning module CommonMenuExtensions (264)
[2018.11.29-20.37.40:094][998]LogModuleManager: Shutting down and abandoning module MainFrame (262)
[2018.11.29-20.37.40:094][998]LogModuleManager: Shutting down and abandoning module HotReload (261)
[2018.11.29-20.37.40:106][998]LogModuleManager: Shutting down and abandoning module ContentBrowser (257)
[2018.11.29-20.37.40:110][998]LogModuleManager: Shutting down and abandoning module TreeMap (255)
[2018.11.29-20.37.40:122][998]LogModuleManager: Shutting down and abandoning module LightPropagationVolumeRuntime (252)
[2018.11.29-20.37.40:122][998]LogModuleManager: Shutting down and abandoning module AISupportModule (250)
[2018.11.29-20.37.40:122][998]LogModuleManager: Shutting down and abandoning module Paper2D (248)
[2018.11.29-20.37.40:141][998]LogModuleManager: Shutting down and abandoning module WindowsMoviePlayer (246)
[2018.11.29-20.37.40:149][998]LogModuleManager: Shutting down and abandoning module WebMMoviePlayer (244)
[2018.11.29-20.37.40:149][998]LogModuleManager: Shutting down and abandoning module WmfMedia (242)
[2018.11.29-20.37.40:164][998]LogModuleManager: Shutting down and abandoning module Media (241)
[2018.11.29-20.37.40:170][998]LogModuleManager: Shutting down and abandoning module PacketHandler (238)
[2018.11.29-20.37.40:170][998]LogModuleManager: Shutting down and abandoning module ClothingSystemEditor (236)
[2018.11.29-20.37.40:171][998]LogModuleManager: Shutting down and abandoning module ClothingSystemRuntime (234)
[2018.11.29-20.37.40:196][998]LogModuleManager: Shutting down and abandoning module MediaAssets (232)
[2018.11.29-20.37.40:196][998]LogModuleManager: Shutting down and abandoning module Overlay (230)
[2018.11.29-20.37.40:196][998]LogModuleManager: Shutting down and abandoning module OverlayEditor (229)
[2018.11.29-20.37.40:196][998]LogModuleManager: Shutting down and abandoning module VREditor (226)
[2018.11.29-20.37.40:208][998]LogModuleManager: Shutting down and abandoning module StringTableEditor (224)
[2018.11.29-20.37.40:223][998]LogModuleManager: Shutting down and abandoning module GameplayTasksEditor (222)
[2018.11.29-20.37.40:223][998]LogModuleManager: Shutting down and abandoning module BehaviorTreeEditor (220)
[2018.11.29-20.37.40:248][998]LogModuleManager: Shutting down and abandoning module FunctionalTesting (218)
[2018.11.29-20.37.40:254][998]LogModuleManager: Shutting down and abandoning module CollisionAnalyzer (216)
[2018.11.29-20.37.40:280][998]LogModuleManager: Shutting down and abandoning module WorkspaceMenuStructure (215)
[2018.11.29-20.37.40:280][998]LogModuleManager: Shutting down and abandoning module UMG (212)
[2018.11.29-20.37.40:295][998]LogModuleManager: Shutting down and abandoning module UMGEditor (211)
[2018.11.29-20.37.40:331][998]LogModuleManager: Shutting down and abandoning module Sequencer (210)
[2018.11.29-20.37.40:373][998]LogModuleManager: Shutting down and abandoning module MessageLog (207)
[2018.11.29-20.37.40:373][998]LogModuleManager: Shutting down and abandoning module SlateReflector (202)
[2018.11.29-20.37.40:407][998]LogModuleManager: Shutting down and abandoning module Slate (200)
[2018.11.29-20.37.40:407][998]LogModuleManager: Shutting down and abandoning module EditorStyle (198)
[2018.11.29-20.37.40:410][998]LogModuleManager: Shutting down and abandoning module MRMesh (196)
[2018.11.29-20.37.40:425][998]LogModuleManager: Shutting down and abandoning module SourceCodeAccess (194)
[2018.11.29-20.37.40:425][998]LogModuleManager: Shutting down and abandoning module HeadMountedDisplay (192)
[2018.11.29-20.37.40:425][998]LogModuleManager: Shutting down and abandoning module XAudio2 (190)
[2018.11.29-20.37.40:425][998]LogModuleManager: Shutting down and abandoning module Networking (188)
[2018.11.29-20.37.40:425][998]LogModuleManager: Shutting down and abandoning module Core (186)
[2018.11.29-20.37.40:425][998]LogModuleManager: Shutting down and abandoning module LevelSequence (184)
[2018.11.29-20.37.40:425][998]LogModuleManager: Shutting down and abandoning module KismetCompiler (182)
[2018.11.29-20.37.40:425][998]LogModuleManager: Shutting down and abandoning module MeshUtilities (180)
[2018.11.29-20.37.40:428][998]LogModuleManager: Shutting down and abandoning module MeshMergeUtilities (179)
[2018.11.29-20.37.40:442][998]LogModuleManager: Shutting down and abandoning module MeshReductionInterface (178)
[2018.11.29-20.37.40:442][998]LogModuleManager: Shutting down and abandoning module SimplygonSwarm (177)
[2018.11.29-20.37.40:450][998]LogModuleManager: Shutting down and abandoning module ProxyLODMeshReduction (175)
[2018.11.29-20.37.40:477][998]LogModuleManager: Shutting down and abandoning module SimplygonMeshReduction (173)
[2018.11.29-20.37.40:477][998]LogModuleManager: Shutting down and abandoning module QuadricMeshReduction (171)
[2018.11.29-20.37.40:491][998]LogModuleManager: Shutting down and abandoning module MaterialBaking (167)
[2018.11.29-20.37.40:496][998]LogModuleManager: Shutting down and abandoning module DirectoryWatcher (163)
[2018.11.29-20.37.40:498][998]LogModuleManager: Shutting down and abandoning module DerivedDataCache (160)
[2018.11.29-20.37.40:558][998]LogDerivedDataCache: Shutdown
[2018.11.29-20.37.40:558][998]LogModuleManager: Shutting down and abandoning module XGEController (158)
[2018.11.29-20.37.40:569][998]LogXGEController: Cleaning working directory: C:/Users/Guillaume/AppData/Local/Temp/UnrealXGEWorkingDir/
[2018.11.29-20.37.40:569][998]LogModuleManager: Shutting down and abandoning module TargetPlatform (156)
[2018.11.29-20.37.40:569][998]LogModuleManager: Shutting down and abandoning module VulkanShaderFormat (155)
[2018.11.29-20.37.40:575][998]LogModuleManager: Shutting down and abandoning module ShaderFormatVectorVM (153)
[2018.11.29-20.37.40:588][998]LogModuleManager: Shutting down and abandoning module ShaderFormatOpenGL (151)
[2018.11.29-20.37.40:598][998]LogModuleManager: Shutting down and abandoning module ShaderFormatD3D (149)
[2018.11.29-20.37.40:598][998]LogModuleManager: Shutting down and abandoning module MetalShaderFormat (147)
[2018.11.29-20.37.40:609][998]LogModuleManager: Shutting down and abandoning module TextureFormatUncompressed (145)
[2018.11.29-20.37.40:610][998]LogModuleManager: Shutting down and abandoning module TextureFormatPVR (143)
[2018.11.29-20.37.40:610][998]LogModuleManager: Shutting down and abandoning module TextureFormatDXT (141)
[2018.11.29-20.37.40:621][998]LogModuleManager: Shutting down and abandoning module TextureFormatIntelISPCTexComp (139)
[2018.11.29-20.37.40:622][998]LogModuleManager: Shutting down and abandoning module TextureFormatASTC (137)
[2018.11.29-20.37.40:622][998]LogModuleManager: Shutting down and abandoning module ImageWrapper (136)
[2018.11.29-20.37.40:622][998]LogModuleManager: Shutting down and abandoning module TextureFormatAndroid (133)
[2018.11.29-20.37.40:622][998]LogModuleManager: Shutting down and abandoning module AudioFormatOpus (131)
[2018.11.29-20.37.40:622][998]LogModuleManager: Shutting down and abandoning module AudioFormatOgg (129)
[2018.11.29-20.37.40:622][998]LogModuleManager: Shutting down and abandoning module AudioFormatADPCM (127)
[2018.11.29-20.37.40:622][998]LogModuleManager: Shutting down and abandoning module LuminTargetPlatform (125)
[2018.11.29-20.37.40:638][998]LogModuleManager: Shutting down and abandoning module LinuxTargetPlatform (123)
[2018.11.29-20.37.40:638][998]LogModuleManager: Shutting down and abandoning module LinuxServerTargetPlatform (121)
[2018.11.29-20.37.40:638][998]LogModuleManager: Shutting down and abandoning module LinuxNoEditorTargetPlatform (119)
[2018.11.29-20.37.40:638][998]LogModuleManager: Shutting down and abandoning module LinuxClientTargetPlatform (117)
[2018.11.29-20.37.40:638][998]LogModuleManager: Shutting down and abandoning module TVOSTargetPlatform (115)
[2018.11.29-20.37.40:651][998]LogModuleManager: Shutting down and abandoning module Messaging (113)
[2018.11.29-20.37.40:651][998]LogModuleManager: Shutting down and abandoning module IOSTargetPlatform (111)
[2018.11.29-20.37.40:655][998]LogModuleManager: Shutting down and abandoning module HTML5TargetPlatform (109)
[2018.11.29-20.37.40:655][998]LogModuleManager: Shutting down and abandoning module AndroidTargetPlatform (107)
[2018.11.29-20.37.40:772][998]LogModuleManager: Shutting down and abandoning module WindowsTargetPlatform (105)
[2018.11.29-20.37.40:775][998]LogModuleManager: Shutting down and abandoning module WindowsServerTargetPlatform (103)
[2018.11.29-20.37.40:776][998]LogModuleManager: Shutting down and abandoning module WindowsNoEditorTargetPlatform (101)
[2018.11.29-20.37.40:779][998]LogModuleManager: Shutting down and abandoning module WindowsClientTargetPlatform (99)
[2018.11.29-20.37.40:780][998]LogModuleManager: Shutting down and abandoning module MacTargetPlatform (97)
[2018.11.29-20.37.40:780][998]LogModuleManager: Shutting down and abandoning module MacServerTargetPlatform (95)
[2018.11.29-20.37.40:780][998]LogModuleManager: Shutting down and abandoning module MacNoEditorTargetPlatform (93)
[2018.11.29-20.37.40:780][998]LogModuleManager: Shutting down and abandoning module MacClientTargetPlatform (91)
[2018.11.29-20.37.40:780][998]LogModuleManager: Shutting down and abandoning module AllDesktopTargetPlatform (89)
[2018.11.29-20.37.40:780][998]LogModuleManager: Shutting down and abandoning module InputCore (86)
[2018.11.29-20.37.40:780][998]LogModuleManager: Shutting down and abandoning module Settings (84)
[2018.11.29-20.37.40:781][998]LogModuleManager: Shutting down and abandoning module PhysXCooking (82)
[2018.11.29-20.37.40:781][998]LogModuleManager: Shutting down and abandoning module SteamVR (80)
[2018.11.29-20.37.40:797][998]LogHMD: Freeing OpenVRDLLHandle.
[2018.11.29-20.37.40:797][998]LogModuleManager: Shutting down and abandoning module OculusHMD (78)
[2018.11.29-20.37.40:797][998]LogModuleManager: Shutting down and abandoning module ExampleDeviceProfileSelector (76)
[2018.11.29-20.37.40:797][998]LogModuleManager: Shutting down and abandoning module LauncherChunkInstaller (74)
[2018.11.29-20.37.40:798][998]LogModuleManager: Shutting down and abandoning module OnlineBlueprintSupport (72)
[2018.11.29-20.37.40:798][998]LogModuleManager: Shutting down and abandoning module OnlineSubsystem (68)
[2018.11.29-20.37.40:818][998]LogModuleManager: Shutting down and abandoning module XMPP (63)
[2018.11.29-20.37.40:850][998]LogModuleManager: Shutting down and abandoning module WebSockets (62)
[2018.11.29-20.37.40:883][998]LogModuleManager: Shutting down and abandoning module HTTP (59)
[2018.11.29-20.37.40:883][998]LogHttp: Display: Http module shutting down, but needs to wait on 1 outstanding Http requests:
[2018.11.29-20.37.40:883][998]LogHttp: Display: 	verb=[POST] url=[https://datarouter.ol.epicgames.com/datarouter/api/v1/public/data?SessionID=%7B7464C2D1-4D03-A207-122C-079AC722C482%7D&AppID=UEEditor.Rocket.Release&AppVersion=4.21.0-4541578%2B%2B%2BUE4%2BRelease-4.21&UserID=3273da2448b590884d71b0bcd07f430e%7C0bac064dae134004b2eca3b124c0f206%7C73a49df6-6464-4431-a66d-2ebe88192f37&AppEnvironment=datacollector-binary&UploadType=eteventstream] status=Processing
[2018.11.29-20.37.40:898][998]LogModuleManager: Shutting down and abandoning module SSL (58)
[2018.11.29-20.37.40:901][998]LogModuleManager: Shutting down and abandoning module MagicLeapIdentity (54)
[2018.11.29-20.37.40:901][998]LogModuleManager: Shutting down and abandoning module MagicLeapHelperVulkan (52)
[2018.11.29-20.37.40:901][998]LogModuleManager: Shutting down and abandoning module MagicLeapHelperOpenGL (50)
[2018.11.29-20.37.40:901][998]LogModuleManager: Shutting down and abandoning module MagicLeapSecureStorage (48)
[2018.11.29-20.37.40:901][998]LogModuleManager: Shutting down and abandoning module MagicLeapHandTracking (46)
[2018.11.29-20.37.40:901][998]LogModuleManager: Shutting down and abandoning module MagicLeapEyeTracker (44)
[2018.11.29-20.37.40:901][998]LogModuleManager: Shutting down and abandoning module MagicLeapController (42)
[2018.11.29-20.37.40:901][998]LogSlate: Slate User Destroyed.  User Index 0, Is Virtual User: 0
[2018.11.29-20.37.40:901][998]LogModuleManager: Shutting down and abandoning module MagicLeap (40)
[2018.11.29-20.37.40:929][998]LogModuleManager: Shutting down and abandoning module DatasmithContent (38)
[2018.11.29-20.37.40:932][998]LogModuleManager: Shutting down and abandoning module AnimationModifiers (36)
[2018.11.29-20.37.40:962][998]LogModuleManager: Shutting down and abandoning module PropertyEditor (35)
[2018.11.29-20.37.40:966][998]LogModuleManager: Shutting down and abandoning module AudioEditor (32)
[2018.11.29-20.37.40:995][998]LogModuleManager: Shutting down and abandoning module TextureCompressor (30)
[2018.11.29-20.37.41:011][998]LogModuleManager: Shutting down and abandoning module ShaderCore (28)
[2018.11.29-20.37.41:011][998]LogModuleManager: Shutting down and abandoning module Landscape (26)
[2018.11.29-20.37.41:011][998]LogModuleManager: Shutting down and abandoning module SlateRHIRenderer (24)
[2018.11.29-20.37.41:027][998]LogModuleManager: Shutting down and abandoning module OpenGLDrv (22)
[2018.11.29-20.37.41:044][998]LogModuleManager: Shutting down and abandoning module D3D11RHI (20)
[2018.11.29-20.37.41:044][998]LogModuleManager: Shutting down and abandoning module AnimGraphRuntime (18)
[2018.11.29-20.37.41:053][998]LogModuleManager: Shutting down and abandoning module Renderer (16)
[2018.11.29-20.37.41:053][998]LogModuleManager: Shutting down and abandoning module Engine (14)
[2018.11.29-20.37.41:053][998]LogModuleManager: Shutting down and abandoning module CoreUObject (12)
[2018.11.29-20.37.41:053][998]LogModuleManager: Shutting down and abandoning module NetworkFile (10)
[2018.11.29-20.37.41:066][998]LogModuleManager: Shutting down and abandoning module CookedIterativeFile (8)
[2018.11.29-20.37.41:066][998]LogModuleManager: Shutting down and abandoning module StreamingFile (6)
[2018.11.29-20.37.41:075][998]LogModuleManager: Shutting down and abandoning module SandboxFile (4)
[2018.11.29-20.37.41:075][998]LogModuleManager: Shutting down and abandoning module PakFile (2)
[2018.11.29-20.37.41:102][998]LogExit: Exiting.
[2018.11.29-20.37.41:115][998]Log file closed, 11/29/18 21:37:41
